Unity Editor version:    2020.3.25f1 (9b9180224418)
Branch:                  2020.3/staging
Build type:              Release
Batch mode:              YES
macOS version:           Version 11.6.1 (Build 20G224)
Darwin version:          20.6.0
Architecture:            x86_64
Running under Rosetta:   YES
Available memory:        16384 MB
Using pre-set license
Pro License: NO

COMMAND LINE ARGUMENTS:
/Applications/Unity/Hub/Editor/2020.3.25f1/Unity.app/Contents/MacOS/Unity
-adb2
-batchMode
-noUpm
-name
AssetImportWorker0
-projectPath
/Users/jscott1/Documents/GitHub/BFiIE-Spring2022/Main World
-logFile
Logs/AssetImportWorker0.log
-srvPort
65252
Successfully changed project path to: /Users/jscott1/Documents/GitHub/BFiIE-Spring2022/Main World
/Users/jscott1/Documents/GitHub/BFiIE-Spring2022/Main World
Using Asset Import Pipeline V2.
Refreshing native plugins compatible for Editor in 171.78 ms, found 4 plugins.
Preloading 1 native plugins for Editor in 35.71 ms.
Initialize engine version: 2020.3.25f1 (9b9180224418)
[Subsystems] Discovering subsystems at path /Applications/Unity/Hub/Editor/2020.3.25f1/Unity.app/Contents/Resources/UnitySubsystems
[Subsystems] Discovering subsystems at path /Users/jscott1/Documents/GitHub/BFiIE-Spring2022/Main World/Assets
GfxDevice: creating device client; threaded=0
2022-04-03 08:31:27.138 Unity[17309:9822167] (null) preferred device: Apple M1 (high power)
2022-04-03 08:31:27.139 Unity[17309:9822167] Metal devices available: 1
2022-04-03 08:31:27.139 Unity[17309:9822167] 0: Apple M1 (high power)
2022-04-03 08:31:27.139 Unity[17309:9822167] Using device Apple M1 (high power)
Initializing Metal device caps: Apple M1
Initialize mono
Mono path[0] = '/Applications/Unity/Hub/Editor/2020.3.25f1/Unity.app/Contents/Managed'
Mono path[1] = '/Applications/Unity/Hub/Editor/2020.3.25f1/Unity.app/Contents/MonoBleedingEdge/lib/mono/unityjit'
Mono config path = '/Applications/Unity/Hub/Editor/2020.3.25f1/Unity.app/Contents/MonoBleedingEdge/etc'
Using monoOptions --debugger-agent=transport=dt_socket,embedding=1,server=y,suspend=n,address=127.0.0.1:56309
Begin MonoManager ReloadAssembly
Registering precompiled unity dll's ...
Register platform support module: /Applications/Unity/Hub/Editor/2020.3.25f1/PlaybackEngines/WebGLSupport/UnityEditor.WebGL.Extensions.dll
Register platform support module: /Applications/Unity/Hub/Editor/2020.3.25f1/Unity.app/Contents/PlaybackEngines/MacStandaloneSupport/UnityEditor.OSXStandalone.Extensions.dll
Registered in 0.002201 seconds.
Native extension for OSXStandalone target not found
Native extension for WebGL target not found
Refreshing native plugins compatible for Editor in 100.46 ms, found 4 plugins.
Preloading 1 native plugins for Editor in 0.53 ms.
Mono: successfully reloaded assembly
- Completed reload, in  2.161 seconds
Domain Reload Profiling:
	ReloadAssembly (2161ms)
		BeginReloadAssembly (85ms)
			ExecutionOrderSort (0ms)
			DisableScriptedObjects (0ms)
			BackupInstance (0ms)
			ReleaseScriptingObjects (0ms)
			CreateAndSetChildDomain (3ms)
		EndReloadAssembly (1943ms)
			LoadAssemblies (82ms)
			RebuildTransferFunctionScriptingTraits (0ms)
			SetupTypeCache (211ms)
			ReleaseScriptCaches (0ms)
			RebuildScriptCaches (59ms)
			SetupLoadedEditorAssemblies (1155ms)
				LogAssemblyErrors (0ms)
				InitializePlatformSupportModulesInManaged (39ms)
				SetLoadedEditorAssemblies (1ms)
				RefreshPlugins (101ms)
				BeforeProcessingInitializeOnLoad (151ms)
				ProcessInitializeOnLoadAttributes (697ms)
				ProcessInitializeOnLoadMethodAttributes (158ms)
				AfterProcessingInitializeOnLoad (0ms)
				EditorAssembliesLoaded (8ms)
			ExecutionOrderSort2 (0ms)
			AwakeInstancesAfterBackupRestoration (0ms)
Platform modules already initialized, skipping
Registering precompiled user dll's ...
Registered in 0.008461 seconds.
Begin MonoManager ReloadAssembly
Native extension for OSXStandalone target not found
Native extension for WebGL target not found
Refreshing native plugins compatible for Editor in 80.65 ms, found 4 plugins.
Preloading 1 native plugins for Editor in 0.88 ms.
Mono: successfully reloaded assembly
- Completed reload, in  4.771 seconds
Domain Reload Profiling:
	ReloadAssembly (4773ms)
		BeginReloadAssembly (304ms)
			ExecutionOrderSort (0ms)
			DisableScriptedObjects (34ms)
			BackupInstance (0ms)
			ReleaseScriptingObjects (0ms)
			CreateAndSetChildDomain (48ms)
		EndReloadAssembly (4225ms)
			LoadAssemblies (570ms)
			RebuildTransferFunctionScriptingTraits (0ms)
			SetupTypeCache (586ms)
			ReleaseScriptCaches (7ms)
			RebuildScriptCaches (97ms)
			SetupLoadedEditorAssemblies (2473ms)
				LogAssemblyErrors (0ms)
				InitializePlatformSupportModulesInManaged (15ms)
				SetLoadedEditorAssemblies (0ms)
				RefreshPlugins (82ms)
				BeforeProcessingInitializeOnLoad (286ms)
				ProcessInitializeOnLoadAttributes (2043ms)
				ProcessInitializeOnLoadMethodAttributes (45ms)
				AfterProcessingInitializeOnLoad (1ms)
				EditorAssembliesLoaded (0ms)
			ExecutionOrderSort2 (0ms)
			AwakeInstancesAfterBackupRestoration (44ms)
Platform modules already initialized, skipping
Validating Project structure ... 0.007778 seconds.
Shader import version has changed; will reimport all shaders...
Upgrading shader files ...0.034069 seconds.
Application.AssetDatabase Initial Script Refresh Start
RefreshInfo: InitialScriptRefreshV2(NoUpdateAssetOptions) scanfilter:  ... 1 filters
RefreshProfiler: Total: 0.000ms
Application.AssetDatabase Initial Script Refresh End
Application.AssetDatabase.Refresh Start
Application.AssetDatabase.Refresh End
RefreshInfo: StopAssetImportingV2(ForceSynchronousImport) scanfilter: 
RefreshProfiler: Total: 0.000ms
Launching external process: /Applications/Unity/Hub/Editor/2020.3.25f1/Unity.app/Contents/Tools/UnityShaderCompiler
Launched and connected shader compiler UnityShaderCompiler after 0.04 seconds
Initializing Unity extensions:
========================================================================
Worker process is ready to serve import requests
Refreshing native plugins compatible for Editor in 0.91 ms, found 4 plugins.
Preloading 1 native plugins for Editor in 0.50 ms.
Unloading 4042 Unused Serialized files (Serialized files now loaded: 0)
System memory in use before: 318.5 MB.
System memory in use after: 316.6 MB.

Unloading 256 unused Assets to reduce memory usage. Loaded Objects now: 4549.
Total: 6.246000 ms (FindLiveObjects: 0.316917 ms CreateObjectMapping: 0.125334 ms MarkObjects: 4.750250 ms  DeleteObjects: 1.051958 ms)

AssetImportParameters requested are different than current active one (requested -> active):
  custom:video-decoder-ogg-theora: a1e56fd34408186e4bbccfd4996cb3dc -> 
  custom:container-muxer-webm: aa71ff27fc2769a1b78a27578f13a17b -> 
  custom:container-demuxer-webm: 4f35f7cbe854078d1ac9338744f61a02 -> 
  custom:container-demuxer-ogg: 62fdf1f143b41e24485cea50d1cbac27 -> 
  custom:video-encoder-webm-vp8: eb34c28f22e8b96e1ab97ce403110664 -> 
  custom:framework-osx-AVFoundation: e770b220cccbd017edd2c1fefb359320 -> 
  custom:video-decoder-webm-vp8: 9c59270c3fd7afecdb556c50c9e8de78 -> 
  custom:audio-decoder-ogg-vorbis: bf7c407c2cedff20999df2af8eb42d56 -> 
  custom:audio-encoder-webm-vorbis: bf7c407c2cedff20999df2af8eb42d56 -> 
========================================================================
Received Import Request.
  path: Assets/hilly_terrain_01_4k.hdr
  artifactKey: Guid(b44c807c45a69c849be0c2f37bae4179) Importer(815301076,1909f56bfc062723c751e8b465ee728b)
Start importing Assets/hilly_terrain_01_4k.hdr using Guid(b44c807c45a69c849be0c2f37bae4179) Importer(815301076,1909f56bfc062723c751e8b465ee728b)  -> (artifact id: 'a8d0734f5cb61eb2de9c3bbd4afdc067') in 1.036389 seconds 
  Import took 1.050677 seconds .

========================================================================
Received Import Request.
  Time since last request: 388.289196 seconds.
  path: Assets/Settings/ForwardRenderer.asset
  artifactKey: Guid(4a8e21d5c33334b11b34a596161b9360) Importer(815301076,1909f56bfc062723c751e8b465ee728b)
Start importing Assets/Settings/ForwardRenderer.asset using Guid(4a8e21d5c33334b11b34a596161b9360) Importer(815301076,1909f56bfc062723c751e8b465ee728b)  -> (artifact id: 'fd4bee02f0291389c3517910503f4b22') in 0.779238 seconds 
  Import took 0.825141 seconds .

========================================================================
Received Import Request.
  Time since last request: 0.000517 seconds.
  path: Assets/Settings/SampleSceneProfile.asset
  artifactKey: Guid(10fc4df2da32a41aaa32d77bc913491c) Importer(815301076,1909f56bfc062723c751e8b465ee728b)
Start importing Assets/Settings/SampleSceneProfile.asset using Guid(10fc4df2da32a41aaa32d77bc913491c) Importer(815301076,1909f56bfc062723c751e8b465ee728b)  -> (artifact id: 'd2b3f476ab718b1cf20d183dd9addfe7') in 0.045510 seconds 
  Import took 0.051101 seconds .

========================================================================
Received Import Request.
  Time since last request: 0.000296 seconds.
  path: Assets/Settings/UniversalRP-LowQuality.asset
  artifactKey: Guid(a31e9f9f9c9d4b9429ed0d1234e22103) Importer(815301076,1909f56bfc062723c751e8b465ee728b)
Start importing Assets/Settings/UniversalRP-LowQuality.asset using Guid(a31e9f9f9c9d4b9429ed0d1234e22103) Importer(815301076,1909f56bfc062723c751e8b465ee728b)  -> (artifact id: 'b226a0bb157262eadf686f6bb5b5f1f8') in 0.003265 seconds 
  Import took 0.009131 seconds .

========================================================================
Received Import Request.
  Time since last request: 0.000321 seconds.
  path: Assets/Settings/UniversalRP-MediumQuality.asset
  artifactKey: Guid(d847b876476d3d6468f5dfcd34266f96) Importer(815301076,1909f56bfc062723c751e8b465ee728b)
Start importing Assets/Settings/UniversalRP-MediumQuality.asset using Guid(d847b876476d3d6468f5dfcd34266f96) Importer(815301076,1909f56bfc062723c751e8b465ee728b)  -> (artifact id: 'd421f548a6507a11f25ec3578746e9c1') in 0.002759 seconds 
  Import took 0.008250 seconds .

========================================================================
Received Import Request.
  Time since last request: 0.000256 seconds.
  path: Assets/Settings/UniversalRP-HighQuality.asset
  artifactKey: Guid(19ba41d7c0026c3459d37c2fe90c55a0) Importer(815301076,1909f56bfc062723c751e8b465ee728b)
Start importing Assets/Settings/UniversalRP-HighQuality.asset using Guid(19ba41d7c0026c3459d37c2fe90c55a0) Importer(815301076,1909f56bfc062723c751e8b465ee728b)  -> (artifact id: '02e18c1f933b70f494440bf5e7626866') in 0.002995 seconds 
  Import took 0.008297 seconds .

========================================================================
Received Prepare
Switching render pipeline 19ba41d7c0026c3459d37c2fe90c55a0 -> a31e9f9f9c9d4b9429ed0d1234e22103
Refreshing native plugins compatible for Editor in 28.48 ms, found 4 plugins.
Preloading 1 native plugins for Editor in 1.39 ms.
Unloading 33 Unused Serialized files (Serialized files now loaded: 0)
System memory in use before: 232.4 MB.
System memory in use after: 232.5 MB.

Unloading 30 unused Assets to reduce memory usage. Loaded Objects now: 4583.
Total: 12.308500 ms (FindLiveObjects: 0.432208 ms CreateObjectMapping: 0.221042 ms MarkObjects: 11.517416 ms  DeleteObjects: 0.136583 ms)

AssetImportParameters requested are different than current active one (requested -> active):
  custom:video-decoder-ogg-theora: a1e56fd34408186e4bbccfd4996cb3dc -> 
  custom:container-muxer-webm: aa71ff27fc2769a1b78a27578f13a17b -> 
  custom:container-demuxer-webm: 4f35f7cbe854078d1ac9338744f61a02 -> 
  custom:container-demuxer-ogg: 62fdf1f143b41e24485cea50d1cbac27 -> 
  custom:video-encoder-webm-vp8: eb34c28f22e8b96e1ab97ce403110664 -> 
  custom:framework-osx-AVFoundation: e770b220cccbd017edd2c1fefb359320 -> 
  custom:video-decoder-webm-vp8: 9c59270c3fd7afecdb556c50c9e8de78 -> 
  custom:audio-decoder-ogg-vorbis: bf7c407c2cedff20999df2af8eb42d56 -> 
  custom:audio-encoder-webm-vorbis: bf7c407c2cedff20999df2af8eb42d56 -> 
========================================================================
Received Import Request.
  Time since last request: 261.627603 seconds.
  path: Assets/Settings/SampleSceneProfile.asset
  artifactKey: Guid(10fc4df2da32a41aaa32d77bc913491c) Importer(815301076,1909f56bfc062723c751e8b465ee728b)
Start importing Assets/Settings/SampleSceneProfile.asset using Guid(10fc4df2da32a41aaa32d77bc913491c) Importer(815301076,1909f56bfc062723c751e8b465ee728b)  -> (artifact id: '0dfb4914a1aa98995545a3d51c954500') in 0.006414 seconds 
  Import took 0.012692 seconds .

========================================================================
Received Import Request.
  Time since last request: 0.000359 seconds.
  path: Assets/Settings/TestShaderVariants.shadervariants
  artifactKey: Guid(e1f60bcfa1fb54450b52b5ad00863b0f) Importer(815301076,1909f56bfc062723c751e8b465ee728b)
Start importing Assets/Settings/TestShaderVariants.shadervariants using Guid(e1f60bcfa1fb54450b52b5ad00863b0f) Importer(815301076,1909f56bfc062723c751e8b465ee728b)  -> (artifact id: 'f57ac5ab05543e6d0e6a0b0cfbe6d646') in 0.329310 seconds 
  Import took 0.339191 seconds .

========================================================================
Received Import Request.
  Time since last request: 0.000196 seconds.
  path: Assets/Settings/UniversalRP-LowQuality.asset
  artifactKey: Guid(a31e9f9f9c9d4b9429ed0d1234e22103) Importer(815301076,1909f56bfc062723c751e8b465ee728b)
Start importing Assets/Settings/UniversalRP-LowQuality.asset using Guid(a31e9f9f9c9d4b9429ed0d1234e22103) Importer(815301076,1909f56bfc062723c751e8b465ee728b)  -> (artifact id: '177cecf847260b11228d82849888d535') in 0.001819 seconds 
  Import took 0.008205 seconds .

========================================================================
Received Import Request.
  Time since last request: 0.000232 seconds.
  path: Assets/Settings/UniversalRP-MediumQuality.asset
  artifactKey: Guid(d847b876476d3d6468f5dfcd34266f96) Importer(815301076,1909f56bfc062723c751e8b465ee728b)
Start importing Assets/Settings/UniversalRP-MediumQuality.asset using Guid(d847b876476d3d6468f5dfcd34266f96) Importer(815301076,1909f56bfc062723c751e8b465ee728b)  -> (artifact id: '3c67b3ac4920900e9c33f6c37bd99839') in 0.002051 seconds 
  Import took 0.008817 seconds .

========================================================================
Received Import Request.
  Time since last request: 0.000398 seconds.
  path: Assets/Settings/UniversalRP-HighQuality.asset
  artifactKey: Guid(19ba41d7c0026c3459d37c2fe90c55a0) Importer(815301076,1909f56bfc062723c751e8b465ee728b)
Start importing Assets/Settings/UniversalRP-HighQuality.asset using Guid(19ba41d7c0026c3459d37c2fe90c55a0) Importer(815301076,1909f56bfc062723c751e8b465ee728b)  -> (artifact id: 'c9702f8ecea003e1b7288aae704f188d') in 0.002276 seconds 
  Import took 0.008555 seconds .

========================================================================
Received Import Request.
  Time since last request: 0.000247 seconds.
  path: Assets/Settings/ForwardRenderer.asset
  artifactKey: Guid(4a8e21d5c33334b11b34a596161b9360) Importer(815301076,1909f56bfc062723c751e8b465ee728b)
Start importing Assets/Settings/ForwardRenderer.asset using Guid(4a8e21d5c33334b11b34a596161b9360) Importer(815301076,1909f56bfc062723c751e8b465ee728b)  -> (artifact id: '2807e69f866dd67ed2ab5385a03bd32f') in 0.002306 seconds 
  Import took 0.009194 seconds .

========================================================================
Received Prepare
Switching render pipeline 19ba41d7c0026c3459d37c2fe90c55a0 -> 00000000000000000000000000000000
Refreshing native plugins compatible for Editor in 9.65 ms, found 4 plugins.
Preloading 1 native plugins for Editor in 0.99 ms.
Unloading 32 Unused Serialized files (Serialized files now loaded: 0)
System memory in use before: 235.2 MB.
System memory in use after: 235.4 MB.

Unloading 30 unused Assets to reduce memory usage. Loaded Objects now: 4585.
Total: 13.921083 ms (FindLiveObjects: 0.480834 ms CreateObjectMapping: 0.107625 ms MarkObjects: 12.750667 ms  DeleteObjects: 0.580666 ms)

AssetImportParameters requested are different than current active one (requested -> active):
  custom:video-decoder-ogg-theora: a1e56fd34408186e4bbccfd4996cb3dc -> 
  custom:container-muxer-webm: aa71ff27fc2769a1b78a27578f13a17b -> 
  custom:container-demuxer-webm: 4f35f7cbe854078d1ac9338744f61a02 -> 
  custom:container-demuxer-ogg: 62fdf1f143b41e24485cea50d1cbac27 -> 
  custom:video-encoder-webm-vp8: eb34c28f22e8b96e1ab97ce403110664 -> 
  custom:framework-osx-AVFoundation: e770b220cccbd017edd2c1fefb359320 -> 
  custom:video-decoder-webm-vp8: 9c59270c3fd7afecdb556c50c9e8de78 -> 
  custom:audio-decoder-ogg-vorbis: bf7c407c2cedff20999df2af8eb42d56 -> 
  custom:audio-encoder-webm-vorbis: bf7c407c2cedff20999df2af8eb42d56 -> 
========================================================================
Received Import Request.
  Time since last request: 206.219009 seconds.
  path: Assets/Settings/UniversalRP-HighQuality.asset
  artifactKey: Guid(19ba41d7c0026c3459d37c2fe90c55a0) Importer(815301076,1909f56bfc062723c751e8b465ee728b)
Start importing Assets/Settings/UniversalRP-HighQuality.asset using Guid(19ba41d7c0026c3459d37c2fe90c55a0) Importer(815301076,1909f56bfc062723c751e8b465ee728b)  -> (artifact id: 'b3ade1c72519ec036a0260d70de67eec') in 0.016005 seconds 
  Import took 0.046161 seconds .

========================================================================
Received Import Request.
  Time since last request: 0.000308 seconds.
  path: Assets/Settings/UniversalRP-LowQuality.asset
  artifactKey: Guid(a31e9f9f9c9d4b9429ed0d1234e22103) Importer(815301076,1909f56bfc062723c751e8b465ee728b)
Start importing Assets/Settings/UniversalRP-LowQuality.asset using Guid(a31e9f9f9c9d4b9429ed0d1234e22103) Importer(815301076,1909f56bfc062723c751e8b465ee728b)  -> (artifact id: 'f149f1c85a2f6ef1a90a6770793cfe99') in 0.003119 seconds 
  Import took 0.009453 seconds .

========================================================================
Received Import Request.
  Time since last request: 0.000323 seconds.
  path: Assets/Settings/UniversalRP-MediumQuality.asset
  artifactKey: Guid(d847b876476d3d6468f5dfcd34266f96) Importer(815301076,1909f56bfc062723c751e8b465ee728b)
Start importing Assets/Settings/UniversalRP-MediumQuality.asset using Guid(d847b876476d3d6468f5dfcd34266f96) Importer(815301076,1909f56bfc062723c751e8b465ee728b)  -> (artifact id: '3da9edf6e218646a91afe1e469b0be2f') in 0.007044 seconds 
  Import took 0.015360 seconds .

========================================================================
Received Import Request.
  Time since last request: 0.307803 seconds.
  path: Assets/Settings/ForwardRenderer.asset
  artifactKey: Guid(4a8e21d5c33334b11b34a596161b9360) Importer(815301076,1909f56bfc062723c751e8b465ee728b)
Start importing Assets/Settings/ForwardRenderer.asset using Guid(4a8e21d5c33334b11b34a596161b9360) Importer(815301076,1909f56bfc062723c751e8b465ee728b)  -> (artifact id: '6ba6971f334922c3f1b8a45a124b9d62') in 0.005859 seconds 
  Import took 0.015577 seconds .

========================================================================
Received Import Request.
  Time since last request: 0.000353 seconds.
  path: Assets/Settings/SampleSceneProfile.asset
  artifactKey: Guid(10fc4df2da32a41aaa32d77bc913491c) Importer(815301076,1909f56bfc062723c751e8b465ee728b)
Start importing Assets/Settings/SampleSceneProfile.asset using Guid(10fc4df2da32a41aaa32d77bc913491c) Importer(815301076,1909f56bfc062723c751e8b465ee728b)  -> (artifact id: '6c116791a499605c15c35490b373755d') in 0.004370 seconds 
  Import took 0.014995 seconds .

========================================================================
Received Import Request.
  Time since last request: 0.000287 seconds.
  path: Assets/Settings/TestShaderVariants.shadervariants
  artifactKey: Guid(e1f60bcfa1fb54450b52b5ad00863b0f) Importer(815301076,1909f56bfc062723c751e8b465ee728b)
Start importing Assets/Settings/TestShaderVariants.shadervariants using Guid(e1f60bcfa1fb54450b52b5ad00863b0f) Importer(815301076,1909f56bfc062723c751e8b465ee728b)  -> (artifact id: '65ee663ca3490ea879e612eb0f6c5d5b') in 0.016543 seconds 
  Import took 0.025138 seconds .

========================================================================
Received Import Request.
  Time since last request: 631.258311 seconds.
  path: Assets/FantasyHavenAssets/LowPoly Alien - Environment 04 - GLOWING/_Materials/Mushroom_02_Inside.mat
  artifactKey: Guid(10b2c6882a7f6d36a950e534521a2202) Importer(815301076,1909f56bfc062723c751e8b465ee728b)
Start importing Assets/FantasyHavenAssets/LowPoly Alien - Environment 04 - GLOWING/_Materials/Mushroom_02_Inside.mat using Guid(10b2c6882a7f6d36a950e534521a2202) Importer(815301076,1909f56bfc062723c751e8b465ee728b)  -> (artifact id: '7b138a8fc1e8118ffe30bdd3cd7372ec') in 0.827405 seconds 
  Import took 0.866331 seconds .

========================================================================
Received Import Request.
  Time since last request: 0.000336 seconds.
  path: Assets/FantasyHavenAssets/LowPoly Alien - Environment 04 - GLOWING/_Materials/Stone_03.mat
  artifactKey: Guid(3031e0df450808f9dbbf9caef3ff38be) Importer(815301076,1909f56bfc062723c751e8b465ee728b)
Start importing Assets/FantasyHavenAssets/LowPoly Alien - Environment 04 - GLOWING/_Materials/Stone_03.mat using Guid(3031e0df450808f9dbbf9caef3ff38be) Importer(815301076,1909f56bfc062723c751e8b465ee728b)  -> (artifact id: 'e65774dbae5e58f21bdf3a084515f645') in 0.013608 seconds 
  Import took 0.020938 seconds .

========================================================================
Received Import Request.
  Time since last request: 0.000375 seconds.
  path: Assets/FantasyHavenAssets/LowPoly Alien - Environment 04 - GLOWING/_Materials/Plant_11_Ring.mat
  artifactKey: Guid(1a80791c90c9175e0a413bc58e152d76) Importer(815301076,1909f56bfc062723c751e8b465ee728b)
Start importing Assets/FantasyHavenAssets/LowPoly Alien - Environment 04 - GLOWING/_Materials/Plant_11_Ring.mat using Guid(1a80791c90c9175e0a413bc58e152d76) Importer(815301076,1909f56bfc062723c751e8b465ee728b)  -> (artifact id: '1d547396dc10359ff7b2aa4b39c56cc6') in 0.011486 seconds 
  Import took 0.017150 seconds .

========================================================================
Received Import Request.
  Time since last request: 0.000280 seconds.
  path: Assets/FantasyHavenAssets/LowPoly Alien - Environment 04 - GLOWING/_Materials/Tree_10_Flower_Inside.mat
  artifactKey: Guid(4945e315394aa233795d45fea8e39b12) Importer(815301076,1909f56bfc062723c751e8b465ee728b)
Start importing Assets/FantasyHavenAssets/LowPoly Alien - Environment 04 - GLOWING/_Materials/Tree_10_Flower_Inside.mat using Guid(4945e315394aa233795d45fea8e39b12) Importer(815301076,1909f56bfc062723c751e8b465ee728b)  -> (artifact id: 'a0db0c966ca650ddcf028097f35a908c') in 0.029903 seconds 
  Import took 0.036191 seconds .

========================================================================
Received Import Request.
  Time since last request: 0.000637 seconds.
  path: Assets/FantasyHavenAssets/LowPoly Alien - Environment 04 - GLOWING/_Materials/Mushroom_02_Points_Glowing.mat
  artifactKey: Guid(a41a815bc9acc87469f4726ce1c2d899) Importer(815301076,1909f56bfc062723c751e8b465ee728b)
Start importing Assets/FantasyHavenAssets/LowPoly Alien - Environment 04 - GLOWING/_Materials/Mushroom_02_Points_Glowing.mat using Guid(a41a815bc9acc87469f4726ce1c2d899) Importer(815301076,1909f56bfc062723c751e8b465ee728b)  -> (artifact id: '9a7816eb0cadd108dd4832f7a6a8e856') in 0.078791 seconds 
  Import took 0.084062 seconds .

========================================================================
Received Import Request.
  Time since last request: 0.000209 seconds.
  path: Assets/FantasyHavenAssets/LowPoly Alien - Environment 04 - GLOWING/_Materials/Tree_09_Stem_Ring.mat
  artifactKey: Guid(fb1973a20c9f2371f82a908d4ceb17a8) Importer(815301076,1909f56bfc062723c751e8b465ee728b)
Start importing Assets/FantasyHavenAssets/LowPoly Alien - Environment 04 - GLOWING/_Materials/Tree_09_Stem_Ring.mat using Guid(fb1973a20c9f2371f82a908d4ceb17a8) Importer(815301076,1909f56bfc062723c751e8b465ee728b)  -> (artifact id: '9a8145af5df3587b56119411df343658') in 0.024001 seconds 
  Import took 0.030190 seconds .

========================================================================
Received Import Request.
  Time since last request: 0.000283 seconds.
  path: Assets/FantasyHavenAssets/LowPoly Alien - Environment 04 - GLOWING/_Materials/Plant_12_Point_2_Glowing.mat
  artifactKey: Guid(25a9849ae71718ba28fb9269f6133076) Importer(815301076,1909f56bfc062723c751e8b465ee728b)
Start importing Assets/FantasyHavenAssets/LowPoly Alien - Environment 04 - GLOWING/_Materials/Plant_12_Point_2_Glowing.mat using Guid(25a9849ae71718ba28fb9269f6133076) Importer(815301076,1909f56bfc062723c751e8b465ee728b)  -> (artifact id: 'ee8b58c4c20f5ad16ddf85af372d37ef') in 0.017545 seconds 
  Import took 0.023649 seconds .

========================================================================
Received Import Request.
  Time since last request: 0.000184 seconds.
  path: Assets/FantasyHavenAssets/LowPoly Alien - Environment 04 - GLOWING/_Materials/Plant_12_Flower.mat
  artifactKey: Guid(1107f89cd6bb5b6c1b405c93de54e2fd) Importer(815301076,1909f56bfc062723c751e8b465ee728b)
Start importing Assets/FantasyHavenAssets/LowPoly Alien - Environment 04 - GLOWING/_Materials/Plant_12_Flower.mat using Guid(1107f89cd6bb5b6c1b405c93de54e2fd) Importer(815301076,1909f56bfc062723c751e8b465ee728b)  -> (artifact id: '7e10d8c4d4c3cbf1875f97c30cb076d9') in 0.011982 seconds 
  Import took 0.018250 seconds .

========================================================================
Received Import Request.
  Time since last request: 0.000247 seconds.
  path: Assets/FantasyHavenAssets/LowPoly Alien - Environment 04 - GLOWING/_Materials/Mushroom_03_Stem.mat
  artifactKey: Guid(61301a7604d0654d7ba779c84770a047) Importer(815301076,1909f56bfc062723c751e8b465ee728b)
Start importing Assets/FantasyHavenAssets/LowPoly Alien - Environment 04 - GLOWING/_Materials/Mushroom_03_Stem.mat using Guid(61301a7604d0654d7ba779c84770a047) Importer(815301076,1909f56bfc062723c751e8b465ee728b)  -> (artifact id: '0769b4a5c0f56be41426f2d73df59e7a') in 0.010908 seconds 
  Import took 0.016668 seconds .

========================================================================
Received Import Request.
  Time since last request: 0.000183 seconds.
  path: Assets/FantasyHavenAssets/LowPoly Alien - Environment 04 - GLOWING/_Materials/Mushroom_02_Stem.mat
  artifactKey: Guid(d6814ab4fa9d95f4b9b33671da0a345e) Importer(815301076,1909f56bfc062723c751e8b465ee728b)
Start importing Assets/FantasyHavenAssets/LowPoly Alien - Environment 04 - GLOWING/_Materials/Mushroom_02_Stem.mat using Guid(d6814ab4fa9d95f4b9b33671da0a345e) Importer(815301076,1909f56bfc062723c751e8b465ee728b)  -> (artifact id: '140f39f5a588375a08f1c304de5b991f') in 0.010164 seconds 
  Import took 0.015391 seconds .

========================================================================
Received Import Request.
  Time since last request: 0.000195 seconds.
  path: Assets/FantasyHavenAssets/LowPoly Alien - Environment 04 - GLOWING/_Materials/Plant_12_Point_6_Glowing.mat
  artifactKey: Guid(82a01a8940a2f9225a36c9788e5e5f49) Importer(815301076,1909f56bfc062723c751e8b465ee728b)
Start importing Assets/FantasyHavenAssets/LowPoly Alien - Environment 04 - GLOWING/_Materials/Plant_12_Point_6_Glowing.mat using Guid(82a01a8940a2f9225a36c9788e5e5f49) Importer(815301076,1909f56bfc062723c751e8b465ee728b)  -> (artifact id: '83250100ecd8d73604446e40ccfc3d9e') in 0.010564 seconds 
  Import took 0.017014 seconds .

========================================================================
Received Import Request.
  Time since last request: 0.000306 seconds.
  path: Assets/FantasyHavenAssets/LowPoly Alien - Environment 04 - GLOWING/_Materials/Tree_09_Spheres_Glowing.mat
  artifactKey: Guid(52ade61a2d96bca8e9f09eefad3a49cd) Importer(815301076,1909f56bfc062723c751e8b465ee728b)
Start importing Assets/FantasyHavenAssets/LowPoly Alien - Environment 04 - GLOWING/_Materials/Tree_09_Spheres_Glowing.mat using Guid(52ade61a2d96bca8e9f09eefad3a49cd) Importer(815301076,1909f56bfc062723c751e8b465ee728b)  -> (artifact id: '41323449185ec8ff223ea9083770ce11') in 0.014396 seconds 
  Import took 0.020628 seconds .

========================================================================
Received Import Request.
  Time since last request: 0.000216 seconds.
  path: Assets/FantasyHavenAssets/LowPoly Alien - Environment 04 - GLOWING/_Materials/Plant_12_Fruit.mat
  artifactKey: Guid(fca48643f541fb99c8bc09f83ba07228) Importer(815301076,1909f56bfc062723c751e8b465ee728b)
Start importing Assets/FantasyHavenAssets/LowPoly Alien - Environment 04 - GLOWING/_Materials/Plant_12_Fruit.mat using Guid(fca48643f541fb99c8bc09f83ba07228) Importer(815301076,1909f56bfc062723c751e8b465ee728b)  -> (artifact id: 'c1272d788bc438299a70c5427778975e') in 0.010265 seconds 
  Import took 0.014898 seconds .

========================================================================
Received Import Request.
  Time since last request: 0.000285 seconds.
  path: Assets/FantasyHavenAssets/LowPoly Alien - Environment 04 - GLOWING/_Postprocessing/Glow Profile.asset
  artifactKey: Guid(800b44b21e9be43e9b8e45bddab6fce8) Importer(815301076,1909f56bfc062723c751e8b465ee728b)
Start importing Assets/FantasyHavenAssets/LowPoly Alien - Environment 04 - GLOWING/_Postprocessing/Glow Profile.asset using Guid(800b44b21e9be43e9b8e45bddab6fce8) Importer(815301076,1909f56bfc062723c751e8b465ee728b)  -> (artifact id: 'ca091d7e11b98f516889c3b33c4b81e1') in 0.024701 seconds 
  Import took 0.030594 seconds .

========================================================================
Received Import Request.
  Time since last request: 0.000346 seconds.
  path: Assets/FantasyHavenAssets/LowPoly Alien - Environment 04 - GLOWING/_Materials/Tree_09_Cap_Upside.mat
  artifactKey: Guid(2986ed8cb17077acc9d2292016083e6c) Importer(815301076,1909f56bfc062723c751e8b465ee728b)
Start importing Assets/FantasyHavenAssets/LowPoly Alien - Environment 04 - GLOWING/_Materials/Tree_09_Cap_Upside.mat using Guid(2986ed8cb17077acc9d2292016083e6c) Importer(815301076,1909f56bfc062723c751e8b465ee728b)  -> (artifact id: 'a5f38450d9871ca6114d27423a224f9a') in 0.010499 seconds 
  Import took 0.017601 seconds .

========================================================================
Received Import Request.
  Time since last request: 0.000179 seconds.
  path: Assets/FantasyHavenAssets/LowPoly Alien - Environment 04 - GLOWING/_Materials/Mushroom_02_Outside.mat
  artifactKey: Guid(9a1b0dffd54f86a91b58aa607fd83286) Importer(815301076,1909f56bfc062723c751e8b465ee728b)
Start importing Assets/FantasyHavenAssets/LowPoly Alien - Environment 04 - GLOWING/_Materials/Mushroom_02_Outside.mat using Guid(9a1b0dffd54f86a91b58aa607fd83286) Importer(815301076,1909f56bfc062723c751e8b465ee728b)  -> (artifact id: '58b04207c443cee411d69554daea2461') in 0.010278 seconds 
  Import took 0.016017 seconds .

========================================================================
Received Import Request.
  Time since last request: 0.000465 seconds.
  path: Assets/FantasyHavenAssets/LowPoly Alien - Environment 04 - GLOWING/_Materials/Plant_12_Stamen.mat
  artifactKey: Guid(7bb78819136180782ad0e366c45cc4f2) Importer(815301076,1909f56bfc062723c751e8b465ee728b)
Start importing Assets/FantasyHavenAssets/LowPoly Alien - Environment 04 - GLOWING/_Materials/Plant_12_Stamen.mat using Guid(7bb78819136180782ad0e366c45cc4f2) Importer(815301076,1909f56bfc062723c751e8b465ee728b)  -> (artifact id: 'e8fd2cd87687e52148a43cde7b2ebb31') in 0.011824 seconds 
  Import took 0.017254 seconds .

========================================================================
Received Import Request.
  Time since last request: 0.000319 seconds.
  path: Assets/FantasyHavenAssets/LowPoly Alien - Environment 04 - GLOWING/_Materials/Tree_09_Cap.mat
  artifactKey: Guid(36c007409e76bd71ca6684e02861a307) Importer(815301076,1909f56bfc062723c751e8b465ee728b)
Start importing Assets/FantasyHavenAssets/LowPoly Alien - Environment 04 - GLOWING/_Materials/Tree_09_Cap.mat using Guid(36c007409e76bd71ca6684e02861a307) Importer(815301076,1909f56bfc062723c751e8b465ee728b)  -> (artifact id: '2256140f123a926abaeec1fb18d5b3d1') in 0.010117 seconds 
  Import took 0.015342 seconds .

========================================================================
Received Import Request.
  Time since last request: 0.000524 seconds.
  path: Assets/FantasyHavenAssets/LowPoly Alien - Environment 04 - GLOWING/_Materials/Tree_11_Ball_Glowing.mat
  artifactKey: Guid(70503777b0131961588aace39f64d572) Importer(815301076,1909f56bfc062723c751e8b465ee728b)
Start importing Assets/FantasyHavenAssets/LowPoly Alien - Environment 04 - GLOWING/_Materials/Tree_11_Ball_Glowing.mat using Guid(70503777b0131961588aace39f64d572) Importer(815301076,1909f56bfc062723c751e8b465ee728b)  -> (artifact id: 'dc7ecdc79c002deca439ea31a88b6906') in 0.285745 seconds 
  Import took 0.291567 seconds .

========================================================================
Received Import Request.
  Time since last request: 0.000418 seconds.
  path: Assets/FantasyHavenAssets/LowPoly Alien - Environment 04 - GLOWING/_Prefabs/Tree_09_Var_01.prefab
  artifactKey: Guid(8c8821e8b458be647b1fc667e5d6588e) Importer(815301076,1909f56bfc062723c751e8b465ee728b)
Start importing Assets/FantasyHavenAssets/LowPoly Alien - Environment 04 - GLOWING/_Prefabs/Tree_09_Var_01.prefab using Guid(8c8821e8b458be647b1fc667e5d6588e) Importer(815301076,1909f56bfc062723c751e8b465ee728b)  -> (artifact id: '7a576a6f473dd9f3085fe33c68543fa8') in 0.185564 seconds 
  Import took 0.194911 seconds .

========================================================================
Received Import Request.
  Time since last request: 0.000195 seconds.
  path: Assets/FantasyHavenAssets/LowPoly Alien - Environment 04 - GLOWING/_Prefabs/Mushroom_03_Var_02.prefab
  artifactKey: Guid(3a7edcd3dc756aec696a9892c7acfc78) Importer(815301076,1909f56bfc062723c751e8b465ee728b)
Start importing Assets/FantasyHavenAssets/LowPoly Alien - Environment 04 - GLOWING/_Prefabs/Mushroom_03_Var_02.prefab using Guid(3a7edcd3dc756aec696a9892c7acfc78) Importer(815301076,1909f56bfc062723c751e8b465ee728b)  -> (artifact id: '2f925b0fe23f6fd4f585d966482b494d') in 0.013970 seconds 
  Import took 0.020150 seconds .

========================================================================
Received Import Request.
  Time since last request: 0.000185 seconds.
  path: Assets/FantasyHavenAssets/LowPoly Alien - Environment 04 - GLOWING/_Prefabs/Stone_04_Var_04.prefab
  artifactKey: Guid(53f17534a071b098daaaf91aac05a231) Importer(815301076,1909f56bfc062723c751e8b465ee728b)
Start importing Assets/FantasyHavenAssets/LowPoly Alien - Environment 04 - GLOWING/_Prefabs/Stone_04_Var_04.prefab using Guid(53f17534a071b098daaaf91aac05a231) Importer(815301076,1909f56bfc062723c751e8b465ee728b)  -> (artifact id: '3b73b7a1ab36171ad45e4f6faab2ff91') in 0.008751 seconds 
  Import took 0.014685 seconds .

========================================================================
Received Import Request.
  Time since last request: 0.000358 seconds.
  path: Assets/FantasyHavenAssets/LowPoly Alien - Environment 04 - GLOWING/_Prefabs/Stone_03_Var_01.prefab
  artifactKey: Guid(83053eaa50ed689228be7979a42eabf2) Importer(815301076,1909f56bfc062723c751e8b465ee728b)
Start importing Assets/FantasyHavenAssets/LowPoly Alien - Environment 04 - GLOWING/_Prefabs/Stone_03_Var_01.prefab using Guid(83053eaa50ed689228be7979a42eabf2) Importer(815301076,1909f56bfc062723c751e8b465ee728b)  -> (artifact id: '0fc171dd3c1fd45609284ef7223efae2') in 0.010933 seconds 
  Import took 0.016879 seconds .

========================================================================
Received Import Request.
  Time since last request: 0.000274 seconds.
  path: Assets/FantasyHavenAssets/LowPoly Alien - Environment 04 - GLOWING/_Prefabs/Plant_12_Var_01.prefab
  artifactKey: Guid(47607e0f119b7a759b54a3ac7a8cd74e) Importer(815301076,1909f56bfc062723c751e8b465ee728b)
Start importing Assets/FantasyHavenAssets/LowPoly Alien - Environment 04 - GLOWING/_Prefabs/Plant_12_Var_01.prefab using Guid(47607e0f119b7a759b54a3ac7a8cd74e) Importer(815301076,1909f56bfc062723c751e8b465ee728b)  -> (artifact id: '49d256f852eecc0aa7ab9edb3f3306eb') in 0.013146 seconds 
  Import took 0.019515 seconds .

========================================================================
Received Import Request.
  Time since last request: 0.000324 seconds.
  path: Assets/FantasyHavenAssets/LowPoly Alien - Environment 04 - GLOWING/_Prefabs/Tree_09_Var_03.prefab
  artifactKey: Guid(05a8bc8f993b55cb8950a282c3af2e74) Importer(815301076,1909f56bfc062723c751e8b465ee728b)
Start importing Assets/FantasyHavenAssets/LowPoly Alien - Environment 04 - GLOWING/_Prefabs/Tree_09_Var_03.prefab using Guid(05a8bc8f993b55cb8950a282c3af2e74) Importer(815301076,1909f56bfc062723c751e8b465ee728b)  -> (artifact id: '352510c51778aa25f621cec3a7507fa5') in 0.008740 seconds 
  Import took 0.014956 seconds .

========================================================================
Received Import Request.
  Time since last request: 0.000247 seconds.
  path: Assets/FantasyHavenAssets/LowPoly Alien - Environment 04 - GLOWING/_Materials/Tree_11_Stem.mat
  artifactKey: Guid(9fca834d88af0238b91ab7f1b35bd5f3) Importer(815301076,1909f56bfc062723c751e8b465ee728b)
Start importing Assets/FantasyHavenAssets/LowPoly Alien - Environment 04 - GLOWING/_Materials/Tree_11_Stem.mat using Guid(9fca834d88af0238b91ab7f1b35bd5f3) Importer(815301076,1909f56bfc062723c751e8b465ee728b)  -> (artifact id: '72f88d7fd9818a552755a3f86414b91a') in 0.009251 seconds 
  Import took 0.014227 seconds .

========================================================================
Received Import Request.
  Time since last request: 0.000257 seconds.
  path: Assets/FantasyHavenAssets/LowPoly Alien - Environment 04 - GLOWING/_Prefabs/Mushroom_02_Var_03.prefab
  artifactKey: Guid(9f4c910e959570d958f9576f530edf40) Importer(815301076,1909f56bfc062723c751e8b465ee728b)
Start importing Assets/FantasyHavenAssets/LowPoly Alien - Environment 04 - GLOWING/_Prefabs/Mushroom_02_Var_03.prefab using Guid(9f4c910e959570d958f9576f530edf40) Importer(815301076,1909f56bfc062723c751e8b465ee728b)  -> (artifact id: '7687cb9392f539e89232e6a12da7d767') in 0.008513 seconds 
  Import took 0.013262 seconds .

========================================================================
Received Import Request.
  Time since last request: 0.000255 seconds.
  path: Assets/FantasyHavenAssets/LowPoly Alien - Environment 04 - GLOWING/_Prefabs/Mushroom_03_Var_05.prefab
  artifactKey: Guid(8be669a481a9f0147a01dca918e3ea7a) Importer(815301076,1909f56bfc062723c751e8b465ee728b)
Start importing Assets/FantasyHavenAssets/LowPoly Alien - Environment 04 - GLOWING/_Prefabs/Mushroom_03_Var_05.prefab using Guid(8be669a481a9f0147a01dca918e3ea7a) Importer(815301076,1909f56bfc062723c751e8b465ee728b)  -> (artifact id: '06264fc9b3e8ed7e751eb054271a6b41') in 0.008673 seconds 
  Import took 0.013583 seconds .

========================================================================
Received Import Request.
  Time since last request: 0.000279 seconds.
  path: Assets/FantasyHavenAssets/LowPoly Alien - Environment 04 - GLOWING/_Prefabs/Plant_12_Var_03.prefab
  artifactKey: Guid(d9435f0d495dbaa4d862a3b82357fc5b) Importer(815301076,1909f56bfc062723c751e8b465ee728b)
Start importing Assets/FantasyHavenAssets/LowPoly Alien - Environment 04 - GLOWING/_Prefabs/Plant_12_Var_03.prefab using Guid(d9435f0d495dbaa4d862a3b82357fc5b) Importer(815301076,1909f56bfc062723c751e8b465ee728b)  -> (artifact id: '28ad0c6da8a06ea2a2e7fb900c664823') in 0.009858 seconds 
  Import took 0.015303 seconds .

========================================================================
Received Import Request.
  Time since last request: 0.000275 seconds.
  path: Assets/FantasyHavenAssets/LowPoly Alien - Environment 04 - GLOWING/_Materials/Mushroom_03_Point_Glowing.mat
  artifactKey: Guid(6deb54bcb03b3c4a5b52e8ba663a5b9c) Importer(815301076,1909f56bfc062723c751e8b465ee728b)
Start importing Assets/FantasyHavenAssets/LowPoly Alien - Environment 04 - GLOWING/_Materials/Mushroom_03_Point_Glowing.mat using Guid(6deb54bcb03b3c4a5b52e8ba663a5b9c) Importer(815301076,1909f56bfc062723c751e8b465ee728b)  -> (artifact id: 'c42dd3f5db84a0b6c1ac215e57e3b6c6') in 0.008899 seconds 
  Import took 0.013785 seconds .

========================================================================
Received Import Request.
  Time since last request: 0.000289 seconds.
  path: Assets/FantasyHavenAssets/LowPoly Alien - Environment 04 - GLOWING/_Prefabs/Mushroom_02_Var_04.prefab
  artifactKey: Guid(ecb347397cc27a32ab1e8f9fbcf93366) Importer(815301076,1909f56bfc062723c751e8b465ee728b)
Start importing Assets/FantasyHavenAssets/LowPoly Alien - Environment 04 - GLOWING/_Prefabs/Mushroom_02_Var_04.prefab using Guid(ecb347397cc27a32ab1e8f9fbcf93366) Importer(815301076,1909f56bfc062723c751e8b465ee728b)  -> (artifact id: '720766d619c195683ceef2c5ee418c5f') in 0.010292 seconds 
  Import took 0.015142 seconds .

========================================================================
Received Import Request.
  Time since last request: 0.000325 seconds.
  path: Assets/FantasyHavenAssets/LowPoly Alien - Environment 04 - GLOWING/_Materials/Plant_12_Point_4_Glowing.mat
  artifactKey: Guid(70c96f26c33e27c9d98962ac6631260c) Importer(815301076,1909f56bfc062723c751e8b465ee728b)
Start importing Assets/FantasyHavenAssets/LowPoly Alien - Environment 04 - GLOWING/_Materials/Plant_12_Point_4_Glowing.mat using Guid(70c96f26c33e27c9d98962ac6631260c) Importer(815301076,1909f56bfc062723c751e8b465ee728b)  -> (artifact id: '2e6f821df64dba829d7ae81c73184e96') in 0.007319 seconds 
  Import took 0.012557 seconds .

========================================================================
Received Import Request.
  Time since last request: 0.000417 seconds.
  path: Assets/FantasyHavenAssets/LowPoly Alien - Environment 04 - GLOWING/_Prefabs/Stone_04_Var_02.prefab
  artifactKey: Guid(03e14e3f5842a0d148c4d972cdbd2e2a) Importer(815301076,1909f56bfc062723c751e8b465ee728b)
Start importing Assets/FantasyHavenAssets/LowPoly Alien - Environment 04 - GLOWING/_Prefabs/Stone_04_Var_02.prefab using Guid(03e14e3f5842a0d148c4d972cdbd2e2a) Importer(815301076,1909f56bfc062723c751e8b465ee728b)  -> (artifact id: '0ec6d4025ab42539ca126fa420caf6d1') in 0.008612 seconds 
  Import took 0.014352 seconds .

========================================================================
Received Import Request.
  Time since last request: 0.000270 seconds.
  path: Assets/FantasyHavenAssets/LowPoly Alien - Environment 04 - GLOWING/_Prefabs/Stone_04_Var_07.prefab
  artifactKey: Guid(d3d0dcf3ddffac9499d56e59d112812e) Importer(815301076,1909f56bfc062723c751e8b465ee728b)
Start importing Assets/FantasyHavenAssets/LowPoly Alien - Environment 04 - GLOWING/_Prefabs/Stone_04_Var_07.prefab using Guid(d3d0dcf3ddffac9499d56e59d112812e) Importer(815301076,1909f56bfc062723c751e8b465ee728b)  -> (artifact id: 'c0777de39718675170cbeca0eccb83bc') in 0.007870 seconds 
  Import took 0.013531 seconds .

========================================================================
Received Import Request.
  Time since last request: 0.000365 seconds.
  path: Assets/FantasyHavenAssets/LowPoly Alien - Environment 04 - GLOWING/_Materials/Tree_10_Stem.mat
  artifactKey: Guid(e8043854f9487774f952319370a6a03f) Importer(815301076,1909f56bfc062723c751e8b465ee728b)
Start importing Assets/FantasyHavenAssets/LowPoly Alien - Environment 04 - GLOWING/_Materials/Tree_10_Stem.mat using Guid(e8043854f9487774f952319370a6a03f) Importer(815301076,1909f56bfc062723c751e8b465ee728b)  -> (artifact id: 'd59923a942100f5bdb0302d8d2dc6d12') in 0.009006 seconds 
  Import took 0.014024 seconds .

========================================================================
Received Import Request.
  Time since last request: 0.000268 seconds.
  path: Assets/FantasyHavenAssets/LowPoly Alien - Environment 04 - GLOWING/_Materials/Plant_11_Stem.mat
  artifactKey: Guid(4dd525471b88f9f5fb5d4998b7d49e12) Importer(815301076,1909f56bfc062723c751e8b465ee728b)
Start importing Assets/FantasyHavenAssets/LowPoly Alien - Environment 04 - GLOWING/_Materials/Plant_11_Stem.mat using Guid(4dd525471b88f9f5fb5d4998b7d49e12) Importer(815301076,1909f56bfc062723c751e8b465ee728b)  -> (artifact id: 'e4eb0d07d3cd0b1097943e70a868416b') in 0.009938 seconds 
  Import took 0.015254 seconds .

========================================================================
Received Import Request.
  Time since last request: 0.000276 seconds.
  path: Assets/FantasyHavenAssets/LowPoly Alien - Environment 04 - GLOWING/_Materials/Tree_10_Flower_Filament.mat
  artifactKey: Guid(4f76a625276dbca15a1cc1326fb038c7) Importer(815301076,1909f56bfc062723c751e8b465ee728b)
Start importing Assets/FantasyHavenAssets/LowPoly Alien - Environment 04 - GLOWING/_Materials/Tree_10_Flower_Filament.mat using Guid(4f76a625276dbca15a1cc1326fb038c7) Importer(815301076,1909f56bfc062723c751e8b465ee728b)  -> (artifact id: 'bb264ae17aab6fbe1955afb05ede0997') in 0.009073 seconds 
  Import took 0.016053 seconds .

========================================================================
Received Import Request.
  Time since last request: 0.000284 seconds.
  path: Assets/FantasyHavenAssets/LowPoly Alien - Environment 04 - GLOWING/_Materials/Mushroom_03_Cap_Up.mat
  artifactKey: Guid(d67506a8b8b42471bae63995252450ad) Importer(815301076,1909f56bfc062723c751e8b465ee728b)
Start importing Assets/FantasyHavenAssets/LowPoly Alien - Environment 04 - GLOWING/_Materials/Mushroom_03_Cap_Up.mat using Guid(d67506a8b8b42471bae63995252450ad) Importer(815301076,1909f56bfc062723c751e8b465ee728b)  -> (artifact id: 'f8cea4fa8ab5de0e992f0cc620502731') in 0.014111 seconds 
  Import took 0.019489 seconds .

========================================================================
Received Import Request.
  Time since last request: 0.000250 seconds.
  path: Assets/FantasyHavenAssets/LowPoly Alien - Environment 04 - GLOWING/_Prefabs/Plant_11_Var_02.prefab
  artifactKey: Guid(fbba0404835127a3087b295c4f8b0fb8) Importer(815301076,1909f56bfc062723c751e8b465ee728b)
Start importing Assets/FantasyHavenAssets/LowPoly Alien - Environment 04 - GLOWING/_Prefabs/Plant_11_Var_02.prefab using Guid(fbba0404835127a3087b295c4f8b0fb8) Importer(815301076,1909f56bfc062723c751e8b465ee728b)  -> (artifact id: '3dc4da4f6f0f2ccbffb5f365518624e2') in 0.009714 seconds 
  Import took 0.014840 seconds .

========================================================================
Received Import Request.
  Time since last request: 0.000263 seconds.
  path: Assets/FantasyHavenAssets/LowPoly Alien - Environment 04 - GLOWING/_Materials/Tree_11_Root.mat
  artifactKey: Guid(2cabebbbbb9bf7075940405796b907b3) Importer(815301076,1909f56bfc062723c751e8b465ee728b)
Start importing Assets/FantasyHavenAssets/LowPoly Alien - Environment 04 - GLOWING/_Materials/Tree_11_Root.mat using Guid(2cabebbbbb9bf7075940405796b907b3) Importer(815301076,1909f56bfc062723c751e8b465ee728b)  -> (artifact id: '46aa559b5fc39a26e604804fc9354805') in 0.009215 seconds 
  Import took 0.014142 seconds .

========================================================================
Received Import Request.
  Time since last request: 0.000251 seconds.
  path: Assets/FantasyHavenAssets/LowPoly Alien - Environment 04 - GLOWING/_Prefabs/Tree_09_Var_05.prefab
  artifactKey: Guid(5c8707537858c8718a2d7cd634c8dec0) Importer(815301076,1909f56bfc062723c751e8b465ee728b)
Start importing Assets/FantasyHavenAssets/LowPoly Alien - Environment 04 - GLOWING/_Prefabs/Tree_09_Var_05.prefab using Guid(5c8707537858c8718a2d7cd634c8dec0) Importer(815301076,1909f56bfc062723c751e8b465ee728b)  -> (artifact id: 'f8dcba22ce23eae93888af3727a1a4b9') in 0.008797 seconds 
  Import took 0.014070 seconds .

========================================================================
Received Import Request.
  Time since last request: 0.000449 seconds.
  path: Assets/FantasyHavenAssets/LowPoly Alien - Environment 04 - GLOWING/_Materials/Plant_12_Point_3_Glowing.mat
  artifactKey: Guid(984fec52483b690699d0e87a13ec2d39) Importer(815301076,1909f56bfc062723c751e8b465ee728b)
Start importing Assets/FantasyHavenAssets/LowPoly Alien - Environment 04 - GLOWING/_Materials/Plant_12_Point_3_Glowing.mat using Guid(984fec52483b690699d0e87a13ec2d39) Importer(815301076,1909f56bfc062723c751e8b465ee728b)  -> (artifact id: '78d216e0bb7730fb4276bc9129c0bb97') in 0.007829 seconds 
  Import took 0.014109 seconds .

========================================================================
Received Import Request.
  Time since last request: 0.000388 seconds.
  path: Assets/FantasyHavenAssets/LowPoly Alien - Environment 04 - GLOWING/_Materials/Mushroom_02_Ring.mat
  artifactKey: Guid(d7cddc3c0428c622e94e3c1329ae0fd7) Importer(815301076,1909f56bfc062723c751e8b465ee728b)
Start importing Assets/FantasyHavenAssets/LowPoly Alien - Environment 04 - GLOWING/_Materials/Mushroom_02_Ring.mat using Guid(d7cddc3c0428c622e94e3c1329ae0fd7) Importer(815301076,1909f56bfc062723c751e8b465ee728b)  -> (artifact id: '7e00ab81c1d3f6e74ad57c86fa1b30a7') in 0.008322 seconds 
  Import took 0.013792 seconds .

========================================================================
Received Import Request.
  Time since last request: 0.000278 seconds.
  path: Assets/FantasyHavenAssets/LowPoly Alien - Environment 04 - GLOWING/_Materials/Tree_11_Ring_02.mat
  artifactKey: Guid(3c17d94f96c12cd0996b0bf2b15effcf) Importer(815301076,1909f56bfc062723c751e8b465ee728b)
Start importing Assets/FantasyHavenAssets/LowPoly Alien - Environment 04 - GLOWING/_Materials/Tree_11_Ring_02.mat using Guid(3c17d94f96c12cd0996b0bf2b15effcf) Importer(815301076,1909f56bfc062723c751e8b465ee728b)  -> (artifact id: '7e42f4940f5c583ccd8bf5848fe8b81b') in 0.008172 seconds 
  Import took 0.014784 seconds .

========================================================================
Received Import Request.
  Time since last request: 0.000299 seconds.
  path: Assets/FantasyHavenAssets/LowPoly Alien - Environment 04 - GLOWING/_Prefabs/Stone_03_Var_08.prefab
  artifactKey: Guid(ce1a57856fca851bb899faf0bf1501f0) Importer(815301076,1909f56bfc062723c751e8b465ee728b)
Start importing Assets/FantasyHavenAssets/LowPoly Alien - Environment 04 - GLOWING/_Prefabs/Stone_03_Var_08.prefab using Guid(ce1a57856fca851bb899faf0bf1501f0) Importer(815301076,1909f56bfc062723c751e8b465ee728b)  -> (artifact id: '499175478517e4c8e4c1a6fed70bd3ab') in 0.008604 seconds 
  Import took 0.014899 seconds .

========================================================================
Received Import Request.
  Time since last request: 0.000277 seconds.
  path: Assets/FantasyHavenAssets/LowPoly Alien - Environment 04 - GLOWING/_Materials/Tree_09_Stem.mat
  artifactKey: Guid(8727292c40e06855a97cdda8a8f76ff1) Importer(815301076,1909f56bfc062723c751e8b465ee728b)
Start importing Assets/FantasyHavenAssets/LowPoly Alien - Environment 04 - GLOWING/_Materials/Tree_09_Stem.mat using Guid(8727292c40e06855a97cdda8a8f76ff1) Importer(815301076,1909f56bfc062723c751e8b465ee728b)  -> (artifact id: '685e5a11e00b6322de1af3cc043dbf85') in 0.008809 seconds 
  Import took 0.015192 seconds .

========================================================================
Received Import Request.
  Time since last request: 0.000268 seconds.
  path: Assets/FantasyHavenAssets/LowPoly Alien - Environment 04 - GLOWING/_Prefabs/Mushroom_03_Var_03.prefab
  artifactKey: Guid(b4946d80c3d0e913c9acc2afb4235101) Importer(815301076,1909f56bfc062723c751e8b465ee728b)
Start importing Assets/FantasyHavenAssets/LowPoly Alien - Environment 04 - GLOWING/_Prefabs/Mushroom_03_Var_03.prefab using Guid(b4946d80c3d0e913c9acc2afb4235101) Importer(815301076,1909f56bfc062723c751e8b465ee728b)  -> (artifact id: 'f2cce73e1cc572de8a4ac53965ffdfa8') in 0.009469 seconds 
  Import took 0.015310 seconds .

========================================================================
Received Import Request.
  Time since last request: 0.000319 seconds.
  path: Assets/FantasyHavenAssets/LowPoly Alien - Environment 04 - GLOWING/_Prefabs/Stone_04_Var_06.prefab
  artifactKey: Guid(72205e2cb85bcd0d580479ece0c7a84b) Importer(815301076,1909f56bfc062723c751e8b465ee728b)
Start importing Assets/FantasyHavenAssets/LowPoly Alien - Environment 04 - GLOWING/_Prefabs/Stone_04_Var_06.prefab using Guid(72205e2cb85bcd0d580479ece0c7a84b) Importer(815301076,1909f56bfc062723c751e8b465ee728b)  -> (artifact id: '6f51d189ebe542960c90eeed1ad4a585') in 0.008183 seconds 
  Import took 0.014046 seconds .

========================================================================
Received Import Request.
  Time since last request: 0.000340 seconds.
  path: Assets/FantasyHavenAssets/LowPoly Alien - Environment 04 - GLOWING/_Prefabs/Stone_03_Var_07.prefab
  artifactKey: Guid(99e7d254a3377d16b9482399afeb7f8f) Importer(815301076,1909f56bfc062723c751e8b465ee728b)
Start importing Assets/FantasyHavenAssets/LowPoly Alien - Environment 04 - GLOWING/_Prefabs/Stone_03_Var_07.prefab using Guid(99e7d254a3377d16b9482399afeb7f8f) Importer(815301076,1909f56bfc062723c751e8b465ee728b)  -> (artifact id: '1d91b3e73fb55b1db48f3f01ef540e96') in 0.007935 seconds 
  Import took 0.013160 seconds .

========================================================================
Received Import Request.
  Time since last request: 0.000264 seconds.
  path: Assets/FantasyHavenAssets/LowPoly Alien - Environment 04 - GLOWING/_Prefabs/Mushroom_02_Var_01.prefab
  artifactKey: Guid(b1a0ae442ed076a2ca6f73b9c3e9ba07) Importer(815301076,1909f56bfc062723c751e8b465ee728b)
Start importing Assets/FantasyHavenAssets/LowPoly Alien - Environment 04 - GLOWING/_Prefabs/Mushroom_02_Var_01.prefab using Guid(b1a0ae442ed076a2ca6f73b9c3e9ba07) Importer(815301076,1909f56bfc062723c751e8b465ee728b)  -> (artifact id: 'c7f6bc0e6befaa0d6a7e4e678e1ab0c0') in 0.014485 seconds 
  Import took 0.019134 seconds .

========================================================================
Received Import Request.
  Time since last request: 0.000228 seconds.
  path: Assets/FantasyHavenAssets/LowPoly Alien - Environment 04 - GLOWING/_Prefabs/Plant_11_Var_01.prefab
  artifactKey: Guid(e36a136124c195f9bb0097509f4cb4d4) Importer(815301076,1909f56bfc062723c751e8b465ee728b)
Start importing Assets/FantasyHavenAssets/LowPoly Alien - Environment 04 - GLOWING/_Prefabs/Plant_11_Var_01.prefab using Guid(e36a136124c195f9bb0097509f4cb4d4) Importer(815301076,1909f56bfc062723c751e8b465ee728b)  -> (artifact id: '18a90267d0dc3b7a3341c1ba4e9653d8') in 0.009807 seconds 
  Import took 0.014930 seconds .

========================================================================
Received Import Request.
  Time since last request: 0.000184 seconds.
  path: Assets/FantasyHavenAssets/LowPoly Alien - Environment 04 - GLOWING/_Prefabs/Stone_03_Var_04.prefab
  artifactKey: Guid(73c54910a208e50b2a4b9c0cc12782cf) Importer(815301076,1909f56bfc062723c751e8b465ee728b)
Start importing Assets/FantasyHavenAssets/LowPoly Alien - Environment 04 - GLOWING/_Prefabs/Stone_03_Var_04.prefab using Guid(73c54910a208e50b2a4b9c0cc12782cf) Importer(815301076,1909f56bfc062723c751e8b465ee728b)  -> (artifact id: '2f854f7084609bfe7de104d3fe1ca134') in 0.007781 seconds 
  Import took 0.013056 seconds .

========================================================================
Received Import Request.
  Time since last request: 0.000237 seconds.
  path: Assets/FantasyHavenAssets/LowPoly Alien - Environment 04 - GLOWING/_Prefabs/Stone_03_Var_06.prefab
  artifactKey: Guid(4254550a567771550a9980a9717aaf11) Importer(815301076,1909f56bfc062723c751e8b465ee728b)
Start importing Assets/FantasyHavenAssets/LowPoly Alien - Environment 04 - GLOWING/_Prefabs/Stone_03_Var_06.prefab using Guid(4254550a567771550a9980a9717aaf11) Importer(815301076,1909f56bfc062723c751e8b465ee728b)  -> (artifact id: '6975f603dc675ab953894346e28ec1eb') in 0.008922 seconds 
  Import took 0.014191 seconds .

========================================================================
Received Import Request.
  Time since last request: 0.000270 seconds.
  path: Assets/FantasyHavenAssets/LowPoly Alien - Environment 04 - GLOWING/_Prefabs/Stone_04_Var_01.prefab
  artifactKey: Guid(c8680a75af67e57dca6d179e1619beed) Importer(815301076,1909f56bfc062723c751e8b465ee728b)
Start importing Assets/FantasyHavenAssets/LowPoly Alien - Environment 04 - GLOWING/_Prefabs/Stone_04_Var_01.prefab using Guid(c8680a75af67e57dca6d179e1619beed) Importer(815301076,1909f56bfc062723c751e8b465ee728b)  -> (artifact id: 'c913a3077a7a84d70114f5d0687d5f96') in 0.011251 seconds 
  Import took 0.016925 seconds .

========================================================================
Received Import Request.
  Time since last request: 0.000358 seconds.
  path: Assets/FantasyHavenAssets/LowPoly Alien - Environment 04 - GLOWING/_Prefabs/Stone_03_Var_02.prefab
  artifactKey: Guid(ae63517ea9ec260b8b3778e10c022532) Importer(815301076,1909f56bfc062723c751e8b465ee728b)
Start importing Assets/FantasyHavenAssets/LowPoly Alien - Environment 04 - GLOWING/_Prefabs/Stone_03_Var_02.prefab using Guid(ae63517ea9ec260b8b3778e10c022532) Importer(815301076,1909f56bfc062723c751e8b465ee728b)  -> (artifact id: '6e6042e3011bba46ccd5dbbbaa2e3681') in 0.009179 seconds 
  Import took 0.015175 seconds .

========================================================================
Received Import Request.
  Time since last request: 0.000266 seconds.
  path: Assets/FantasyHavenAssets/LowPoly Alien - Environment 04 - GLOWING/_Prefabs/Mushroom_02_Var_05.prefab
  artifactKey: Guid(6aa8a2774d1c320aeacc69eb9865642c) Importer(815301076,1909f56bfc062723c751e8b465ee728b)
Start importing Assets/FantasyHavenAssets/LowPoly Alien - Environment 04 - GLOWING/_Prefabs/Mushroom_02_Var_05.prefab using Guid(6aa8a2774d1c320aeacc69eb9865642c) Importer(815301076,1909f56bfc062723c751e8b465ee728b)  -> (artifact id: '47979656a2c8dbfd3ff4dfee9fdcb3b8') in 0.012821 seconds 
  Import took 0.018805 seconds .

========================================================================
Received Import Request.
  Time since last request: 0.000370 seconds.
  path: Assets/FantasyHavenAssets/LowPoly Alien - Environment 04 - GLOWING/_Prefabs/Glow_Postproccesing.prefab
  artifactKey: Guid(71401e2b52551d09095a421375df9a4b) Importer(815301076,1909f56bfc062723c751e8b465ee728b)
Start importing Assets/FantasyHavenAssets/LowPoly Alien - Environment 04 - GLOWING/_Prefabs/Glow_Postproccesing.prefab using Guid(71401e2b52551d09095a421375df9a4b) Importer(815301076,1909f56bfc062723c751e8b465ee728b)  -> (artifact id: '42212718b4df805ad2eca5b59d4b456b') in 0.006564 seconds 
  Import took 0.012908 seconds .

========================================================================
Received Import Request.
  Time since last request: 0.000271 seconds.
  path: Assets/FantasyHavenAssets/LowPoly Alien - Environment 04 - GLOWING/_Prefabs/Mushroom_03_Var_04.prefab
  artifactKey: Guid(370ac54d6b54e824c9fe7cd11b54f2ee) Importer(815301076,1909f56bfc062723c751e8b465ee728b)
Start importing Assets/FantasyHavenAssets/LowPoly Alien - Environment 04 - GLOWING/_Prefabs/Mushroom_03_Var_04.prefab using Guid(370ac54d6b54e824c9fe7cd11b54f2ee) Importer(815301076,1909f56bfc062723c751e8b465ee728b)  -> (artifact id: '0314b38f38977dd03422690f46e3fba3') in 0.010370 seconds 
  Import took 0.016129 seconds .

========================================================================
Received Import Request.
  Time since last request: 0.000243 seconds.
  path: Assets/FantasyHavenAssets/LowPoly Alien - Environment 04 - GLOWING/_Materials/Tree_10_Flower_Stamens_Glowing.mat
  artifactKey: Guid(3cba9bd6e7f33bed4b28b58ae386eef9) Importer(815301076,1909f56bfc062723c751e8b465ee728b)
Start importing Assets/FantasyHavenAssets/LowPoly Alien - Environment 04 - GLOWING/_Materials/Tree_10_Flower_Stamens_Glowing.mat using Guid(3cba9bd6e7f33bed4b28b58ae386eef9) Importer(815301076,1909f56bfc062723c751e8b465ee728b)  -> (artifact id: '860bbb43320ce36cf986b5d191cbaf77') in 0.008128 seconds 
  Import took 0.014706 seconds .

========================================================================
Received Import Request.
  Time since last request: 0.000250 seconds.
  path: Assets/FantasyHavenAssets/LowPoly Alien - Environment 04 - GLOWING/_Prefabs/Plant_11_Var_05.prefab
  artifactKey: Guid(1e522f324f647e756a03f317d5dea09b) Importer(815301076,1909f56bfc062723c751e8b465ee728b)
Start importing Assets/FantasyHavenAssets/LowPoly Alien - Environment 04 - GLOWING/_Prefabs/Plant_11_Var_05.prefab using Guid(1e522f324f647e756a03f317d5dea09b) Importer(815301076,1909f56bfc062723c751e8b465ee728b)  -> (artifact id: '75b26b4f1d29639d7c96b6efc182dadb') in 0.009688 seconds 
  Import took 0.015040 seconds .

========================================================================
Received Import Request.
  Time since last request: 0.000341 seconds.
  path: Assets/FantasyHavenAssets/LowPoly Alien - Environment 04 - GLOWING/_Prefabs/Mushroom_03_Var_01.prefab
  artifactKey: Guid(270e97e54863a337bb18a66859d77820) Importer(815301076,1909f56bfc062723c751e8b465ee728b)
Start importing Assets/FantasyHavenAssets/LowPoly Alien - Environment 04 - GLOWING/_Prefabs/Mushroom_03_Var_01.prefab using Guid(270e97e54863a337bb18a66859d77820) Importer(815301076,1909f56bfc062723c751e8b465ee728b)  -> (artifact id: '20e11b52eacb4729c083b748d40caaac') in 0.008524 seconds 
  Import took 0.014498 seconds .

========================================================================
Received Import Request.
  Time since last request: 0.000385 seconds.
  path: Assets/FantasyHavenAssets/LowPoly Alien - Environment 04 - GLOWING/_Prefabs/Plant_11_Var_03.prefab
  artifactKey: Guid(91481a716559e7fa9a796c082779c72a) Importer(815301076,1909f56bfc062723c751e8b465ee728b)
Start importing Assets/FantasyHavenAssets/LowPoly Alien - Environment 04 - GLOWING/_Prefabs/Plant_11_Var_03.prefab using Guid(91481a716559e7fa9a796c082779c72a) Importer(815301076,1909f56bfc062723c751e8b465ee728b)  -> (artifact id: '3e744e990e3be069e9bafd0ed2e662a0') in 0.010206 seconds 
  Import took 0.015060 seconds .

========================================================================
Received Import Request.
  Time since last request: 0.000262 seconds.
  path: Assets/FantasyHavenAssets/LowPoly Alien - Environment 04 - GLOWING/_Materials/Plant_12_Point_5_Glowing.mat
  artifactKey: Guid(027691659cbfffe5491f3a1484e5ef3e) Importer(815301076,1909f56bfc062723c751e8b465ee728b)
Start importing Assets/FantasyHavenAssets/LowPoly Alien - Environment 04 - GLOWING/_Materials/Plant_12_Point_5_Glowing.mat using Guid(027691659cbfffe5491f3a1484e5ef3e) Importer(815301076,1909f56bfc062723c751e8b465ee728b)  -> (artifact id: '359ca4976e6490451b6e4bf39c6b35f6') in 0.011126 seconds 
  Import took 0.015765 seconds .

========================================================================
Received Import Request.
  Time since last request: 0.000258 seconds.
  path: Assets/FantasyHavenAssets/LowPoly Alien - Environment 04 - GLOWING/_Prefabs/Stone_03_Var_03.prefab
  artifactKey: Guid(997f10e372766b26e81e2497d0d35f8f) Importer(815301076,1909f56bfc062723c751e8b465ee728b)
Start importing Assets/FantasyHavenAssets/LowPoly Alien - Environment 04 - GLOWING/_Prefabs/Stone_03_Var_03.prefab using Guid(997f10e372766b26e81e2497d0d35f8f) Importer(815301076,1909f56bfc062723c751e8b465ee728b)  -> (artifact id: '32034dd5481e65a089bd07777b142069') in 0.008121 seconds 
  Import took 0.012543 seconds .

========================================================================
Received Import Request.
  Time since last request: 0.000397 seconds.
  path: Assets/FantasyHavenAssets/LowPoly Alien - Environment 04 - GLOWING/_Prefabs/Tree_09_Var_02.prefab
  artifactKey: Guid(9ea4aab83c7fc762d9d06ca23d5e092f) Importer(815301076,1909f56bfc062723c751e8b465ee728b)
Start importing Assets/FantasyHavenAssets/LowPoly Alien - Environment 04 - GLOWING/_Prefabs/Tree_09_Var_02.prefab using Guid(9ea4aab83c7fc762d9d06ca23d5e092f) Importer(815301076,1909f56bfc062723c751e8b465ee728b)  -> (artifact id: '53b11887be684090ceda3a1ee397bbad') in 0.008006 seconds 
  Import took 0.013477 seconds .

========================================================================
Received Import Request.
  Time since last request: 0.000195 seconds.
  path: Assets/FantasyHavenAssets/LowPoly Alien - Environment 04 - GLOWING/_Prefabs/Stone_04_Var_03.prefab
  artifactKey: Guid(6a3314847f576f981b62b1707daed4e7) Importer(815301076,1909f56bfc062723c751e8b465ee728b)
Start importing Assets/FantasyHavenAssets/LowPoly Alien - Environment 04 - GLOWING/_Prefabs/Stone_04_Var_03.prefab using Guid(6a3314847f576f981b62b1707daed4e7) Importer(815301076,1909f56bfc062723c751e8b465ee728b)  -> (artifact id: '38e6807a20c98c5668fc3c9f6d5fef0d') in 0.008445 seconds 
  Import took 0.014202 seconds .

========================================================================
Received Import Request.
  Time since last request: 0.000475 seconds.
  path: Assets/FantasyHavenAssets/LowPoly Alien - Environment 04 - GLOWING/_Prefabs/Stone_03_Var_09.prefab
  artifactKey: Guid(ee8588dff9d6bcbf5bc6e2b77fa33a00) Importer(815301076,1909f56bfc062723c751e8b465ee728b)
Start importing Assets/FantasyHavenAssets/LowPoly Alien - Environment 04 - GLOWING/_Prefabs/Stone_03_Var_09.prefab using Guid(ee8588dff9d6bcbf5bc6e2b77fa33a00) Importer(815301076,1909f56bfc062723c751e8b465ee728b)  -> (artifact id: 'b2c843b74d44e0bb223fdf85ff25ba9c') in 0.007885 seconds 
  Import took 0.012894 seconds .

========================================================================
Received Import Request.
  Time since last request: 0.000476 seconds.
  path: Assets/FantasyHavenAssets/LowPoly Alien - Environment 04 - GLOWING/_Prefabs/Stone_04_Var_05.prefab
  artifactKey: Guid(98d481dde9b1972dea9f20596bb7cfd4) Importer(815301076,1909f56bfc062723c751e8b465ee728b)
Start importing Assets/FantasyHavenAssets/LowPoly Alien - Environment 04 - GLOWING/_Prefabs/Stone_04_Var_05.prefab using Guid(98d481dde9b1972dea9f20596bb7cfd4) Importer(815301076,1909f56bfc062723c751e8b465ee728b)  -> (artifact id: 'ddd587ed881f405d4b6f3de092e80766') in 0.008630 seconds 
  Import took 0.013385 seconds .

========================================================================
Received Import Request.
  Time since last request: 0.000322 seconds.
  path: Assets/FantasyHavenAssets/LowPoly Alien - Environment 04 - GLOWING/_Materials/Stone_04.mat
  artifactKey: Guid(b60123c8b027af621886c2df4e592506) Importer(815301076,1909f56bfc062723c751e8b465ee728b)
Start importing Assets/FantasyHavenAssets/LowPoly Alien - Environment 04 - GLOWING/_Materials/Stone_04.mat using Guid(b60123c8b027af621886c2df4e592506) Importer(815301076,1909f56bfc062723c751e8b465ee728b)  -> (artifact id: 'e4fa0aef33f3990c902ea1231407f158') in 0.007992 seconds 
  Import took 0.013173 seconds .

========================================================================
Received Import Request.
  Time since last request: 0.000254 seconds.
  path: Assets/FantasyHavenAssets/LowPoly Alien - Environment 04 - GLOWING/_Prefabs/Mushroom_03_Var_06.prefab
  artifactKey: Guid(e7ef3cbb87b44f7bd9ef004f4d222bcb) Importer(815301076,1909f56bfc062723c751e8b465ee728b)
Start importing Assets/FantasyHavenAssets/LowPoly Alien - Environment 04 - GLOWING/_Prefabs/Mushroom_03_Var_06.prefab using Guid(e7ef3cbb87b44f7bd9ef004f4d222bcb) Importer(815301076,1909f56bfc062723c751e8b465ee728b)  -> (artifact id: '2312115ed17c95c803350bb368a5135f') in 0.008740 seconds 
  Import took 0.014109 seconds .

========================================================================
Received Import Request.
  Time since last request: 0.000233 seconds.
  path: Assets/FantasyHavenAssets/LowPoly Alien - Environment 04 - GLOWING/_Prefabs/Plant_11_Var_04.prefab
  artifactKey: Guid(8451e4ec2608c6373888149e0a169857) Importer(815301076,1909f56bfc062723c751e8b465ee728b)
Start importing Assets/FantasyHavenAssets/LowPoly Alien - Environment 04 - GLOWING/_Prefabs/Plant_11_Var_04.prefab using Guid(8451e4ec2608c6373888149e0a169857) Importer(815301076,1909f56bfc062723c751e8b465ee728b)  -> (artifact id: '4ab4fa6be087e92937502a45afd73bb4') in 0.007933 seconds 
  Import took 0.013706 seconds .

========================================================================
Received Import Request.
  Time since last request: 0.000382 seconds.
  path: Assets/FantasyHavenAssets/LowPoly Alien - Environment 04 - GLOWING/_Materials/Mushroom_03_Cap_Ring.mat
  artifactKey: Guid(cc1243c13453100d285a04376d216264) Importer(815301076,1909f56bfc062723c751e8b465ee728b)
Start importing Assets/FantasyHavenAssets/LowPoly Alien - Environment 04 - GLOWING/_Materials/Mushroom_03_Cap_Ring.mat using Guid(cc1243c13453100d285a04376d216264) Importer(815301076,1909f56bfc062723c751e8b465ee728b)  -> (artifact id: '313a1799a81ab27a751e4d2123dae10b') in 0.007719 seconds 
  Import took 0.012506 seconds .

========================================================================
Received Import Request.
  Time since last request: 0.000218 seconds.
  path: Assets/FantasyHavenAssets/LowPoly Alien - Environment 04 - GLOWING/_Materials/Tree_11_Ring_01.mat
  artifactKey: Guid(99c6ecad497f3ae4f8085d45b38b21e8) Importer(815301076,1909f56bfc062723c751e8b465ee728b)
Start importing Assets/FantasyHavenAssets/LowPoly Alien - Environment 04 - GLOWING/_Materials/Tree_11_Ring_01.mat using Guid(99c6ecad497f3ae4f8085d45b38b21e8) Importer(815301076,1909f56bfc062723c751e8b465ee728b)  -> (artifact id: '0a950f0ec70d301069b4d1154bfcad84') in 0.008798 seconds 
  Import took 0.014153 seconds .

========================================================================
Received Import Request.
  Time since last request: 0.006268 seconds.
  path: Assets/FantasyHavenAssets/LowPoly Alien - Environment 04 - GLOWING/_Prefabs/Tree_09_Var_04.prefab
  artifactKey: Guid(47427a37ab3ea2a45b2b3adb2c693a0f) Importer(815301076,1909f56bfc062723c751e8b465ee728b)
Start importing Assets/FantasyHavenAssets/LowPoly Alien - Environment 04 - GLOWING/_Prefabs/Tree_09_Var_04.prefab using Guid(47427a37ab3ea2a45b2b3adb2c693a0f) Importer(815301076,1909f56bfc062723c751e8b465ee728b)  -> (artifact id: 'fcf55957092c67a375cff26f977c4728') in 0.011244 seconds 
  Import took 0.017770 seconds .

========================================================================
Received Import Request.
  Time since last request: 0.000317 seconds.
  path: Assets/FantasyHavenAssets/LowPoly Alien - Environment 04 - GLOWING/_Prefabs/Plant_12_Var_02.prefab
  artifactKey: Guid(13397350fc0e61bfa8415896b1e2fcc0) Importer(815301076,1909f56bfc062723c751e8b465ee728b)
Start importing Assets/FantasyHavenAssets/LowPoly Alien - Environment 04 - GLOWING/_Prefabs/Plant_12_Var_02.prefab using Guid(13397350fc0e61bfa8415896b1e2fcc0) Importer(815301076,1909f56bfc062723c751e8b465ee728b)  -> (artifact id: '7d3ba91a0068de484f1b25c7dc404eec') in 0.013782 seconds 
  Import took 0.018776 seconds .

========================================================================
Received Import Request.
  Time since last request: 0.000479 seconds.
  path: Assets/FantasyHavenAssets/LowPoly Alien - Environment 04 - GLOWING/_Materials/Plant_12_Point_1_Glowing.mat
  artifactKey: Guid(98a63031db6d0da54b44e105fc0123e9) Importer(815301076,1909f56bfc062723c751e8b465ee728b)
Start importing Assets/FantasyHavenAssets/LowPoly Alien - Environment 04 - GLOWING/_Materials/Plant_12_Point_1_Glowing.mat using Guid(98a63031db6d0da54b44e105fc0123e9) Importer(815301076,1909f56bfc062723c751e8b465ee728b)  -> (artifact id: 'aeb5c6d4a6cf98c9a15e10de646394b7') in 0.009955 seconds 
  Import took 0.015451 seconds .

========================================================================
Received Import Request.
  Time since last request: 0.000230 seconds.
  path: Assets/FantasyHavenAssets/LowPoly Alien - Environment 04 - GLOWING/_Prefabs/Mushroom_02_Var_02.prefab
  artifactKey: Guid(981648fca8c12b84f81197e76b009a68) Importer(815301076,1909f56bfc062723c751e8b465ee728b)
Start importing Assets/FantasyHavenAssets/LowPoly Alien - Environment 04 - GLOWING/_Prefabs/Mushroom_02_Var_02.prefab using Guid(981648fca8c12b84f81197e76b009a68) Importer(815301076,1909f56bfc062723c751e8b465ee728b)  -> (artifact id: '1fdcef788d1b7723f2441e9d02c0092c') in 0.012759 seconds 
  Import took 0.017846 seconds .

========================================================================
Received Import Request.
  Time since last request: 0.000349 seconds.
  path: Assets/FantasyHavenAssets/LowPoly Alien - Environment 04 - GLOWING/_Materials/Mushroom_03_Cap_Down.mat
  artifactKey: Guid(7853cb61784345f898537459f5769e1a) Importer(815301076,1909f56bfc062723c751e8b465ee728b)
Start importing Assets/FantasyHavenAssets/LowPoly Alien - Environment 04 - GLOWING/_Materials/Mushroom_03_Cap_Down.mat using Guid(7853cb61784345f898537459f5769e1a) Importer(815301076,1909f56bfc062723c751e8b465ee728b)  -> (artifact id: '8309643b153bc21d23ca7b52891aef3a') in 0.007715 seconds 
  Import took 0.014314 seconds .

========================================================================
Received Import Request.
  Time since last request: 0.000252 seconds.
  path: Assets/FantasyHavenAssets/LowPoly Alien - Environment 04 - GLOWING/_Materials/Tree_10_Flower_Outside.mat
  artifactKey: Guid(b68df91b6e0362e09bab980524637ac6) Importer(815301076,1909f56bfc062723c751e8b465ee728b)
Start importing Assets/FantasyHavenAssets/LowPoly Alien - Environment 04 - GLOWING/_Materials/Tree_10_Flower_Outside.mat using Guid(b68df91b6e0362e09bab980524637ac6) Importer(815301076,1909f56bfc062723c751e8b465ee728b)  -> (artifact id: '4440cf75c9a40cc66197db93148077eb') in 0.008732 seconds 
  Import took 0.013318 seconds .

========================================================================
Received Import Request.
  Time since last request: 0.000293 seconds.
  path: Assets/FantasyHavenAssets/LowPoly Alien - Environment 04 - GLOWING/_Materials/Plant_11_Ball_Glowing.mat
  artifactKey: Guid(3c501ff960ecdf626afe3773e954244e) Importer(815301076,1909f56bfc062723c751e8b465ee728b)
Start importing Assets/FantasyHavenAssets/LowPoly Alien - Environment 04 - GLOWING/_Materials/Plant_11_Ball_Glowing.mat using Guid(3c501ff960ecdf626afe3773e954244e) Importer(815301076,1909f56bfc062723c751e8b465ee728b)  -> (artifact id: '2781a91706593035cc3e9d2b81f5989b') in 0.006948 seconds 
  Import took 0.013232 seconds .

========================================================================
Received Import Request.
  Time since last request: 0.000348 seconds.
  path: Assets/FantasyHavenAssets/LowPoly Alien - Environment 04 - GLOWING/_Prefabs/Stone_03_Var_05.prefab
  artifactKey: Guid(505ed5d0b4f0dae308f19f23db376e11) Importer(815301076,1909f56bfc062723c751e8b465ee728b)
Start importing Assets/FantasyHavenAssets/LowPoly Alien - Environment 04 - GLOWING/_Prefabs/Stone_03_Var_05.prefab using Guid(505ed5d0b4f0dae308f19f23db376e11) Importer(815301076,1909f56bfc062723c751e8b465ee728b)  -> (artifact id: '6b09aac1e1bdf5aa91445761a09a3a2b') in 0.007665 seconds 
  Import took 0.012996 seconds .

========================================================================
Received Import Request.
  Time since last request: 41.128356 seconds.
  path: Assets/FantasyHavenAssets/LowPoly Alien - Environment 04 - GLOWING/_Prefabs/Glow_Postproccesing.prefab
  artifactKey: Guid(71401e2b52551d09095a421375df9a4b) Importer(815301076,1909f56bfc062723c751e8b465ee728b)
Start importing Assets/FantasyHavenAssets/LowPoly Alien - Environment 04 - GLOWING/_Prefabs/Glow_Postproccesing.prefab using Guid(71401e2b52551d09095a421375df9a4b) Importer(815301076,1909f56bfc062723c751e8b465ee728b)  -> (artifact id: 'c0e149f496bc66ff402421b88b086320') in 0.023033 seconds 
  Import took 0.063416 seconds .

========================================================================
Received Import Request.
  Time since last request: 489.119590 seconds.
  path: Assets/Terrain/Terrain_0_0_69a12d17-fb2e-46ed-a9e1-9575caf8097c.asset
  artifactKey: Guid(f5b01c7907394b04b9bc7a65b26d0ffa) Importer(815301076,1909f56bfc062723c751e8b465ee728b)
Start importing Assets/Terrain/Terrain_0_0_69a12d17-fb2e-46ed-a9e1-9575caf8097c.asset using Guid(f5b01c7907394b04b9bc7a65b26d0ffa) Importer(815301076,1909f56bfc062723c751e8b465ee728b)  -> (artifact id: '39654877fecb6db8b6aea1190777550c') in 0.018534 seconds 
  Import took 0.056241 seconds .

========================================================================
Received Import Request.
  Time since last request: 0.000357 seconds.
  path: Assets/Terrain/Terrain_0_0_a211c2bb-dd29-4fef-9cc4-ef0a7c9e846b.asset
  artifactKey: Guid(f65c570d91a98d745891d46b2fa7b7a8) Importer(815301076,1909f56bfc062723c751e8b465ee728b)
Start importing Assets/Terrain/Terrain_0_0_a211c2bb-dd29-4fef-9cc4-ef0a7c9e846b.asset using Guid(f65c570d91a98d745891d46b2fa7b7a8) Importer(815301076,1909f56bfc062723c751e8b465ee728b)  -> (artifact id: 'c9c9cc5a8a9e8dc0bd64d6c92a59dfa5') in 0.010745 seconds 
  Import took 0.017316 seconds .

========================================================================
Received Import Request.
  Time since last request: 3.560489 seconds.
  path: Assets/SineVFX/TranslucentCrystals/Prefabs/Crystalsv01.prefab
  artifactKey: Guid(8ad137f6808375f4e885d60451f0c4fc) Importer(815301076,1909f56bfc062723c751e8b465ee728b)
Start importing Assets/SineVFX/TranslucentCrystals/Prefabs/Crystalsv01.prefab using Guid(8ad137f6808375f4e885d60451f0c4fc) Importer(815301076,1909f56bfc062723c751e8b465ee728b)  -> (artifact id: 'f0671aa00fcf348c47f14d1d3777f761') in 0.404749 seconds 
  Import took 0.412608 seconds .

========================================================================
Received Import Request.
  Time since last request: 0.000455 seconds.
  path: Assets/SineVFX/TranslucentCrystals/Prefabs/Crystalsv08.prefab
  artifactKey: Guid(da6e8bbd483d22c449e703a7e40afde4) Importer(815301076,1909f56bfc062723c751e8b465ee728b)
Start importing Assets/SineVFX/TranslucentCrystals/Prefabs/Crystalsv08.prefab using Guid(da6e8bbd483d22c449e703a7e40afde4) Importer(815301076,1909f56bfc062723c751e8b465ee728b)  -> (artifact id: '42729e0e9e822ab95c636374a2e589e1') in 0.308300 seconds 
  Import took 0.317074 seconds .

========================================================================
Received Import Request.
  Time since last request: 0.001030 seconds.
  path: Assets/SineVFX/TranslucentCrystals/Prefabs/Crystalsv09.prefab
  artifactKey: Guid(5f285e9508d4e3f4488b284bb80a0b9b) Importer(815301076,1909f56bfc062723c751e8b465ee728b)
Start importing Assets/SineVFX/TranslucentCrystals/Prefabs/Crystalsv09.prefab using Guid(5f285e9508d4e3f4488b284bb80a0b9b) Importer(815301076,1909f56bfc062723c751e8b465ee728b)  -> (artifact id: '0f47e97db5f7ef8da9c69ba18faedab0') in 0.025145 seconds 
  Import took 0.033011 seconds .

========================================================================
Received Import Request.
  Time since last request: 0.000352 seconds.
  path: Assets/SineVFX/TranslucentCrystals/Prefabs/Crystalsv05.prefab
  artifactKey: Guid(ee88617da51e3e8479a812f9d58a94be) Importer(815301076,1909f56bfc062723c751e8b465ee728b)
Start importing Assets/SineVFX/TranslucentCrystals/Prefabs/Crystalsv05.prefab using Guid(ee88617da51e3e8479a812f9d58a94be) Importer(815301076,1909f56bfc062723c751e8b465ee728b)  -> (artifact id: '4003fc0cea458107e63eea6fd7004828') in 0.023688 seconds 
  Import took 0.032236 seconds .

========================================================================
Received Import Request.
  Time since last request: 0.000259 seconds.
  path: Assets/SineVFX/TranslucentCrystals/Prefabs/Crystalsv02.prefab
  artifactKey: Guid(f035235bfe0fb5d48b6f85818f4f000e) Importer(815301076,1909f56bfc062723c751e8b465ee728b)
Start importing Assets/SineVFX/TranslucentCrystals/Prefabs/Crystalsv02.prefab using Guid(f035235bfe0fb5d48b6f85818f4f000e) Importer(815301076,1909f56bfc062723c751e8b465ee728b)  -> (artifact id: 'abbbe0f32b1dfee71ce866d7ad44e34b') in 0.026448 seconds 
  Import took 0.036574 seconds .

========================================================================
Received Import Request.
  Time since last request: 0.000260 seconds.
  path: Assets/SineVFX/TranslucentCrystals/Prefabs/Crystalsv03.prefab
  artifactKey: Guid(03fc9d38e2dd7c343baa918a99f6d833) Importer(815301076,1909f56bfc062723c751e8b465ee728b)
Start importing Assets/SineVFX/TranslucentCrystals/Prefabs/Crystalsv03.prefab using Guid(03fc9d38e2dd7c343baa918a99f6d833) Importer(815301076,1909f56bfc062723c751e8b465ee728b)  -> (artifact id: '6a240bcba0ed3d362eef2525577e8fea') in 0.025691 seconds 
  Import took 0.033641 seconds .

========================================================================
Received Import Request.
  Time since last request: 0.000357 seconds.
  path: Assets/SineVFX/TranslucentCrystals/Prefabs/Crystalsv07.prefab
  artifactKey: Guid(67c6e02e204ef6244a8f475a94826851) Importer(815301076,1909f56bfc062723c751e8b465ee728b)
Start importing Assets/SineVFX/TranslucentCrystals/Prefabs/Crystalsv07.prefab using Guid(67c6e02e204ef6244a8f475a94826851) Importer(815301076,1909f56bfc062723c751e8b465ee728b)  -> (artifact id: '1a5cf4476f749506824559cb6523b3a4') in 0.021213 seconds 
  Import took 0.028655 seconds .

========================================================================
Received Import Request.
  Time since last request: 0.000306 seconds.
  path: Assets/SineVFX/TranslucentCrystals/Prefabs/Crystalsv04.prefab
  artifactKey: Guid(ff31047102e4ad54da5383aa244844cf) Importer(815301076,1909f56bfc062723c751e8b465ee728b)
Start importing Assets/SineVFX/TranslucentCrystals/Prefabs/Crystalsv04.prefab using Guid(ff31047102e4ad54da5383aa244844cf) Importer(815301076,1909f56bfc062723c751e8b465ee728b)  -> (artifact id: '290afd83b793094a73ad735177c252f2') in 0.020113 seconds 
  Import took 0.026999 seconds .

========================================================================
Received Import Request.
  Time since last request: 0.000359 seconds.
  path: Assets/SineVFX/TranslucentCrystals/Prefabs/Crystalsv06.prefab
  artifactKey: Guid(4aa7f4f0acab60742bea9a9f6a3bb144) Importer(815301076,1909f56bfc062723c751e8b465ee728b)
Start importing Assets/SineVFX/TranslucentCrystals/Prefabs/Crystalsv06.prefab using Guid(4aa7f4f0acab60742bea9a9f6a3bb144) Importer(815301076,1909f56bfc062723c751e8b465ee728b)  -> (artifact id: 'a6a01a3361be42956f8860106cbb5c53') in 0.021297 seconds 
  Import took 0.028154 seconds .

========================================================================
Received Import Request.
  Time since last request: 0.000258 seconds.
  path: Assets/SineVFX/TranslucentCrystals/Prefabs/Crystalsv10.prefab
  artifactKey: Guid(227f9257bcc7175478a7f935e3bfc552) Importer(815301076,1909f56bfc062723c751e8b465ee728b)
Start importing Assets/SineVFX/TranslucentCrystals/Prefabs/Crystalsv10.prefab using Guid(227f9257bcc7175478a7f935e3bfc552) Importer(815301076,1909f56bfc062723c751e8b465ee728b)  -> (artifact id: '59c856a78b1db663102faf4246efc799') in 0.025698 seconds 
  Import took 0.032396 seconds .

========================================================================
Received Import Request.
  Time since last request: 5.675742 seconds.
  path: Assets/SineVFX/TranslucentCrystals/Prefabs/Gamma/Crystalsv01.prefab
  artifactKey: Guid(cc0fd657b60ef8c499b057056b948f16) Importer(815301076,1909f56bfc062723c751e8b465ee728b)
Start importing Assets/SineVFX/TranslucentCrystals/Prefabs/Gamma/Crystalsv01.prefab using Guid(cc0fd657b60ef8c499b057056b948f16) Importer(815301076,1909f56bfc062723c751e8b465ee728b)  -> (artifact id: 'c728ddf6b9d4f228653813c38718f60d') in 0.032750 seconds 
  Import took 0.044158 seconds .

========================================================================
Received Import Request.
  Time since last request: 0.001841 seconds.
  path: Assets/SineVFX/TranslucentCrystals/Prefabs/Gamma/Crystalsv02.prefab
  artifactKey: Guid(1435c36dca02dc841a30bfac19f79aa2) Importer(815301076,1909f56bfc062723c751e8b465ee728b)
Start importing Assets/SineVFX/TranslucentCrystals/Prefabs/Gamma/Crystalsv02.prefab using Guid(1435c36dca02dc841a30bfac19f79aa2) Importer(815301076,1909f56bfc062723c751e8b465ee728b)  -> (artifact id: '7cd4826be8c28f47b643bcb1c785fc73') in 0.034465 seconds 
  Import took 0.047673 seconds .

========================================================================
Received Import Request.
  Time since last request: 0.000735 seconds.
  path: Assets/SineVFX/TranslucentCrystals/Prefabs/Gamma/Crystalsv09.prefab
  artifactKey: Guid(124fb29879dc61540b6b3c173eeafe39) Importer(815301076,1909f56bfc062723c751e8b465ee728b)
Start importing Assets/SineVFX/TranslucentCrystals/Prefabs/Gamma/Crystalsv09.prefab using Guid(124fb29879dc61540b6b3c173eeafe39) Importer(815301076,1909f56bfc062723c751e8b465ee728b)  -> (artifact id: '8749a87520b5d3a5d06ab7db29442cad') in 0.037593 seconds 
  Import took 0.050836 seconds .

========================================================================
Received Import Request.
  Time since last request: 0.001480 seconds.
  path: Assets/SineVFX/TranslucentCrystals/Prefabs/Gamma/Crystalsv05.prefab
  artifactKey: Guid(092df013ff76bd7428d419529e5e81cc) Importer(815301076,1909f56bfc062723c751e8b465ee728b)
Start importing Assets/SineVFX/TranslucentCrystals/Prefabs/Gamma/Crystalsv05.prefab using Guid(092df013ff76bd7428d419529e5e81cc) Importer(815301076,1909f56bfc062723c751e8b465ee728b)  -> (artifact id: '7ce640dd4f7d3aaa1f54ba6047d8d4cf') in 0.040805 seconds 
  Import took 0.053572 seconds .

========================================================================
Received Import Request.
  Time since last request: 0.000690 seconds.
  path: Assets/SineVFX/TranslucentCrystals/Prefabs/Gamma/Crystalsv04.prefab
  artifactKey: Guid(83c0a85ae9c29184883b2866a6224b0d) Importer(815301076,1909f56bfc062723c751e8b465ee728b)
Start importing Assets/SineVFX/TranslucentCrystals/Prefabs/Gamma/Crystalsv04.prefab using Guid(83c0a85ae9c29184883b2866a6224b0d) Importer(815301076,1909f56bfc062723c751e8b465ee728b)  -> (artifact id: 'da71296d4b48a9ef3096c01f69e1cd8a') in 0.035596 seconds 
  Import took 0.047933 seconds .

========================================================================
Received Import Request.
  Time since last request: 0.001883 seconds.
  path: Assets/SineVFX/TranslucentCrystals/Prefabs/Gamma/Crystalsv03.prefab
  artifactKey: Guid(df80741be051bc54c85258e839162dd4) Importer(815301076,1909f56bfc062723c751e8b465ee728b)
Start importing Assets/SineVFX/TranslucentCrystals/Prefabs/Gamma/Crystalsv03.prefab using Guid(df80741be051bc54c85258e839162dd4) Importer(815301076,1909f56bfc062723c751e8b465ee728b)  -> (artifact id: '88ac607413761147245379103c757620') in 0.054099 seconds 
  Import took 0.066685 seconds .

========================================================================
Received Import Request.
  Time since last request: 0.000456 seconds.
  path: Assets/SineVFX/TranslucentCrystals/Prefabs/Gamma/Crystalsv10.prefab
  artifactKey: Guid(a1b4f5aeb08a9ba409b89043963cc60b) Importer(815301076,1909f56bfc062723c751e8b465ee728b)
Start importing Assets/SineVFX/TranslucentCrystals/Prefabs/Gamma/Crystalsv10.prefab using Guid(a1b4f5aeb08a9ba409b89043963cc60b) Importer(815301076,1909f56bfc062723c751e8b465ee728b)  -> (artifact id: '147542da6dcba3b9c1bad329704dbdeb') in 0.045606 seconds 
  Import took 0.055570 seconds .

========================================================================
Received Import Request.
  Time since last request: 0.000491 seconds.
  path: Assets/SineVFX/TranslucentCrystals/Prefabs/Gamma/Crystalsv07.prefab
  artifactKey: Guid(18b2841f7a99a5f42be7e5d161545f23) Importer(815301076,1909f56bfc062723c751e8b465ee728b)
Start importing Assets/SineVFX/TranslucentCrystals/Prefabs/Gamma/Crystalsv07.prefab using Guid(18b2841f7a99a5f42be7e5d161545f23) Importer(815301076,1909f56bfc062723c751e8b465ee728b)  -> (artifact id: '964ee61fc8d428dfc28e35bd35aa94db') in 0.045737 seconds 
  Import took 0.056591 seconds .

========================================================================
Received Import Request.
  Time since last request: 0.001622 seconds.
  path: Assets/SineVFX/TranslucentCrystals/Prefabs/Gamma/Crystalsv08.prefab
  artifactKey: Guid(36503447f5372ab4495dd42ec08684df) Importer(815301076,1909f56bfc062723c751e8b465ee728b)
Start importing Assets/SineVFX/TranslucentCrystals/Prefabs/Gamma/Crystalsv08.prefab using Guid(36503447f5372ab4495dd42ec08684df) Importer(815301076,1909f56bfc062723c751e8b465ee728b)  -> (artifact id: '66e1f7314a78a0ce0b9c5d791c1f0b43') in 0.047251 seconds 
  Import took 0.059090 seconds .

========================================================================
Received Import Request.
  Time since last request: 0.000919 seconds.
  path: Assets/SineVFX/TranslucentCrystals/Prefabs/Gamma/Crystalsv06.prefab
  artifactKey: Guid(6045f6974b7e51f49981f0307cfc82bb) Importer(815301076,1909f56bfc062723c751e8b465ee728b)
Start importing Assets/SineVFX/TranslucentCrystals/Prefabs/Gamma/Crystalsv06.prefab using Guid(6045f6974b7e51f49981f0307cfc82bb) Importer(815301076,1909f56bfc062723c751e8b465ee728b)  -> (artifact id: '792424aeb5cc6194a1ebfa7884882438') in 0.040683 seconds 
  Import took 0.049820 seconds .

