Base path: '/Applications/Unity/Hub/Editor/2020.3.25f1/Unity.app/Contents', plugins path '/Applications/Unity/Hub/Editor/2020.3.25f1/PlaybackEngines'
Cmd: initializeCompiler

Cmd: compileSnippet
  insize=16577 file=Assets/DefaultResourcesExtra/Skybox/Procedural pass=<Unnamed Pass> cachingPP=1 ppOnly=0 stripLineD=0 buildPlatform=13 rsLen=0 pKW=UNITY_NO_DXT5nm UNITY_ENABLE_REFLECTION_BUFFERS UNITY_NO_CUBEMAP_ARRAY UNITY_NO_SCREENSPACE_SHADOWS UNITY_PBS_USE_BRDF2 UNITY_LIGHTMAP_DLDR_ENCODING uKW=_SUNDISK_SIMPLE dKW=_SUNDISK_NONE _SUNDISK_HIGH_QUALITY UNITY_ENABLE_NATIVE_SHADOW_LOOKUPS UNITY_METAL_SHADOWS_USE_POINT_FILTERING UNITY_USE_DITHER_MASK_FOR_ALPHABLENDED_SHADOWS UNITY_PBS_USE_BRDF1 UNITY_PBS_USE_BRDF3 UNITY_NO_FULL_STANDARD_SHADER UNITY_SPECCUBE_BOX_PROJECTION UNITY_SPECCUBE_BLENDING UNITY_ENABLE_DETAIL_NORMALMAP UNITY_HARDWARE_TIER1 UNITY_HARDWARE_TIER2 UNITY_HARDWARE_TIER3 UNITY_COLORSPACE_GAMMA UNITY_LIGHT_PROBE_PROXY_VOLUME UNITY_HALF_PRECISION_FRAGMENT_SHADER_REGISTERS UNITY_LIGHTMAP_RGBM_ENCODING UNITY_LIGHTMAP_FULL_HDR UNITY_VIRTUAL_TEXTURING UNITY_PRETRANSFORM_TO_DISPLAY_ORIENTATION UNITY_ASTC_NORMALMAP_ENCODING SHADER_API_GLES30 flags=0 lang=0 type=Fragment platform=metal reqs=33 mask=6 start=20 ok=1 outsize=1846

Cmd: compileComputeKernel
  insize=10211 file=/Users/jscott1/Documents/GitHub/BFiIE-Spring2022/Main World/Library/PackageCache/com.unity.terrain-tools@3.0.2-preview.3/Editor/TerrainTools/Resources/Hydraulic.compute kernel=HydraulicErosion cachingPP=1 ppOnly=0 stripLineD=0 buildPlatform=13 km=<UNITY_VERSION=202039> pKW=UNITY_NO_DXT5nm UNITY_NO_RGBM UNITY_ENABLE_REFLECTION_BUFFERS UNITY_NO_CUBEMAP_ARRAY UNITY_NO_SCREENSPACE_SHADOWS UNITY_PBS_USE_BRDF2 SHADER_API_MOBILE UNITY_LIGHTMAP_DLDR_ENCODING uKW=SHADER_STAGE_COMPUTE platform=vulkan flags=268439552 ok=1 outsize=15321

Cmd: compileComputeKernel
  insize=1953 file=/Users/jscott1/Documents/GitHub/BFiIE-Spring2022/Main World/Library/PackageCache/com.unity.cinemachine@2.3.4/Editor/Resources/CMWaveform.compute kernel=KCMWaveformGather cachingPP=1 ppOnly=0 stripLineD=0 buildPlatform=13 km=<UNITY_VERSION=202039> pKW=UNITY_NO_DXT5nm UNITY_NO_RGBM UNITY_ENABLE_REFLECTION_BUFFERS UNITY_FRAMEBUFFER_FETCH_AVAILABLE UNITY_NO_CUBEMAP_ARRAY UNITY_NO_SCREENSPACE_SHADOWS UNITY_PBS_USE_BRDF2 SHADER_API_MOBILE UNITY_LIGHTMAP_DLDR_ENCODING SHADER_API_GLES30 uKW=SHADER_STAGE_COMPUTE platform=gles3 flags=268439552 ok=1 outsize=3554

Cmd: compileComputeKernel
  insize=1520 file=/Users/jscott1/Documents/GitHub/BFiIE-Spring2022/Main World/Library/PackageCache/com.unity.terrain-tools@3.0.2-preview.3/Editor/TerrainTools/Resources/Diffusion.compute kernel=Diffuse cachingPP=1 ppOnly=0 stripLineD=0 buildPlatform=13 km=<UNITY_VERSION=202039> pKW=UNITY_NO_DXT5nm UNITY_ENABLE_REFLECTION_BUFFERS UNITY_NO_CUBEMAP_ARRAY UNITY_NO_SCREENSPACE_SHADOWS UNITY_PBS_USE_BRDF2 UNITY_LIGHTMAP_DLDR_ENCODING uKW=SHADER_STAGE_COMPUTE platform=metal flags=4096 ok=1 outsize=1904

Cmd: compileComputeKernel
  insize=1866 file=/Users/jscott1/Documents/GitHub/BFiIE-Spring2022/Main World/Library/PackageCache/com.unity.terrain-tools@3.0.2-preview.3/Editor/TerrainTools/Resources/Slope.compute kernel=GradientMultiply cachingPP=1 ppOnly=0 stripLineD=0 buildPlatform=13 km=<UNITY_VERSION=202039> pKW=UNITY_NO_DXT5nm UNITY_NO_RGBM UNITY_ENABLE_REFLECTION_BUFFERS UNITY_FRAMEBUFFER_FETCH_AVAILABLE UNITY_NO_CUBEMAP_ARRAY UNITY_NO_SCREENSPACE_SHADOWS UNITY_PBS_USE_BRDF2 SHADER_API_MOBILE UNITY_LIGHTMAP_DLDR_ENCODING SHADER_API_GLES30 uKW=SHADER_STAGE_COMPUTE platform=gles3 flags=268439552 ok=1 outsize=5373

Cmd: compileComputeKernel
  insize=1317 file=/Users/jscott1/Documents/GitHub/BFiIE-Spring2022/Main World/Library/PackageCache/com.unity.terrain-tools@3.0.2-preview.3/Editor/TerrainTools/Resources/Projection.compute kernel=Divergence cachingPP=1 ppOnly=0 stripLineD=0 buildPlatform=13 km=<UNITY_VERSION=202039> pKW=UNITY_NO_DXT5nm UNITY_ENABLE_REFLECTION_BUFFERS UNITY_NO_CUBEMAP_ARRAY UNITY_NO_SCREENSPACE_SHADOWS UNITY_PBS_USE_BRDF2 UNITY_LIGHTMAP_DLDR_ENCODING uKW=SHADER_STAGE_COMPUTE platform=metal flags=4096 ok=1 outsize=1639

Cmd: compileComputeKernel
  insize=1317 file=/Users/jscott1/Documents/GitHub/BFiIE-Spring2022/Main World/Library/PackageCache/com.unity.terrain-tools@3.0.2-preview.3/Editor/TerrainTools/Resources/Projection.compute kernel=GradientSubtract cachingPP=1 ppOnly=0 stripLineD=0 buildPlatform=13 km=<UNITY_VERSION=202039> pKW=UNITY_NO_DXT5nm UNITY_NO_RGBM UNITY_ENABLE_REFLECTION_BUFFERS UNITY_FRAMEBUFFER_FETCH_AVAILABLE UNITY_NO_CUBEMAP_ARRAY UNITY_NO_SCREENSPACE_SHADOWS UNITY_PBS_USE_BRDF2 SHADER_API_MOBILE UNITY_LIGHTMAP_DLDR_ENCODING SHADER_API_GLES30 uKW=SHADER_STAGE_COMPUTE platform=gles3 flags=268439552  error: 1 plat 9 at (-1): HLSLcc: The resource 'VelocityOutTex2D' uses an unsupported type/format
  error: 1 plat 9 at (-1): HLSLcc: The resource 'VelocityTex2D' uses an unsupported type/format
 ok=1 outsize=2204

Cmd: compileComputeKernel
  insize=3066 file=/Users/jscott1/Documents/GitHub/BFiIE-Spring2022/Main World/Assets/SineVFX/PostProcessingV2/Shaders/Builtins/ExposureHistogram.compute kernel=KEyeHistogram cachingPP=1 ppOnly=0 stripLineD=0 buildPlatform=13 km=<UNITY_VERSION=202039> pKW=UNITY_NO_DXT5nm UNITY_ENABLE_REFLECTION_BUFFERS UNITY_NO_CUBEMAP_ARRAY UNITY_NO_SCREENSPACE_SHADOWS UNITY_PBS_USE_BRDF2 UNITY_LIGHTMAP_DLDR_ENCODING uKW=SHADER_STAGE_COMPUTE platform=metal flags=4096 ok=1 outsize=3298

Cmd: compileComputeKernel
  insize=1436 file=/Users/jscott1/Documents/GitHub/BFiIE-Spring2022/Main World/Library/PackageCache/com.unity.terrain-tools@3.0.2-preview.3/Editor/TerrainTools/Resources/Aspect.compute kernel=AspectRemap cachingPP=1 ppOnly=0 stripLineD=0 buildPlatform=13 km=<UNITY_VERSION=202039> pKW=UNITY_NO_DXT5nm UNITY_NO_RGBM UNITY_ENABLE_REFLECTION_BUFFERS UNITY_NO_CUBEMAP_ARRAY UNITY_NO_SCREENSPACE_SHADOWS UNITY_PBS_USE_BRDF2 SHADER_API_MOBILE UNITY_LIGHTMAP_DLDR_ENCODING uKW=SHADER_STAGE_COMPUTE platform=vulkan flags=268439552 ok=1 outsize=8800

Cmd: compileComputeKernel
  insize=4847 file=/Users/jscott1/Documents/GitHub/BFiIE-Spring2022/Main World/Assets/SineVFX/PostProcessingV2/Shaders/Builtins/Lut3DBaker.compute kernel=KGenLut3D_CustomTonemap cachingPP=1 ppOnly=0 stripLineD=0 buildPlatform=13 km=<TONEMAPPING_CUSTOM=1>,<UNITY_VERSION=202039> pKW=UNITY_NO_DXT5nm UNITY_NO_RGBM UNITY_ENABLE_REFLECTION_BUFFERS UNITY_NO_CUBEMAP_ARRAY UNITY_NO_SCREENSPACE_SHADOWS UNITY_PBS_USE_BRDF2 SHADER_API_MOBILE UNITY_LIGHTMAP_DLDR_ENCODING uKW=SHADER_STAGE_COMPUTE platform=vulkan flags=268439552 ok=1 outsize=24992

Cmd: compileComputeKernel
  insize=10871 file=/Users/jscott1/Documents/GitHub/BFiIE-Spring2022/Main World/Assets/SineVFX/PostProcessingV2/Shaders/Builtins/MultiScaleVORender.compute kernel=MultiScaleVORender_MSAA cachingPP=1 ppOnly=0 stripLineD=0 buildPlatform=13 km=<MAIN=MultiScaleVORender_MSAA>,<MSAA=1>,<UNITY_VERSION=202039> pKW=UNITY_NO_DXT5nm UNITY_ENABLE_REFLECTION_BUFFERS UNITY_NO_CUBEMAP_ARRAY UNITY_NO_SCREENSPACE_SHADOWS UNITY_PBS_USE_BRDF2 UNITY_LIGHTMAP_DLDR_ENCODING uKW=SHADER_STAGE_COMPUTE platform=metal flags=4096 ok=1 outsize=22319

Cmd: compileComputeKernel
  insize=3390 file=/Users/jscott1/Documents/GitHub/BFiIE-Spring2022/Main World/Assets/SineVFX/PostProcessingV2/Shaders/Builtins/MultiScaleVODownsample1.compute kernel=MultiScaleVODownsample1 cachingPP=1 ppOnly=0 stripLineD=0 buildPlatform=13 km=<main=MultiScaleVODownsample1>,<UNITY_VERSION=202039> pKW=UNITY_NO_DXT5nm UNITY_ENABLE_REFLECTION_BUFFERS UNITY_NO_CUBEMAP_ARRAY UNITY_NO_SCREENSPACE_SHADOWS UNITY_PBS_USE_BRDF2 UNITY_LIGHTMAP_DLDR_ENCODING uKW=SHADER_STAGE_COMPUTE platform=metal flags=4096 ok=1 outsize=5274

Cmd: compileComputeKernel
  insize=4441 file=/Users/jscott1/Documents/GitHub/BFiIE-Spring2022/Main World/Library/PackageCache/com.unity.terrain-tools@3.0.2-preview.3/Editor/TerrainTools/Resources/Thermal.compute kernel=ThermalErosion cachingPP=1 ppOnly=0 stripLineD=0 buildPlatform=13 km=<UNITY_VERSION=202039> pKW=UNITY_NO_DXT5nm UNITY_ENABLE_REFLECTION_BUFFERS UNITY_NO_CUBEMAP_ARRAY UNITY_NO_SCREENSPACE_SHADOWS UNITY_PBS_USE_BRDF2 UNITY_LIGHTMAP_DLDR_ENCODING uKW=SHADER_STAGE_COMPUTE platform=metal flags=4096 ok=1 outsize=4405

Cmd: compileComputeKernel
  insize=1448 file=/Users/jscott1/Documents/GitHub/BFiIE-Spring2022/Main World/Assets/SineVFX/PostProcessingV2/Shaders/Debug/Vectorscope.compute kernel=KVectorscopeGather cachingPP=1 ppOnly=0 stripLineD=0 buildPlatform=13 km=<UNITY_VERSION=202039> pKW=UNITY_NO_DXT5nm UNITY_ENABLE_REFLECTION_BUFFERS UNITY_NO_CUBEMAP_ARRAY UNITY_NO_SCREENSPACE_SHADOWS UNITY_PBS_USE_BRDF2 UNITY_LIGHTMAP_DLDR_ENCODING uKW=SHADER_STAGE_COMPUTE platform=metal flags=4096 ok=1 outsize=3090

Cmd: compileComputeKernel
  insize=1448 file=/Users/jscott1/Documents/GitHub/BFiIE-Spring2022/Main World/Assets/SineVFX/PostProcessingV2/Shaders/Debug/Vectorscope.compute kernel=KVectorscopeGather cachingPP=1 ppOnly=0 stripLineD=0 buildPlatform=13 km=<UNITY_VERSION=202039> pKW=UNITY_NO_DXT5nm UNITY_NO_RGBM UNITY_ENABLE_REFLECTION_BUFFERS UNITY_NO_CUBEMAP_ARRAY UNITY_NO_SCREENSPACE_SHADOWS UNITY_PBS_USE_BRDF2 SHADER_API_MOBILE UNITY_LIGHTMAP_DLDR_ENCODING uKW=SHADER_STAGE_COMPUTE platform=vulkan flags=268439552 ok=1 outsize=5499

Cmd: compileComputeKernel
  insize=2038 file=/Users/jscott1/Documents/GitHub/BFiIE-Spring2022/Main World/Assets/SineVFX/PostProcessingV2/Shaders/Builtins/MultiScaleVODownsample2.compute kernel=MultiScaleVODownsample2_MSAA cachingPP=1 ppOnly=0 stripLineD=0 buildPlatform=13 km=<main=MultiScaleVODownsample2_MSAA>,<MSAA=1>,<UNITY_VERSION=202039> pKW=UNITY_NO_DXT5nm UNITY_NO_RGBM UNITY_ENABLE_REFLECTION_BUFFERS UNITY_NO_CUBEMAP_ARRAY UNITY_NO_SCREENSPACE_SHADOWS UNITY_PBS_USE_BRDF2 SHADER_API_MOBILE UNITY_LIGHTMAP_DLDR_ENCODING uKW=SHADER_STAGE_COMPUTE platform=vulkan flags=268439552 ok=1 outsize=4477

Cmd: compileComputeKernel
  insize=2053 file=/Users/jscott1/Documents/GitHub/BFiIE-Spring2022/Main World/Assets/SineVFX/PostProcessingV2/Shaders/Debug/Histogram.compute kernel=KHistogramClear cachingPP=1 ppOnly=0 stripLineD=0 buildPlatform=13 km=<UNITY_VERSION=202039> pKW=UNITY_NO_DXT5nm UNITY_NO_RGBM UNITY_ENABLE_REFLECTION_BUFFERS UNITY_NO_CUBEMAP_ARRAY UNITY_NO_SCREENSPACE_SHADOWS UNITY_PBS_USE_BRDF2 SHADER_API_MOBILE UNITY_LIGHTMAP_DLDR_ENCODING uKW=SHADER_STAGE_COMPUTE platform=vulkan flags=268439552 ok=1 outsize=1584

Cmd: compileComputeKernel
  insize=1800 file=/Users/jscott1/Documents/GitHub/BFiIE-Spring2022/Main World/Assets/SineVFX/PostProcessingV2/Shaders/Debug/Waveform.compute kernel=KWaveformGather cachingPP=1 ppOnly=0 stripLineD=0 buildPlatform=13 km=<UNITY_VERSION=202039> pKW=UNITY_NO_DXT5nm UNITY_ENABLE_REFLECTION_BUFFERS UNITY_NO_CUBEMAP_ARRAY UNITY_NO_SCREENSPACE_SHADOWS UNITY_PBS_USE_BRDF2 UNITY_LIGHTMAP_DLDR_ENCODING uKW=SHADER_STAGE_COMPUTE platform=metal flags=4096 ok=1 outsize=3365

Cmd: compileComputeKernel
  insize=1248 file=/Users/jscott1/Documents/GitHub/BFiIE-Spring2022/Main World/Library/PackageCache/com.unity.terrain-tools@3.0.2-preview.3/Editor/TerrainTools/Resources/Advection.compute kernel=Advect cachingPP=1 ppOnly=0 stripLineD=0 buildPlatform=13 km=<UNITY_VERSION=202039> pKW=UNITY_NO_DXT5nm UNITY_ENABLE_REFLECTION_BUFFERS UNITY_NO_CUBEMAP_ARRAY UNITY_NO_SCREENSPACE_SHADOWS UNITY_PBS_USE_BRDF2 UNITY_LIGHTMAP_DLDR_ENCODING uKW=SHADER_STAGE_COMPUTE platform=metal flags=4096 ok=1 outsize=2664

Cmd: compileComputeKernel
  insize=18277 file=/Users/jscott1/Documents/GitHub/BFiIE-Spring2022/Main World/Assets/SineVFX/PostProcessingV2/Shaders/Builtins/MultiScaleVOUpsample.compute kernel=MultiScaleVOUpSample_MSAA cachingPP=1 ppOnly=0 stripLineD=0 buildPlatform=13 km=<MAIN=MultiScaleVOUpSample_MSAA>,<UNITY_VERSION=202039> pKW=UNITY_NO_DXT5nm UNITY_ENABLE_REFLECTION_BUFFERS UNITY_NO_CUBEMAP_ARRAY UNITY_NO_SCREENSPACE_SHADOWS UNITY_PBS_USE_BRDF2 UNITY_LIGHTMAP_DLDR_ENCODING uKW=SHADER_STAGE_COMPUTE platform=metal flags=4096 ok=1 outsize=16154

Cmd: compileComputeKernel
  insize=18277 file=/Users/jscott1/Documents/GitHub/BFiIE-Spring2022/Main World/Assets/SineVFX/PostProcessingV2/Shaders/Builtins/MultiScaleVOUpsample.compute kernel=MultiScaleVOUpSample cachingPP=1 ppOnly=0 stripLineD=0 buildPlatform=13 km=<MAIN=MultiScaleVOUpSample>,<UNITY_VERSION=202039> pKW=UNITY_NO_DXT5nm UNITY_ENABLE_REFLECTION_BUFFERS UNITY_NO_CUBEMAP_ARRAY UNITY_NO_SCREENSPACE_SHADOWS UNITY_PBS_USE_BRDF2 UNITY_LIGHTMAP_DLDR_ENCODING uKW=SHADER_STAGE_COMPUTE platform=metal flags=4096 ok=1 outsize=16149

Cmd: compileComputeKernel
  insize=18277 file=/Users/jscott1/Documents/GitHub/BFiIE-Spring2022/Main World/Assets/SineVFX/PostProcessingV2/Shaders/Builtins/MultiScaleVOUpsample.compute kernel=MultiScaleVOUpSample cachingPP=1 ppOnly=0 stripLineD=0 buildPlatform=13 km=<MAIN=MultiScaleVOUpSample>,<UNITY_VERSION=202039> pKW=UNITY_NO_DXT5nm UNITY_NO_RGBM UNITY_ENABLE_REFLECTION_BUFFERS UNITY_NO_CUBEMAP_ARRAY UNITY_NO_SCREENSPACE_SHADOWS UNITY_PBS_USE_BRDF2 SHADER_API_MOBILE UNITY_LIGHTMAP_DLDR_ENCODING uKW=SHADER_STAGE_COMPUTE platform=vulkan flags=268439552 ok=1 outsize=32922

Cmd: compileSnippet
  insize=11538 file=Assets/SineVFX/PostProcessingV2/Shaders/Builtins/Hidden/PostProcessing/Uber pass=<Unnamed Pass> cachingPP=1 ppOnly=0 stripLineD=0 buildPlatform=13 rsLen=0 pKW=UNITY_NO_DXT5nm UNITY_ENABLE_REFLECTION_BUFFERS UNITY_NO_CUBEMAP_ARRAY UNITY_NO_SCREENSPACE_SHADOWS UNITY_PBS_USE_BRDF2 UNITY_HARDWARE_TIER3 UNITY_LIGHTMAP_DLDR_ENCODING uKW=FINALPASS dKW=DISTORT CHROMATIC_ABERRATION CHROMATIC_ABERRATION_LOW BLOOM BLOOM_LOW VIGNETTE GRAIN COLOR_GRADING_LDR_2D COLOR_GRADING_HDR_2D COLOR_GRADING_HDR_3D STEREO_INSTANCING_ENABLED STEREO_DOUBLEWIDE_TARGET UNITY_ENABLE_NATIVE_SHADOW_LOOKUPS UNITY_METAL_SHADOWS_USE_POINT_FILTERING UNITY_USE_DITHER_MASK_FOR_ALPHABLENDED_SHADOWS UNITY_PBS_USE_BRDF1 UNITY_PBS_USE_BRDF3 UNITY_NO_FULL_STANDARD_SHADER UNITY_SPECCUBE_BOX_PROJECTION UNITY_SPECCUBE_BLENDING UNITY_ENABLE_DETAIL_NORMALMAP UNITY_HARDWARE_TIER1 UNITY_HARDWARE_TIER2 UNITY_COLORSPACE_GAMMA UNITY_LIGHT_PROBE_PROXY_VOLUME UNITY_HALF_PRECISION_FRAGMENT_SHADER_REGISTERS UNITY_LIGHTMAP_RGBM_ENCODING UNITY_LIGHTMAP_FULL_HDR UNITY_VIRTUAL_TEXTURING UNITY_PRETRANSFORM_TO_DISPLAY_ORIENTATION UNITY_ASTC_NORMALMAP_ENCODING SHADER_API_GLES30 flags=0 lang=3 type=Vertex platform=metal reqs=227 mask=6 start=277 ok=1 outsize=1111

