Unity Editor version:    2020.3.30f1 (1fb1bf06830e)
Branch:                  2020.3/staging
Build type:              Release
Batch mode:              YES
macOS version:           Version 12.6 (Build 21G115)
Darwin version:          21.6.0
Architecture:            x86_64
Running under Rosetta:   NO
Available memory:        16384 MB
Using pre-set license
Pro License: NO

COMMAND LINE ARGUMENTS:
/Applications/Unity/Hub/Editor/2020.3.30f1/Unity.app/Contents/MacOS/Unity
-adb2
-batchMode
-noUpm
-name
AssetImportWorker3
-projectPath
/Users/ruhiyusuf/projects/SFHS-SCU_BFiIE_Flowressence
-logFile
Logs/AssetImportWorker3.log
-srvPort
52536
Successfully changed project path to: /Users/ruhiyusuf/projects/SFHS-SCU_BFiIE_Flowressence
/Users/ruhiyusuf/projects/SFHS-SCU_BFiIE_Flowressence
Using Asset Import Pipeline V2.
Refreshing native plugins compatible for Editor in 483.47 ms, found 3 plugins.
Preloading 1 native plugins for Editor in 27.80 ms.
Initialize engine version: 2020.3.30f1 (1fb1bf06830e)
[Subsystems] Discovering subsystems at path /Applications/Unity/Hub/Editor/2020.3.30f1/Unity.app/Contents/Resources/UnitySubsystems
[Subsystems] Discovering subsystems at path /Users/ruhiyusuf/projects/SFHS-SCU_BFiIE_Flowressence/Assets
GfxDevice: creating device client; threaded=0
2022-11-23 21:43:41.058 Unity[84778:8819395] Color LCD preferred device: AMD Radeon R9 M370X (high power)
2022-11-23 21:43:41.058 Unity[84778:8819395] Metal devices available: 2
2022-11-23 21:43:41.059 Unity[84778:8819395] 0: AMD Radeon R9 M370X (high power)
2022-11-23 21:43:41.059 Unity[84778:8819395] 1: Intel Iris Pro Graphics (low power)
2022-11-23 21:43:41.060 Unity[84778:8819395] Using device AMD Radeon R9 M370X (high power)
Initializing Metal device caps: AMD Radeon R9 M370X
Initialize mono
Mono path[0] = '/Applications/Unity/Hub/Editor/2020.3.30f1/Unity.app/Contents/Managed'
Mono path[1] = '/Applications/Unity/Hub/Editor/2020.3.30f1/Unity.app/Contents/MonoBleedingEdge/lib/mono/unityjit'
Mono config path = '/Applications/Unity/Hub/Editor/2020.3.30f1/Unity.app/Contents/MonoBleedingEdge/etc'
Using monoOptions --debugger-agent=transport=dt_socket,embedding=1,server=y,suspend=n,address=127.0.0.1:56778
Begin MonoManager ReloadAssembly
Registering precompiled unity dll's ...
Register platform support module: /Applications/Unity/Hub/Editor/2020.3.30f1/Unity.app/Contents/PlaybackEngines/MacStandaloneSupport/UnityEditor.OSXStandalone.Extensions.dll
Registered in 0.002619 seconds.
Native extension for OSXStandalone target not found
Refreshing native plugins compatible for Editor in 526.64 ms, found 3 plugins.
Preloading 1 native plugins for Editor in 1.19 ms.
Mono: successfully reloaded assembly
- Completed reload, in  3.833 seconds
Domain Reload Profiling:
	ReloadAssembly (3834ms)
		BeginReloadAssembly (220ms)
			ExecutionOrderSort (0ms)
			DisableScriptedObjects (0ms)
			BackupInstance (0ms)
			ReleaseScriptingObjects (0ms)
			CreateAndSetChildDomain (5ms)
		EndReloadAssembly (3165ms)
			LoadAssemblies (217ms)
			RebuildTransferFunctionScriptingTraits (1ms)
			SetupTypeCache (1040ms)
			ReleaseScriptCaches (0ms)
			RebuildScriptCaches (203ms)
			SetupLoadedEditorAssemblies (1431ms)
				LogAssemblyErrors (0ms)
				InitializePlatformSupportModulesInManaged (21ms)
				SetLoadedEditorAssemblies (1ms)
				RefreshPlugins (528ms)
				BeforeProcessingInitializeOnLoad (147ms)
				ProcessInitializeOnLoadAttributes (570ms)
				ProcessInitializeOnLoadMethodAttributes (164ms)
				AfterProcessingInitializeOnLoad (0ms)
				EditorAssembliesLoaded (1ms)
			ExecutionOrderSort2 (0ms)
			AwakeInstancesAfterBackupRestoration (0ms)
Platform modules already initialized, skipping
Registering precompiled user dll's ...
Registered in 0.013497 seconds.
Begin MonoManager ReloadAssembly
Native extension for OSXStandalone target not found
Refreshing native plugins compatible for Editor in 437.96 ms, found 3 plugins.
Preloading 1 native plugins for Editor in 1.11 ms.
Mono: successfully reloaded assembly
- Completed reload, in  9.679 seconds
Domain Reload Profiling:
	ReloadAssembly (9684ms)
		BeginReloadAssembly (762ms)
			ExecutionOrderSort (0ms)
			DisableScriptedObjects (24ms)
			BackupInstance (0ms)
			ReleaseScriptingObjects (1ms)
			CreateAndSetChildDomain (121ms)
		EndReloadAssembly (8574ms)
			LoadAssemblies (399ms)
			RebuildTransferFunctionScriptingTraits (0ms)
			SetupTypeCache (2433ms)
			ReleaseScriptCaches (2ms)
			RebuildScriptCaches (392ms)
			SetupLoadedEditorAssemblies (4633ms)
				LogAssemblyErrors (0ms)
				InitializePlatformSupportModulesInManaged (13ms)
				SetLoadedEditorAssemblies (1ms)
				RefreshPlugins (439ms)
				BeforeProcessingInitializeOnLoad (493ms)
				ProcessInitializeOnLoadAttributes (3630ms)
				ProcessInitializeOnLoadMethodAttributes (49ms)
				AfterProcessingInitializeOnLoad (6ms)
				EditorAssembliesLoaded (1ms)
			ExecutionOrderSort2 (0ms)
			AwakeInstancesAfterBackupRestoration (41ms)
Platform modules already initialized, skipping
Validating Project structure ... 0.123220 seconds.
Shader import version has changed; will reimport all shaders...
Upgrading shader files ...0.213418 seconds.
Application.AssetDatabase Initial Script Refresh Start
RefreshInfo: InitialScriptRefreshV2(NoUpdateAssetOptions) scanfilter:  ... 1 filters
RefreshProfiler: Total: 0.000ms
Application.AssetDatabase Initial Script Refresh End
Application.AssetDatabase.Refresh Start
Application.AssetDatabase.Refresh End
RefreshInfo: StopAssetImportingV2(ForceSynchronousImport) scanfilter: 
RefreshProfiler: Total: 0.000ms
Launching external process: /Applications/Unity/Hub/Editor/2020.3.30f1/Unity.app/Contents/Tools/UnityShaderCompiler
Launched and connected shader compiler UnityShaderCompiler after 0.05 seconds
Initializing Unity extensions:
2022-11-23 21:44:05.656 Unity[84778:8819395] NSEventModifierFlagFunction specified to -setKeyEquivalentModifierMask: for item <NSMenuItem: 0x6000023d7250 Font Asset, ke='Command-F12'>, but is only supported for system-provided menu items; will not be used
2022-11-23 21:44:05.681 Unity[84778:8819395] NSEventModifierFlagFunction specified to -setKeyEquivalentModifierMask: for item <NSMenuItem: 0x60000231a140 Font Asset, ke='Command-F12'>, but is only supported for system-provided menu items; will not be used
========================================================================
Worker process is ready to serve import requests
Refreshing native plugins compatible for Editor in 3.20 ms, found 3 plugins.
Preloading 1 native plugins for Editor in 1.46 ms.
Unloading 4186 Unused Serialized files (Serialized files now loaded: 0)
System memory in use before: 365.1 MB.
System memory in use after: 363.0 MB.

Unloading 389 unused Assets to reduce memory usage. Loaded Objects now: 4690.
Total: 21.437076 ms (FindLiveObjects: 1.311637 ms CreateObjectMapping: 1.370863 ms MarkObjects: 16.386973 ms  DeleteObjects: 2.363299 ms)

AssetImportParameters requested are different than current active one (requested -> active):
  custom:video-decoder-ogg-theora: a1e56fd34408186e4bbccfd4996cb3dc -> 
  custom:container-muxer-webm: aa71ff27fc2769a1b78a27578f13a17b -> 
  custom:container-demuxer-webm: 4f35f7cbe854078d1ac9338744f61a02 -> 
  custom:container-demuxer-ogg: 62fdf1f143b41e24485cea50d1cbac27 -> 
  custom:video-encoder-webm-vp8: eb34c28f22e8b96e1ab97ce403110664 -> 
  custom:framework-osx-AVFoundation: e770b220cccbd017edd2c1fefb359320 -> 
  custom:video-decoder-webm-vp8: 9c59270c3fd7afecdb556c50c9e8de78 -> 
  custom:audio-decoder-ogg-vorbis: bf7c407c2cedff20999df2af8eb42d56 -> 
  custom:audio-encoder-webm-vorbis: bf7c407c2cedff20999df2af8eb42d56 -> 
========================================================================
Received Import Request.
  path: Assets/TerrainData_09da2aee-1f3d-4f5d-aa53-4e4034d1f12f.asset
  artifactKey: Guid(69aae59ebbfd5b644a1c709da1e49c1d) Importer(815301076,1909f56bfc062723c751e8b465ee728b)
Start importing Assets/TerrainData_09da2aee-1f3d-4f5d-aa53-4e4034d1f12f.asset using Guid(69aae59ebbfd5b644a1c709da1e49c1d) Importer(815301076,1909f56bfc062723c751e8b465ee728b)  -> (artifact id: '6e73976accf58f4b5a83d19ea8c98c79') in 1.091325 seconds 
========================================================================
Received Import Request.
  Time since last request: 0.001233 seconds.
  path: Assets/New Terrain 7.asset
  artifactKey: Guid(50db545f9180cbf43ba8584e7e6efd67) Importer(815301076,1909f56bfc062723c751e8b465ee728b)
Start importing Assets/New Terrain 7.asset using Guid(50db545f9180cbf43ba8584e7e6efd67) Importer(815301076,1909f56bfc062723c751e8b465ee728b)  -> (artifact id: '7a041056cd70d3184d2d5f470878252b') in 0.028680 seconds 
========================================================================
Received Import Request.
  Time since last request: 0.002072 seconds.
  path: Assets/TerrainData_d6b66e4d-81ce-406b-86fe-4c14c7cb459f.asset
  artifactKey: Guid(ccb2f88d5d0975a409b8fe647aebc48d) Importer(815301076,1909f56bfc062723c751e8b465ee728b)
Start importing Assets/TerrainData_d6b66e4d-81ce-406b-86fe-4c14c7cb459f.asset using Guid(ccb2f88d5d0975a409b8fe647aebc48d) Importer(815301076,1909f56bfc062723c751e8b465ee728b)  -> (artifact id: '9661f326d687c37ec1b628714f72149a') in 0.025232 seconds 
========================================================================
Received Import Request.
  Time since last request: 0.001025 seconds.
  path: Assets/TerrainData_db02fa82-8c15-4971-9b39-604dc14646c5.asset
  artifactKey: Guid(79781f828208a254ca14ceec79281724) Importer(815301076,1909f56bfc062723c751e8b465ee728b)
Start importing Assets/TerrainData_db02fa82-8c15-4971-9b39-604dc14646c5.asset using Guid(79781f828208a254ca14ceec79281724) Importer(815301076,1909f56bfc062723c751e8b465ee728b)  -> (artifact id: '53fc8e27f211fbd81d9ebc019e2c87e5') in 0.026311 seconds 
========================================================================
Received Import Request.
  Time since last request: 0.001072 seconds.
  path: Assets/TerrainData_e19bf2e5-56b9-4652-a640-50e46c953367.asset
  artifactKey: Guid(ba60197694fa05847b83d7b1d9e5269d) Importer(815301076,1909f56bfc062723c751e8b465ee728b)
Start importing Assets/TerrainData_e19bf2e5-56b9-4652-a640-50e46c953367.asset using Guid(ba60197694fa05847b83d7b1d9e5269d) Importer(815301076,1909f56bfc062723c751e8b465ee728b)  -> (artifact id: '85ebffba87afdf279a1827bcab4588e1') in 0.024052 seconds 
========================================================================
Received Import Request.
  Time since last request: 0.001029 seconds.
  path: Assets/TerrainData_f25eb7c0-a596-448f-9eb1-1d0f6769dca7.asset
  artifactKey: Guid(379da558a82e10a42b5d7d8b795c4566) Importer(815301076,1909f56bfc062723c751e8b465ee728b)
Start importing Assets/TerrainData_f25eb7c0-a596-448f-9eb1-1d0f6769dca7.asset using Guid(379da558a82e10a42b5d7d8b795c4566) Importer(815301076,1909f56bfc062723c751e8b465ee728b)  -> (artifact id: '4849aefccc6ecb2844b84e32db2810b7') in 0.118659 seconds 
========================================================================
Received Import Request.
  Time since last request: 0.001358 seconds.
  path: Assets/New Terrain 9.asset
  artifactKey: Guid(cb3d8cd3b068b874c990ce7448030a6c) Importer(815301076,1909f56bfc062723c751e8b465ee728b)
Start importing Assets/New Terrain 9.asset using Guid(cb3d8cd3b068b874c990ce7448030a6c) Importer(815301076,1909f56bfc062723c751e8b465ee728b)  -> (artifact id: '67b8b72034e95cfef84911406b344421') in 0.028884 seconds 
========================================================================
Received Import Request.
  Time since last request: 0.001335 seconds.
  path: Assets/New Terrain 10.asset
  artifactKey: Guid(782dd9a245e94434ea1bf7891123df72) Importer(815301076,1909f56bfc062723c751e8b465ee728b)
Start importing Assets/New Terrain 10.asset using Guid(782dd9a245e94434ea1bf7891123df72) Importer(815301076,1909f56bfc062723c751e8b465ee728b)  -> (artifact id: '5d321935d57e3222928ac43f59802bdd') in 0.023747 seconds 
========================================================================
Received Import Request.
  Time since last request: 0.000992 seconds.
  path: Assets/testcave2.fbx
  artifactKey: Guid(e6c87de0c96cffb4ea35b9c6ea5804d9) Importer(815301076,1909f56bfc062723c751e8b465ee728b)
Start importing Assets/testcave2.fbx using Guid(e6c87de0c96cffb4ea35b9c6ea5804d9) Importer(815301076,1909f56bfc062723c751e8b465ee728b)  -> (artifact id: '1e59d2f80e66d958321c43ac9092a1b8') in 2.112576 seconds 
========================================================================
Received Import Request.
  Time since last request: 0.001044 seconds.
  path: Assets/Packages_com.unity.render-pipelines.universal_Runtime_Materials_New Terrain Material.mat
  artifactKey: Guid(e0a8302eb4fe1314e94b561bb7df86ca) Importer(815301076,1909f56bfc062723c751e8b465ee728b)
Start importing Assets/Packages_com.unity.render-pipelines.universal_Runtime_Materials_New Terrain Material.mat using Guid(e0a8302eb4fe1314e94b561bb7df86ca) Importer(815301076,1909f56bfc062723c751e8b465ee728b)  -> (artifact id: 'a6f4464756041f736bf4b510d227352f') in 1.051855 seconds 
========================================================================
Received Import Request.
  Time since last request: 0.001196 seconds.
  path: Assets/New Terrain 8.asset
  artifactKey: Guid(f0026a308df33c4428ed0cfc068a48f7) Importer(815301076,1909f56bfc062723c751e8b465ee728b)
Start importing Assets/New Terrain 8.asset using Guid(f0026a308df33c4428ed0cfc068a48f7) Importer(815301076,1909f56bfc062723c751e8b465ee728b)  -> (artifact id: '3ca80e4c0bc0f6c14e53839fe3b73f5e') in 0.020293 seconds 
========================================================================
Received Import Request.
  Time since last request: 0.000786 seconds.
  path: Assets/TerrainData_d55b2ac1-49de-4830-be23-c1e6c3729e6d.asset
  artifactKey: Guid(47f93b5520aa99143ab1158ac57f13f4) Importer(815301076,1909f56bfc062723c751e8b465ee728b)
Start importing Assets/TerrainData_d55b2ac1-49de-4830-be23-c1e6c3729e6d.asset using Guid(47f93b5520aa99143ab1158ac57f13f4) Importer(815301076,1909f56bfc062723c751e8b465ee728b)  -> (artifact id: '71423c6bb46afd9b82f229c5a1b163ed') in 0.137653 seconds 
========================================================================
Received Import Request.
  Time since last request: 0.000879 seconds.
  path: Assets/Sky2.mat
  artifactKey: Guid(f960627c9b809274aa95c16515abe714) Importer(815301076,1909f56bfc062723c751e8b465ee728b)
Start importing Assets/Sky2.mat using Guid(f960627c9b809274aa95c16515abe714) Importer(815301076,1909f56bfc062723c751e8b465ee728b)  -> (artifact id: '51bbdbf430a9c41fd18c1868ee7ea87e') in 0.119977 seconds 
========================================================================
Received Import Request.
  Time since last request: 0.000971 seconds.
  path: Assets/New Terrain 11.asset
  artifactKey: Guid(04f90a619680b464f990708b0772904f) Importer(815301076,1909f56bfc062723c751e8b465ee728b)
Start importing Assets/New Terrain 11.asset using Guid(04f90a619680b464f990708b0772904f) Importer(815301076,1909f56bfc062723c751e8b465ee728b)  -> (artifact id: '5ff09e3a1efa2af62cea0fd357da4e08') in 0.046820 seconds 
========================================================================
Received Import Request.
  Time since last request: 0.001185 seconds.
  path: Assets/Readme.asset
  artifactKey: Guid(83c2ed844a8c74b779a4c823d16594b1) Importer(815301076,1909f56bfc062723c751e8b465ee728b)
Start importing Assets/Readme.asset using Guid(83c2ed844a8c74b779a4c823d16594b1) Importer(815301076,1909f56bfc062723c751e8b465ee728b)  -> (artifact id: '8b1cb48c2cb3f2ab11a55bbe97c386b7') in 0.012973 seconds 
========================================================================
Received Import Request.
  Time since last request: 0.000925 seconds.
  path: Assets/New Terrain.asset
  artifactKey: Guid(ee368cae0279a1541a936237b13eaf2f) Importer(815301076,1909f56bfc062723c751e8b465ee728b)
Start importing Assets/New Terrain.asset using Guid(ee368cae0279a1541a936237b13eaf2f) Importer(815301076,1909f56bfc062723c751e8b465ee728b)  -> (artifact id: '7fb99f18705a2ba0874df5e11b6accaf') in 0.027206 seconds 
AssetImportWorkerClient::OnTransportError - code=2 error=End of file
