Using pre-set license
Built from '2020.3/staging' branch; Version is '2020.3.30f1 (1fb1bf06830e) revision 2077119'; Using compiler version '192528614'; Build Type 'Release'
OS: 'Windows 10  (10.0.19043) 64bit Core' Language: 'en' Physical Memory: 16166 MB
BatchMode: 1, IsHumanControllingUs: 0, StartBugReporterOnCrash: 0, Is64bit: 1, IsPro: 0

COMMAND LINE ARGUMENTS:
C:\Program Files\Unity\Hub\Editor\2020.3.30f1\Editor\Unity.exe
-adb2
-batchMode
-noUpm
-name
AssetImportWorker0
-projectPath
C:/Users/annie/Downloads/BFiIE-Spring2022
-logFile
Logs/AssetImportWorker0.log
-srvPort
52494
Successfully changed project path to: C:/Users/annie/Downloads/BFiIE-Spring2022
C:/Users/annie/Downloads/BFiIE-Spring2022
Using Asset Import Pipeline V2.
Refreshing native plugins compatible for Editor in 142.21 ms, found 5 plugins.
Preloading 1 native plugins for Editor in 1.59 ms.
Initialize engine version: 2020.3.30f1 (1fb1bf06830e)
[Subsystems] Discovering subsystems at path C:/Program Files/Unity/Hub/Editor/2020.3.30f1/Editor/Data/Resources/UnitySubsystems
[Subsystems] Discovering subsystems at path C:/Users/annie/Downloads/BFiIE-Spring2022/Assets
GfxDevice: creating device client; threaded=0
Direct3D:
    Version:  Direct3D 11.0 [level 11.1]
    Renderer: Intel(R) UHD Graphics 620 (ID=0x3ea0)
    Vendor:   
    VRAM:     8083 MB
    Driver:   27.20.100.8681
Initialize mono
Mono path[0] = 'C:/Program Files/Unity/Hub/Editor/2020.3.30f1/Editor/Data/Managed'
Mono path[1] = 'C:/Program Files/Unity/Hub/Editor/2020.3.30f1/Editor/Data/MonoBleedingEdge/lib/mono/unityjit'
Mono config path = 'C:/Program Files/Unity/Hub/Editor/2020.3.30f1/Editor/Data/MonoBleedingEdge/etc'
Using monoOptions --debugger-agent=transport=dt_socket,embedding=1,server=y,suspend=n,address=127.0.0.1:56244
Begin MonoManager ReloadAssembly
Registering precompiled unity dll's ...
Register platform support module: C:/Program Files/Unity/Hub/Editor/2020.3.30f1/Editor/Data/PlaybackEngines/WindowsStandaloneSupport/UnityEditor.WindowsStandalone.Extensions.dll
Registered in 0.003444 seconds.
Native extension for WindowsStandalone target not found
Refreshing native plugins compatible for Editor in 96.56 ms, found 5 plugins.
Preloading 1 native plugins for Editor in 0.10 ms.
Mono: successfully reloaded assembly
- Completed reload, in  0.752 seconds
Domain Reload Profiling:
	ReloadAssembly (752ms)
		BeginReloadAssembly (84ms)
			ExecutionOrderSort (0ms)
			DisableScriptedObjects (0ms)
			BackupInstance (0ms)
			ReleaseScriptingObjects (0ms)
			CreateAndSetChildDomain (1ms)
		EndReloadAssembly (579ms)
			LoadAssemblies (81ms)
			RebuildTransferFunctionScriptingTraits (0ms)
			SetupTypeCache (180ms)
			ReleaseScriptCaches (0ms)
			RebuildScriptCaches (35ms)
			SetupLoadedEditorAssemblies (248ms)
				LogAssemblyErrors (0ms)
				InitializePlatformSupportModulesInManaged (6ms)
				SetLoadedEditorAssemblies (0ms)
				RefreshPlugins (97ms)
				BeforeProcessingInitializeOnLoad (12ms)
				ProcessInitializeOnLoadAttributes (96ms)
				ProcessInitializeOnLoadMethodAttributes (38ms)
				AfterProcessingInitializeOnLoad (0ms)
				EditorAssembliesLoaded (0ms)
			ExecutionOrderSort2 (0ms)
			AwakeInstancesAfterBackupRestoration (0ms)
Platform modules already initialized, skipping
Registering precompiled user dll's ...
Registered in 0.007359 seconds.
Begin MonoManager ReloadAssembly
Native extension for WindowsStandalone target not found
Refreshing native plugins compatible for Editor in 96.42 ms, found 5 plugins.
Preloading 1 native plugins for Editor in 0.10 ms.
[XR] OculusXRPlugin: registering subsystems
[XR] Unable to register display lifecyle provider: [1]
[XR] Oculus Input lifecycle provider registered.
[XR] Unable to register input lifecyle provider: [1]
System.Reflection.TargetInvocationException: Exception has been thrown by the target of an invocation. ---> System.NullReferenceException: Object reference not set to an instance of an object
  at Unity.XR.Oculus.OculusLoader.AssetPathToAbsolutePath (System.String assetPath) [0x00048] in C:\Users\vradmin\Downloads\BFiIE-Spring2022\Library\PackageCache\com.unity.xr.oculus@1.11.2\Runtime\OculusLoader.cs:250 
  at Unity.XR.Oculus.OculusLoader.EditorLoadOVRPlugin () [0x0007b] in C:\Users\vradmin\Downloads\BFiIE-Spring2022\Library\PackageCache\com.unity.xr.oculus@1.11.2\Runtime\OculusLoader.cs:235 
  at (wrapper managed-to-native) System.Reflection.MonoMethod.InternalInvoke(System.Reflection.MonoMethod,object,object[],System.Exception&)
  at System.Reflection.MonoMethod.Invoke (System.Object obj, System.Reflection.BindingFlags invokeAttr, System.Reflection.Binder binder, System.Object[] parameters, System.Globalization.CultureInfo culture) [0x00032] in <695d1cc93cca45069c528c15c9fdd749>:0 
   --- End of inner exception stack trace ---
  at System.Reflection.MonoMethod.Invoke (System.Object obj, System.Reflection.BindingFlags invokeAttr, System.Reflection.Binder binder, System.Object[] parameters, System.Globalization.CultureInfo culture) [0x00048] in <695d1cc93cca45069c528c15c9fdd749>:0 
  at System.Reflection.MethodBase.Invoke (System.Object obj, System.Object[] parameters) [0x00000] in <695d1cc93cca45069c528c15c9fdd749>:0 
  at UnityEditor.EditorAssemblies.ProcessInitializeOnLoadMethodAttributes () [0x00047] in <68089899e4c84456bfc1de3436accf4a>:0 
UnityEngine.StackTraceUtility:ExtractStackTrace ()
UnityEngine.DebugLogHandler:LogFormat (UnityEngine.LogType,UnityEngine.Object,string,object[])
UnityEngine.Logger:Log (UnityEngine.LogType,object)
UnityEngine.Debug:LogError (object)
UnityEditor.EditorAssemblies:ProcessInitializeOnLoadMethodAttributes ()

Mono: successfully reloaded assembly
- Completed reload, in  1.922 seconds
Domain Reload Profiling:
	ReloadAssembly (1923ms)
		BeginReloadAssembly (188ms)
			ExecutionOrderSort (0ms)
			DisableScriptedObjects (5ms)
			BackupInstance (0ms)
			ReleaseScriptingObjects (0ms)
			CreateAndSetChildDomain (21ms)
		EndReloadAssembly (1661ms)
			LoadAssemblies (127ms)
			RebuildTransferFunctionScriptingTraits (0ms)
			SetupTypeCache (387ms)
			ReleaseScriptCaches (1ms)
			RebuildScriptCaches (74ms)
			SetupLoadedEditorAssemblies (943ms)
				LogAssemblyErrors (0ms)
				InitializePlatformSupportModulesInManaged (4ms)
				SetLoadedEditorAssemblies (0ms)
				RefreshPlugins (97ms)
				BeforeProcessingInitializeOnLoad (120ms)
				ProcessInitializeOnLoadAttributes (678ms)
				ProcessInitializeOnLoadMethodAttributes (35ms)
				AfterProcessingInitializeOnLoad (9ms)
				EditorAssembliesLoaded (0ms)
			ExecutionOrderSort2 (0ms)
			AwakeInstancesAfterBackupRestoration (6ms)
Platform modules already initialized, skipping
========================================================================
Worker process is ready to serve import requests
Launched and connected shader compiler UnityShaderCompiler.exe after 0.05 seconds
Refreshing native plugins compatible for Editor in 1.18 ms, found 5 plugins.
Preloading 1 native plugins for Editor in 0.11 ms.
Unloading 3864 Unused Serialized files (Serialized files now loaded: 0)
System memory in use before: 193.9 MB.
System memory in use after: 194.1 MB.

Unloading 33 unused Assets to reduce memory usage. Loaded Objects now: 4347.
Total: 4.988200 ms (FindLiveObjects: 0.346100 ms CreateObjectMapping: 0.167000 ms MarkObjects: 4.304100 ms  DeleteObjects: 0.169600 ms)

AssetImportParameters requested are different than current active one (requested -> active):
  custom:framework-win-MediaFoundation: 216162199b28c13a410421893ffa2e32 -> 
  custom:video-decoder-ogg-theora: a1e56fd34408186e4bbccfd4996cb3dc -> 
  custom:container-muxer-webm: aa71ff27fc2769a1b78a27578f13a17b -> 
  custom:container-demuxer-webm: 4f35f7cbe854078d1ac9338744f61a02 -> 
  custom:container-demuxer-ogg: 62fdf1f143b41e24485cea50d1cbac27 -> 
  custom:video-encoder-webm-vp8: eb34c28f22e8b96e1ab97ce403110664 -> 
  custom:video-decoder-webm-vp8: 9c59270c3fd7afecdb556c50c9e8de78 -> 
  custom:audio-decoder-ogg-vorbis: bf7c407c2cedff20999df2af8eb42d56 -> 
  custom:audio-encoder-webm-vorbis: bf7c407c2cedff20999df2af8eb42d56 -> 
========================================================================
Received Import Request.
  path: Assets/New Terrain 7.asset
  artifactKey: Guid(50db545f9180cbf43ba8584e7e6efd67) Importer(815301076,1909f56bfc062723c751e8b465ee728b)
Start importing Assets/New Terrain 7.asset using Guid(50db545f9180cbf43ba8584e7e6efd67) Importer(815301076,1909f56bfc062723c751e8b465ee728b)  -> (artifact id: '7a041056cd70d3184d2d5f470878252b') in 0.042065 seconds 
========================================================================
Received Import Request.
  Time since last request: 0.000398 seconds.
  path: Assets/testcave2.fbx
  artifactKey: Guid(e6c87de0c96cffb4ea35b9c6ea5804d9) Importer(815301076,1909f56bfc062723c751e8b465ee728b)
Start importing Assets/testcave2.fbx using Guid(e6c87de0c96cffb4ea35b9c6ea5804d9) Importer(815301076,1909f56bfc062723c751e8b465ee728b)  -> (artifact id: 'f2b356ef283e9650539f8d16b4fe38d3') in 0.148254 seconds 
========================================================================
Received Import Request.
  Time since last request: 0.000375 seconds.
  path: Assets/TerrainData_d55b2ac1-49de-4830-be23-c1e6c3729e6d.asset
  artifactKey: Guid(47f93b5520aa99143ab1158ac57f13f4) Importer(815301076,1909f56bfc062723c751e8b465ee728b)
Start importing Assets/TerrainData_d55b2ac1-49de-4830-be23-c1e6c3729e6d.asset using Guid(47f93b5520aa99143ab1158ac57f13f4) Importer(815301076,1909f56bfc062723c751e8b465ee728b)  -> (artifact id: '2a894a1189d8036af925271e89d4ef93') in 0.010764 seconds 
========================================================================
Received Import Request.
  Time since last request: 11.504696 seconds.
  path: Assets/Scenes/New Scene.unity
  artifactKey: Guid(eb7e46c1db94e864ba50caa3ae0d4653) Importer(815301076,1909f56bfc062723c751e8b465ee728b)
Start importing Assets/Scenes/New Scene.unity using Guid(eb7e46c1db94e864ba50caa3ae0d4653) Importer(815301076,1909f56bfc062723c751e8b465ee728b)  -> (artifact id: '23ccfaff7877da7d5e21ce4fbe630151') in 0.003496 seconds 
========================================================================
Received Import Request.
  Time since last request: 1.487597 seconds.
  path: Assets/Scenes/Main Scene.unity
  artifactKey: Guid(5d0ae63f98cea614ca6fb60f991f4c29) Importer(815301076,1909f56bfc062723c751e8b465ee728b)
Start importing Assets/Scenes/Main Scene.unity using Guid(5d0ae63f98cea614ca6fb60f991f4c29) Importer(815301076,1909f56bfc062723c751e8b465ee728b)  -> (artifact id: 'd0904cbc1461de82527785b6596bafc2') in 0.003402 seconds 
========================================================================
Received Import Request.
  Time since last request: 1.107515 seconds.
  path: Assets/Scenes/Anya.unity
  artifactKey: Guid(5b28f16acb437fc4ba3004981fea999f) Importer(815301076,1909f56bfc062723c751e8b465ee728b)
Start importing Assets/Scenes/Anya.unity using Guid(5b28f16acb437fc4ba3004981fea999f) Importer(815301076,1909f56bfc062723c751e8b465ee728b)  -> (artifact id: '1602cc78d309054b59cfea70030d2ecf') in 0.004456 seconds 
========================================================================
Received Import Request.
  Time since last request: 81.812034 seconds.
  path: Assets/Terrain/Terrain_0_0_69a12d17-fb2e-46ed-a9e1-9575caf8097c.asset
  artifactKey: Guid(f5b01c7907394b04b9bc7a65b26d0ffa) Importer(815301076,1909f56bfc062723c751e8b465ee728b)
Start importing Assets/Terrain/Terrain_0_0_69a12d17-fb2e-46ed-a9e1-9575caf8097c.asset using Guid(f5b01c7907394b04b9bc7a65b26d0ffa) Importer(815301076,1909f56bfc062723c751e8b465ee728b)  -> (artifact id: '6cbe65e7d2e42afd2955ed521f3f7820') in 0.006805 seconds 
========================================================================
Received Import Request.
  Time since last request: 0.000387 seconds.
  path: Assets/Terrain/Terrain_0_0_a211c2bb-dd29-4fef-9cc4-ef0a7c9e846b.asset
  artifactKey: Guid(f65c570d91a98d745891d46b2fa7b7a8) Importer(815301076,1909f56bfc062723c751e8b465ee728b)
Start importing Assets/Terrain/Terrain_0_0_a211c2bb-dd29-4fef-9cc4-ef0a7c9e846b.asset using Guid(f65c570d91a98d745891d46b2fa7b7a8) Importer(815301076,1909f56bfc062723c751e8b465ee728b)  -> (artifact id: 'cd5302c14ec7b43268fd756410751b2e') in 0.007312 seconds 
========================================================================
Received Import Request.
  Time since last request: 2.185570 seconds.
  path: Assets/TranslucentCrystals/Prefabs
  artifactKey: Guid(57ba1372d1301cc4fb18ae9042873fd8) Importer(815301076,1909f56bfc062723c751e8b465ee728b)
Start importing Assets/TranslucentCrystals/Prefabs using Guid(57ba1372d1301cc4fb18ae9042873fd8) Importer(815301076,1909f56bfc062723c751e8b465ee728b)  -> (artifact id: '167714ea885c7b3027604957a5df151d') in 0.002628 seconds 
========================================================================
Received Import Request.
  Time since last request: 0.047129 seconds.
  path: Assets/TranslucentCrystals/Prefabs/Crystalsv01.prefab
  artifactKey: Guid(8ad137f6808375f4e885d60451f0c4fc) Importer(815301076,1909f56bfc062723c751e8b465ee728b)
Start importing Assets/TranslucentCrystals/Prefabs/Crystalsv01.prefab using Guid(8ad137f6808375f4e885d60451f0c4fc) Importer(815301076,1909f56bfc062723c751e8b465ee728b)  -> (artifact id: 'f7f34257f1b5402e01d0b0af67a62126') in 0.172939 seconds 
========================================================================
Received Import Request.
  Time since last request: 0.001512 seconds.
  path: Assets/TranslucentCrystals/Prefabs/Crystalsv10.prefab
  artifactKey: Guid(227f9257bcc7175478a7f935e3bfc552) Importer(815301076,1909f56bfc062723c751e8b465ee728b)
Start importing Assets/TranslucentCrystals/Prefabs/Crystalsv10.prefab using Guid(227f9257bcc7175478a7f935e3bfc552) Importer(815301076,1909f56bfc062723c751e8b465ee728b)  -> (artifact id: '0aaaa977a6d1bfd03dd5faf0ed4e4413') in 0.145826 seconds 
========================================================================
Received Import Request.
  Time since last request: 0.000293 seconds.
  path: Assets/TranslucentCrystals/Prefabs/Crystalsv08.prefab
  artifactKey: Guid(da6e8bbd483d22c449e703a7e40afde4) Importer(815301076,1909f56bfc062723c751e8b465ee728b)
Start importing Assets/TranslucentCrystals/Prefabs/Crystalsv08.prefab using Guid(da6e8bbd483d22c449e703a7e40afde4) Importer(815301076,1909f56bfc062723c751e8b465ee728b)  -> (artifact id: 'a7588c5ed9334f94975b48c1aa3f40d8') in 0.029109 seconds 
========================================================================
Received Import Request.
  Time since last request: 0.000489 seconds.
  path: Assets/TranslucentCrystals/Prefabs/Crystalsv07.prefab
  artifactKey: Guid(67c6e02e204ef6244a8f475a94826851) Importer(815301076,1909f56bfc062723c751e8b465ee728b)
Start importing Assets/TranslucentCrystals/Prefabs/Crystalsv07.prefab using Guid(67c6e02e204ef6244a8f475a94826851) Importer(815301076,1909f56bfc062723c751e8b465ee728b)  -> (artifact id: '657e39ecc916002114bf2d4905776c08') in 0.031705 seconds 
========================================================================
Received Import Request.
  Time since last request: 0.000395 seconds.
  path: Assets/TranslucentCrystals/Prefabs/Crystalsv04.prefab
  artifactKey: Guid(ff31047102e4ad54da5383aa244844cf) Importer(815301076,1909f56bfc062723c751e8b465ee728b)
Start importing Assets/TranslucentCrystals/Prefabs/Crystalsv04.prefab using Guid(ff31047102e4ad54da5383aa244844cf) Importer(815301076,1909f56bfc062723c751e8b465ee728b)  -> (artifact id: '4db5aea48d7d4fbd761e48b92bba14ed') in 0.033922 seconds 
========================================================================
Received Import Request.
  Time since last request: 0.000450 seconds.
  path: Assets/TranslucentCrystals/Prefabs/Crystalsv06.prefab
  artifactKey: Guid(4aa7f4f0acab60742bea9a9f6a3bb144) Importer(815301076,1909f56bfc062723c751e8b465ee728b)
Start importing Assets/TranslucentCrystals/Prefabs/Crystalsv06.prefab using Guid(4aa7f4f0acab60742bea9a9f6a3bb144) Importer(815301076,1909f56bfc062723c751e8b465ee728b)  -> (artifact id: '66bde4d4bfe78ed902966c97e7c3604d') in 0.028543 seconds 
========================================================================
Received Import Request.
  Time since last request: 0.000454 seconds.
  path: Assets/TranslucentCrystals/Prefabs/Crystalsv09.prefab
  artifactKey: Guid(5f285e9508d4e3f4488b284bb80a0b9b) Importer(815301076,1909f56bfc062723c751e8b465ee728b)
Start importing Assets/TranslucentCrystals/Prefabs/Crystalsv09.prefab using Guid(5f285e9508d4e3f4488b284bb80a0b9b) Importer(815301076,1909f56bfc062723c751e8b465ee728b)  -> (artifact id: '0d8f292752293bf371490c77cea39711') in 0.030249 seconds 
========================================================================
Received Import Request.
  Time since last request: 0.000314 seconds.
  path: Assets/TranslucentCrystals/Prefabs/Crystalsv05.prefab
  artifactKey: Guid(ee88617da51e3e8479a812f9d58a94be) Importer(815301076,1909f56bfc062723c751e8b465ee728b)
Start importing Assets/TranslucentCrystals/Prefabs/Crystalsv05.prefab using Guid(ee88617da51e3e8479a812f9d58a94be) Importer(815301076,1909f56bfc062723c751e8b465ee728b)  -> (artifact id: '74bef39507540fcd2c94cd25f353d9b5') in 0.033542 seconds 
========================================================================
Received Import Request.
  Time since last request: 0.000483 seconds.
  path: Assets/TranslucentCrystals/Prefabs/Crystalsv02.prefab
  artifactKey: Guid(f035235bfe0fb5d48b6f85818f4f000e) Importer(815301076,1909f56bfc062723c751e8b465ee728b)
Start importing Assets/TranslucentCrystals/Prefabs/Crystalsv02.prefab using Guid(f035235bfe0fb5d48b6f85818f4f000e) Importer(815301076,1909f56bfc062723c751e8b465ee728b)  -> (artifact id: 'e056d771755f7c5176ebed2f4cd68f76') in 0.030343 seconds 
========================================================================
Received Import Request.
  Time since last request: 0.000385 seconds.
  path: Assets/TranslucentCrystals/Prefabs/Crystalsv03.prefab
  artifactKey: Guid(03fc9d38e2dd7c343baa918a99f6d833) Importer(815301076,1909f56bfc062723c751e8b465ee728b)
Start importing Assets/TranslucentCrystals/Prefabs/Crystalsv03.prefab using Guid(03fc9d38e2dd7c343baa918a99f6d833) Importer(815301076,1909f56bfc062723c751e8b465ee728b)  -> (artifact id: '978df03ada2d80a571409b941aa7d46a') in 0.034840 seconds 
========================================================================
Received Import Request.
  Time since last request: 0.166256 seconds.
  path: Assets/TranslucentCrystals/Prefabs/Gamma
  artifactKey: Guid(0691c4c9bf768674189e0f784d14479b) Importer(815301076,1909f56bfc062723c751e8b465ee728b)
Start importing Assets/TranslucentCrystals/Prefabs/Gamma using Guid(0691c4c9bf768674189e0f784d14479b) Importer(815301076,1909f56bfc062723c751e8b465ee728b)  -> (artifact id: 'bafd336084015d6669113340ba24ec60') in 0.002784 seconds 
========================================================================
Received Import Request.
  Time since last request: 0.065102 seconds.
  path: Assets/TranslucentCrystals/Prefabs/Gamma/Crystalsv01.prefab
  artifactKey: Guid(cc0fd657b60ef8c499b057056b948f16) Importer(815301076,1909f56bfc062723c751e8b465ee728b)
Start importing Assets/TranslucentCrystals/Prefabs/Gamma/Crystalsv01.prefab using Guid(cc0fd657b60ef8c499b057056b948f16) Importer(815301076,1909f56bfc062723c751e8b465ee728b)  -> (artifact id: '6377a6a3f90d956d3e0ae6dc86dd8e3f') in 0.023980 seconds 
========================================================================
Received Import Request.
  Time since last request: 0.000305 seconds.
  path: Assets/TranslucentCrystals/Prefabs/Gamma/Crystalsv10.prefab
  artifactKey: Guid(a1b4f5aeb08a9ba409b89043963cc60b) Importer(815301076,1909f56bfc062723c751e8b465ee728b)
Start importing Assets/TranslucentCrystals/Prefabs/Gamma/Crystalsv10.prefab using Guid(a1b4f5aeb08a9ba409b89043963cc60b) Importer(815301076,1909f56bfc062723c751e8b465ee728b)  -> (artifact id: 'b4ee9448f6970e56b1fbf08110ab5ae7') in 0.039961 seconds 
========================================================================
Received Import Request.
  Time since last request: 0.000611 seconds.
  path: Assets/TranslucentCrystals/Prefabs/Gamma/Crystalsv07.prefab
  artifactKey: Guid(18b2841f7a99a5f42be7e5d161545f23) Importer(815301076,1909f56bfc062723c751e8b465ee728b)
Start importing Assets/TranslucentCrystals/Prefabs/Gamma/Crystalsv07.prefab using Guid(18b2841f7a99a5f42be7e5d161545f23) Importer(815301076,1909f56bfc062723c751e8b465ee728b)  -> (artifact id: '4cc6e0ff63b35d5bfc2eb4d8551fd3b8') in 0.029470 seconds 
========================================================================
Received Import Request.
  Time since last request: 0.000353 seconds.
  path: Assets/TranslucentCrystals/Prefabs/Gamma/Crystalsv08.prefab
  artifactKey: Guid(36503447f5372ab4495dd42ec08684df) Importer(815301076,1909f56bfc062723c751e8b465ee728b)
Start importing Assets/TranslucentCrystals/Prefabs/Gamma/Crystalsv08.prefab using Guid(36503447f5372ab4495dd42ec08684df) Importer(815301076,1909f56bfc062723c751e8b465ee728b)  -> (artifact id: '6d652e8cbf012d7d4981d8c1d9be709c') in 0.041275 seconds 
========================================================================
Received Import Request.
  Time since last request: 0.000623 seconds.
  path: Assets/TranslucentCrystals/Prefabs/Gamma/Crystalsv06.prefab
  artifactKey: Guid(6045f6974b7e51f49981f0307cfc82bb) Importer(815301076,1909f56bfc062723c751e8b465ee728b)
Start importing Assets/TranslucentCrystals/Prefabs/Gamma/Crystalsv06.prefab using Guid(6045f6974b7e51f49981f0307cfc82bb) Importer(815301076,1909f56bfc062723c751e8b465ee728b)  -> (artifact id: 'd14913c2355ef664dc8e986e8930a122') in 0.037970 seconds 
========================================================================
Received Import Request.
  Time since last request: 0.000413 seconds.
  path: Assets/TranslucentCrystals/Prefabs/Gamma/Crystalsv02.prefab
  artifactKey: Guid(1435c36dca02dc841a30bfac19f79aa2) Importer(815301076,1909f56bfc062723c751e8b465ee728b)
Start importing Assets/TranslucentCrystals/Prefabs/Gamma/Crystalsv02.prefab using Guid(1435c36dca02dc841a30bfac19f79aa2) Importer(815301076,1909f56bfc062723c751e8b465ee728b)  -> (artifact id: '897caaaf333a2797de95a2d50f669669') in 0.028043 seconds 
========================================================================
Received Import Request.
  Time since last request: 0.000357 seconds.
  path: Assets/TranslucentCrystals/Prefabs/Gamma/Crystalsv09.prefab
  artifactKey: Guid(124fb29879dc61540b6b3c173eeafe39) Importer(815301076,1909f56bfc062723c751e8b465ee728b)
Start importing Assets/TranslucentCrystals/Prefabs/Gamma/Crystalsv09.prefab using Guid(124fb29879dc61540b6b3c173eeafe39) Importer(815301076,1909f56bfc062723c751e8b465ee728b)  -> (artifact id: '9bc7778897674fcfe31e423783da1c8d') in 0.026435 seconds 
========================================================================
Received Import Request.
  Time since last request: 0.000390 seconds.
  path: Assets/TranslucentCrystals/Prefabs/Gamma/Crystalsv05.prefab
  artifactKey: Guid(092df013ff76bd7428d419529e5e81cc) Importer(815301076,1909f56bfc062723c751e8b465ee728b)
Start importing Assets/TranslucentCrystals/Prefabs/Gamma/Crystalsv05.prefab using Guid(092df013ff76bd7428d419529e5e81cc) Importer(815301076,1909f56bfc062723c751e8b465ee728b)  -> (artifact id: 'ecbb0f4b18ce320742bddd52d8b8f83e') in 0.039452 seconds 
========================================================================
Received Import Request.
  Time since last request: 0.000444 seconds.
  path: Assets/TranslucentCrystals/Prefabs/Gamma/Crystalsv04.prefab
  artifactKey: Guid(83c0a85ae9c29184883b2866a6224b0d) Importer(815301076,1909f56bfc062723c751e8b465ee728b)
Start importing Assets/TranslucentCrystals/Prefabs/Gamma/Crystalsv04.prefab using Guid(83c0a85ae9c29184883b2866a6224b0d) Importer(815301076,1909f56bfc062723c751e8b465ee728b)  -> (artifact id: 'de6e8fe945f41a8876a8dc5f4d956ad2') in 0.042673 seconds 
========================================================================
Received Import Request.
  Time since last request: 0.000457 seconds.
  path: Assets/TranslucentCrystals/Prefabs/Gamma/Crystalsv03.prefab
  artifactKey: Guid(df80741be051bc54c85258e839162dd4) Importer(815301076,1909f56bfc062723c751e8b465ee728b)
Start importing Assets/TranslucentCrystals/Prefabs/Gamma/Crystalsv03.prefab using Guid(df80741be051bc54c85258e839162dd4) Importer(815301076,1909f56bfc062723c751e8b465ee728b)  -> (artifact id: '4ed749b9135efb245e9eb212959fdb0f') in 0.032207 seconds 
========================================================================
Received Prepare
Registering precompiled user dll's ...
Registered in 0.005279 seconds.
Begin MonoManager ReloadAssembly
Native extension for WindowsStandalone target not found
Refreshing native plugins compatible for Editor in 1.71 ms, found 5 plugins.
Preloading 1 native plugins for Editor in 0.14 ms.
System.Reflection.TargetInvocationException: Exception has been thrown by the target of an invocation. ---> System.NullReferenceException: Object reference not set to an instance of an object
  at Unity.XR.Oculus.OculusLoader.AssetPathToAbsolutePath (System.String assetPath) [0x00048] in C:\Users\vradmin\Downloads\BFiIE-Spring2022\Library\PackageCache\com.unity.xr.oculus@1.11.2\Runtime\OculusLoader.cs:250 
  at Unity.XR.Oculus.OculusLoader.EditorLoadOVRPlugin () [0x0007b] in C:\Users\vradmin\Downloads\BFiIE-Spring2022\Library\PackageCache\com.unity.xr.oculus@1.11.2\Runtime\OculusLoader.cs:235 
  at (wrapper managed-to-native) System.Reflection.MonoMethod.InternalInvoke(System.Reflection.MonoMethod,object,object[],System.Exception&)
  at System.Reflection.MonoMethod.Invoke (System.Object obj, System.Reflection.BindingFlags invokeAttr, System.Reflection.Binder binder, System.Object[] parameters, System.Globalization.CultureInfo culture) [0x00032] in <695d1cc93cca45069c528c15c9fdd749>:0 
   --- End of inner exception stack trace ---
  at System.Reflection.MonoMethod.Invoke (System.Object obj, System.Reflection.BindingFlags invokeAttr, System.Reflection.Binder binder, System.Object[] parameters, System.Globalization.CultureInfo culture) [0x00048] in <695d1cc93cca45069c528c15c9fdd749>:0 
  at System.Reflection.MethodBase.Invoke (System.Object obj, System.Object[] parameters) [0x00000] in <695d1cc93cca45069c528c15c9fdd749>:0 
  at UnityEditor.EditorAssemblies.ProcessInitializeOnLoadMethodAttributes () [0x00047] in <68089899e4c84456bfc1de3436accf4a>:0 
UnityEngine.StackTraceUtility:ExtractStackTrace ()
UnityEngine.DebugLogHandler:LogFormat (UnityEngine.LogType,UnityEngine.Object,string,object[])
UnityEngine.Logger:Log (UnityEngine.LogType,object)
UnityEngine.Debug:LogError (object)
UnityEditor.EditorAssemblies:ProcessInitializeOnLoadMethodAttributes ()

Mono: successfully reloaded assembly
- Completed reload, in  1.564 seconds
Domain Reload Profiling:
	ReloadAssembly (1565ms)
		BeginReloadAssembly (150ms)
			ExecutionOrderSort (0ms)
			DisableScriptedObjects (4ms)
			BackupInstance (0ms)
			ReleaseScriptingObjects (0ms)
			CreateAndSetChildDomain (42ms)
		EndReloadAssembly (1345ms)
			LoadAssemblies (133ms)
			RebuildTransferFunctionScriptingTraits (0ms)
			SetupTypeCache (345ms)
			ReleaseScriptCaches (2ms)
			RebuildScriptCaches (72ms)
			SetupLoadedEditorAssemblies (718ms)
				LogAssemblyErrors (0ms)
				InitializePlatformSupportModulesInManaged (5ms)
				SetLoadedEditorAssemblies (1ms)
				RefreshPlugins (2ms)
				BeforeProcessingInitializeOnLoad (82ms)
				ProcessInitializeOnLoadAttributes (600ms)
				ProcessInitializeOnLoadMethodAttributes (22ms)
				AfterProcessingInitializeOnLoad (7ms)
				EditorAssembliesLoaded (0ms)
			ExecutionOrderSort2 (0ms)
			AwakeInstancesAfterBackupRestoration (7ms)
Platform modules already initialized, skipping
Refreshing native plugins compatible for Editor in 1.00 ms, found 5 plugins.
Preloading 1 native plugins for Editor in 0.08 ms.
Unloading 3744 Unused Serialized files (Serialized files now loaded: 0)
System memory in use before: 187.4 MB.
System memory in use after: 187.6 MB.

Unloading 16 unused Assets to reduce memory usage. Loaded Objects now: 4393.
Total: 4.003600 ms (FindLiveObjects: 0.326400 ms CreateObjectMapping: 0.154500 ms MarkObjects: 3.369000 ms  DeleteObjects: 0.152800 ms)

AssetImportParameters requested are different than current active one (requested -> active):
  custom:framework-win-MediaFoundation: 216162199b28c13a410421893ffa2e32 -> 
  custom:video-decoder-ogg-theora: a1e56fd34408186e4bbccfd4996cb3dc -> 
  custom:container-muxer-webm: aa71ff27fc2769a1b78a27578f13a17b -> 
  custom:container-demuxer-webm: 4f35f7cbe854078d1ac9338744f61a02 -> 
  custom:container-demuxer-ogg: 62fdf1f143b41e24485cea50d1cbac27 -> 
  custom:video-encoder-webm-vp8: eb34c28f22e8b96e1ab97ce403110664 -> 
  custom:video-decoder-webm-vp8: 9c59270c3fd7afecdb556c50c9e8de78 -> 
  custom:audio-decoder-ogg-vorbis: bf7c407c2cedff20999df2af8eb42d56 -> 
  custom:audio-encoder-webm-vorbis: bf7c407c2cedff20999df2af8eb42d56 -> 
AssetImportWorkerClient::OnTransportError - code=2 error=End of file
