Using pre-set license
Built from '2020.3/staging' branch; Version is '2020.3.30f1 (1fb1bf06830e) revision 2077119'; Using compiler version '192528614'; Build Type 'Release'
OS: 'Windows 10  (10.0.19044) 64bit Core' Language: 'en' Physical Memory: 32710 MB
BatchMode: 1, IsHumanControllingUs: 0, StartBugReporterOnCrash: 0, Is64bit: 1, IsPro: 0

COMMAND LINE ARGUMENTS:
C:\Program Files\Unity\Hub\Editor\2020.3.30f1\Editor\Unity.exe
-adb2
-batchMode
-noUpm
-name
AssetImportWorker0
-projectPath
C:/Users/brian/OneDrive/Desktop/GitHub/BFiIE-Spring2022
-logFile
Logs/AssetImportWorker0.log
-srvPort
60305
Successfully changed project path to: C:/Users/brian/OneDrive/Desktop/GitHub/BFiIE-Spring2022
C:/Users/brian/OneDrive/Desktop/GitHub/BFiIE-Spring2022
Using Asset Import Pipeline V2.
Refreshing native plugins compatible for Editor in 238.68 ms, found 5 plugins.
Preloading 1 native plugins for Editor in 3.24 ms.
Initialize engine version: 2020.3.30f1 (1fb1bf06830e)
[Subsystems] Discovering subsystems at path C:/Program Files/Unity/Hub/Editor/2020.3.30f1/Editor/Data/Resources/UnitySubsystems
[Subsystems] Discovering subsystems at path C:/Users/brian/OneDrive/Desktop/GitHub/BFiIE-Spring2022/Assets
GfxDevice: creating device client; threaded=0
Direct3D:
    Version:  Direct3D 11.0 [level 11.1]
    Renderer: NVIDIA GeForce GTX 1660 Ti (ID=0x2182)
    Vendor:   
    VRAM:     5991 MB
    Driver:   30.0.15.1179
Initialize mono
Mono path[0] = 'C:/Program Files/Unity/Hub/Editor/2020.3.30f1/Editor/Data/Managed'
Mono path[1] = 'C:/Program Files/Unity/Hub/Editor/2020.3.30f1/Editor/Data/MonoBleedingEdge/lib/mono/unityjit'
Mono config path = 'C:/Program Files/Unity/Hub/Editor/2020.3.30f1/Editor/Data/MonoBleedingEdge/etc'
Using monoOptions --debugger-agent=transport=dt_socket,embedding=1,server=y,suspend=n,address=127.0.0.1:56184
Begin MonoManager ReloadAssembly
Registering precompiled unity dll's ...
Register platform support module: C:/Program Files/Unity/Hub/Editor/2020.3.30f1/Editor/Data/PlaybackEngines/WebGLSupport/UnityEditor.WebGL.Extensions.dll
Register platform support module: C:/Program Files/Unity/Hub/Editor/2020.3.30f1/Editor/Data/PlaybackEngines/WindowsStandaloneSupport/UnityEditor.WindowsStandalone.Extensions.dll
Registered in 0.013800 seconds.
Native extension for WindowsStandalone target not found
Native extension for WebGL target not found
Refreshing native plugins compatible for Editor in 136.19 ms, found 5 plugins.
Preloading 1 native plugins for Editor in 0.08 ms.
Mono: successfully reloaded assembly
- Completed reload, in  2.073 seconds
Domain Reload Profiling:
	ReloadAssembly (2073ms)
		BeginReloadAssembly (142ms)
			ExecutionOrderSort (0ms)
			DisableScriptedObjects (0ms)
			BackupInstance (0ms)
			ReleaseScriptingObjects (0ms)
			CreateAndSetChildDomain (1ms)
		EndReloadAssembly (1586ms)
			LoadAssemblies (142ms)
			RebuildTransferFunctionScriptingTraits (0ms)
			SetupTypeCache (319ms)
			ReleaseScriptCaches (0ms)
			RebuildScriptCaches (134ms)
			SetupLoadedEditorAssemblies (855ms)
				LogAssemblyErrors (0ms)
				InitializePlatformSupportModulesInManaged (17ms)
				SetLoadedEditorAssemblies (0ms)
				RefreshPlugins (136ms)
				BeforeProcessingInitializeOnLoad (33ms)
				ProcessInitializeOnLoadAttributes (470ms)
				ProcessInitializeOnLoadMethodAttributes (198ms)
				AfterProcessingInitializeOnLoad (0ms)
				EditorAssembliesLoaded (0ms)
			ExecutionOrderSort2 (0ms)
			AwakeInstancesAfterBackupRestoration (0ms)
Platform modules already initialized, skipping
Registering precompiled user dll's ...
Registered in 0.056749 seconds.
Begin MonoManager ReloadAssembly
Native extension for WindowsStandalone target not found
Native extension for WebGL target not found
Refreshing native plugins compatible for Editor in 92.10 ms, found 5 plugins.
Preloading 1 native plugins for Editor in 0.10 ms.
System.Reflection.TargetInvocationException: Exception has been thrown by the target of an invocation. ---> System.NullReferenceException: Object reference not set to an instance of an object
  at Unity.XR.Oculus.OculusLoader.AssetPathToAbsolutePath (System.String assetPath) [0x0004c] in C:\Users\brian\BFiIE Basic Scenes\Library\PackageCache\com.unity.xr.oculus@1.11.2\Runtime\OculusLoader.cs:250 
  at Unity.XR.Oculus.OculusLoader.EditorLoadOVRPlugin () [0x000b0] in C:\Users\brian\BFiIE Basic Scenes\Library\PackageCache\com.unity.xr.oculus@1.11.2\Runtime\OculusLoader.cs:235 
  at (wrapper managed-to-native) System.Reflection.MonoMethod.InternalInvoke(System.Reflection.MonoMethod,object,object[],System.Exception&)
  at System.Reflection.MonoMethod.Invoke (System.Object obj, System.Reflection.BindingFlags invokeAttr, System.Reflection.Binder binder, System.Object[] parameters, System.Globalization.CultureInfo culture) [0x00032] in <695d1cc93cca45069c528c15c9fdd749>:0 
   --- End of inner exception stack trace ---
  at System.Reflection.MonoMethod.Invoke (System.Object obj, System.Reflection.BindingFlags invokeAttr, System.Reflection.Binder binder, System.Object[] parameters, System.Globalization.CultureInfo culture) [0x00048] in <695d1cc93cca45069c528c15c9fdd749>:0 
  at System.Reflection.MethodBase.Invoke (System.Object obj, System.Object[] parameters) [0x00000] in <695d1cc93cca45069c528c15c9fdd749>:0 
  at UnityEditor.EditorAssemblies.ProcessInitializeOnLoadMethodAttributes () [0x00047] in <68089899e4c84456bfc1de3436accf4a>:0 
UnityEngine.StackTraceUtility:ExtractStackTrace ()
UnityEngine.DebugLogHandler:LogFormat (UnityEngine.LogType,UnityEngine.Object,string,object[])
UnityEngine.Logger:Log (UnityEngine.LogType,object)
UnityEngine.Debug:LogError (object)
UnityEditor.EditorAssemblies:ProcessInitializeOnLoadMethodAttributes ()

Mono: successfully reloaded assembly
- Completed reload, in  1.887 seconds
Domain Reload Profiling:
	ReloadAssembly (1888ms)
		BeginReloadAssembly (422ms)
			ExecutionOrderSort (0ms)
			DisableScriptedObjects (11ms)
			BackupInstance (0ms)
			ReleaseScriptingObjects (1ms)
			CreateAndSetChildDomain (116ms)
		EndReloadAssembly (1397ms)
			LoadAssemblies (182ms)
			RebuildTransferFunctionScriptingTraits (0ms)
			SetupTypeCache (364ms)
			ReleaseScriptCaches (1ms)
			RebuildScriptCaches (101ms)
			SetupLoadedEditorAssemblies (655ms)
				LogAssemblyErrors (0ms)
				InitializePlatformSupportModulesInManaged (8ms)
				SetLoadedEditorAssemblies (0ms)
				RefreshPlugins (92ms)
				BeforeProcessingInitializeOnLoad (154ms)
				ProcessInitializeOnLoadAttributes (372ms)
				ProcessInitializeOnLoadMethodAttributes (21ms)
				AfterProcessingInitializeOnLoad (7ms)
				EditorAssembliesLoaded (0ms)
			ExecutionOrderSort2 (0ms)
			AwakeInstancesAfterBackupRestoration (6ms)
Platform modules already initialized, skipping
========================================================================
Worker process is ready to serve import requests
Launched and connected shader compiler UnityShaderCompiler.exe after 0.09 seconds
Refreshing native plugins compatible for Editor in 0.78 ms, found 5 plugins.
Preloading 1 native plugins for Editor in 0.12 ms.
Unloading 3684 Unused Serialized files (Serialized files now loaded: 0)
System memory in use before: 157.7 MB.
System memory in use after: 157.9 MB.

Unloading 22 unused Assets to reduce memory usage. Loaded Objects now: 4120.
Total: 4.350000 ms (FindLiveObjects: 0.271600 ms CreateObjectMapping: 0.180900 ms MarkObjects: 3.811000 ms  DeleteObjects: 0.085300 ms)

AssetImportParameters requested are different than current active one (requested -> active):
  custom:framework-win-MediaFoundation: 216162199b28c13a410421893ffa2e32 -> 
  custom:video-decoder-ogg-theora: a1e56fd34408186e4bbccfd4996cb3dc -> 
  custom:container-muxer-webm: aa71ff27fc2769a1b78a27578f13a17b -> 
  custom:container-demuxer-webm: 4f35f7cbe854078d1ac9338744f61a02 -> 
  custom:container-demuxer-ogg: 62fdf1f143b41e24485cea50d1cbac27 -> 
  custom:video-encoder-webm-vp8: eb34c28f22e8b96e1ab97ce403110664 -> 
  custom:video-decoder-webm-vp8: 9c59270c3fd7afecdb556c50c9e8de78 -> 
  custom:audio-decoder-ogg-vorbis: bf7c407c2cedff20999df2af8eb42d56 -> 
  custom:audio-encoder-webm-vorbis: bf7c407c2cedff20999df2af8eb42d56 -> 
========================================================================
Received Import Request.
  path: Assets/Scenes/kloppenheim_02_4k.hdr
  artifactKey: Guid(ff1e206690a0e2341829cf9a680971eb) Importer(815301076,1909f56bfc062723c751e8b465ee728b)
Start importing Assets/Scenes/kloppenheim_02_4k.hdr using Guid(ff1e206690a0e2341829cf9a680971eb) Importer(815301076,1909f56bfc062723c751e8b465ee728b)  -> (artifact id: '4af44c54c7d90fdcbc9c1d835cfe8035') in 0.114690 seconds 
========================================================================
Received Import Request.
  Time since last request: 24.219085 seconds.
  path: Assets/Scenes/kloppenheim_02_4k.hdr
  artifactKey: Guid(ff1e206690a0e2341829cf9a680971eb) Importer(815301076,1909f56bfc062723c751e8b465ee728b)
Start importing Assets/Scenes/kloppenheim_02_4k.hdr using Guid(ff1e206690a0e2341829cf9a680971eb) Importer(815301076,1909f56bfc062723c751e8b465ee728b)  -> (artifact id: '458d80e0188db4b571d8a3f022ba16ac') in 0.780139 seconds 
========================================================================
Received Import Request.
  Time since last request: 17.507274 seconds.
  path: Assets/Scenes/New Material.mat
  artifactKey: Guid(519a80735d00895419788db0bfa1cdb8) Importer(815301076,1909f56bfc062723c751e8b465ee728b)
Start importing Assets/Scenes/New Material.mat using Guid(519a80735d00895419788db0bfa1cdb8) Importer(815301076,1909f56bfc062723c751e8b465ee728b)  -> (artifact id: 'dabdf63d3378820b8a4b588c958fc3e2') in 0.183109 seconds 
========================================================================
Received Prepare
Registering precompiled user dll's ...
Registered in 0.006510 seconds.
Begin MonoManager ReloadAssembly
Native extension for WindowsStandalone target not found
Native extension for WebGL target not found
Refreshing native plugins compatible for Editor in 1.12 ms, found 5 plugins.
Preloading 1 native plugins for Editor in 0.17 ms.
System.Reflection.TargetInvocationException: Exception has been thrown by the target of an invocation. ---> System.NullReferenceException: Object reference not set to an instance of an object
  at Unity.XR.Oculus.OculusLoader.AssetPathToAbsolutePath (System.String assetPath) [0x0004c] in C:\Users\brian\BFiIE Basic Scenes\Library\PackageCache\com.unity.xr.oculus@1.11.2\Runtime\OculusLoader.cs:250 
  at Unity.XR.Oculus.OculusLoader.EditorLoadOVRPlugin () [0x000b0] in C:\Users\brian\BFiIE Basic Scenes\Library\PackageCache\com.unity.xr.oculus@1.11.2\Runtime\OculusLoader.cs:235 
  at (wrapper managed-to-native) System.Reflection.MonoMethod.InternalInvoke(System.Reflection.MonoMethod,object,object[],System.Exception&)
  at System.Reflection.MonoMethod.Invoke (System.Object obj, System.Reflection.BindingFlags invokeAttr, System.Reflection.Binder binder, System.Object[] parameters, System.Globalization.CultureInfo culture) [0x00032] in <695d1cc93cca45069c528c15c9fdd749>:0 
   --- End of inner exception stack trace ---
  at System.Reflection.MonoMethod.Invoke (System.Object obj, System.Reflection.BindingFlags invokeAttr, System.Reflection.Binder binder, System.Object[] parameters, System.Globalization.CultureInfo culture) [0x00048] in <695d1cc93cca45069c528c15c9fdd749>:0 
  at System.Reflection.MethodBase.Invoke (System.Object obj, System.Object[] parameters) [0x00000] in <695d1cc93cca45069c528c15c9fdd749>:0 
  at UnityEditor.EditorAssemblies.ProcessInitializeOnLoadMethodAttributes () [0x00047] in <68089899e4c84456bfc1de3436accf4a>:0 
UnityEngine.StackTraceUtility:ExtractStackTrace ()
UnityEngine.DebugLogHandler:LogFormat (UnityEngine.LogType,UnityEngine.Object,string,object[])
UnityEngine.Logger:Log (UnityEngine.LogType,object)
UnityEngine.Debug:LogError (object)
UnityEditor.EditorAssemblies:ProcessInitializeOnLoadMethodAttributes ()

Mono: successfully reloaded assembly
- Completed reload, in  1.584 seconds
Domain Reload Profiling:
	ReloadAssembly (1585ms)
		BeginReloadAssembly (179ms)
			ExecutionOrderSort (0ms)
			DisableScriptedObjects (8ms)
			BackupInstance (0ms)
			ReleaseScriptingObjects (0ms)
			CreateAndSetChildDomain (53ms)
		EndReloadAssembly (1316ms)
			LoadAssemblies (131ms)
			RebuildTransferFunctionScriptingTraits (0ms)
			SetupTypeCache (455ms)
			ReleaseScriptCaches (1ms)
			RebuildScriptCaches (71ms)
			SetupLoadedEditorAssemblies (489ms)
				LogAssemblyErrors (0ms)
				InitializePlatformSupportModulesInManaged (8ms)
				SetLoadedEditorAssemblies (1ms)
				RefreshPlugins (1ms)
				BeforeProcessingInitializeOnLoad (143ms)
				ProcessInitializeOnLoadAttributes (307ms)
				ProcessInitializeOnLoadMethodAttributes (21ms)
				AfterProcessingInitializeOnLoad (8ms)
				EditorAssembliesLoaded (0ms)
			ExecutionOrderSort2 (0ms)
			AwakeInstancesAfterBackupRestoration (17ms)
Platform modules already initialized, skipping
Refreshing native plugins compatible for Editor in 0.73 ms, found 5 plugins.
Preloading 1 native plugins for Editor in 0.09 ms.
Unloading 3560 Unused Serialized files (Serialized files now loaded: 0)
System memory in use before: 155.6 MB.
System memory in use after: 155.8 MB.

Unloading 15 unused Assets to reduce memory usage. Loaded Objects now: 4205.
Total: 4.647900 ms (FindLiveObjects: 0.351700 ms CreateObjectMapping: 0.265700 ms MarkObjects: 3.996800 ms  DeleteObjects: 0.032700 ms)

AssetImportParameters requested are different than current active one (requested -> active):
  custom:framework-win-MediaFoundation: 216162199b28c13a410421893ffa2e32 -> 
  custom:video-decoder-ogg-theora: a1e56fd34408186e4bbccfd4996cb3dc -> 
  custom:container-muxer-webm: aa71ff27fc2769a1b78a27578f13a17b -> 
  custom:container-demuxer-webm: 4f35f7cbe854078d1ac9338744f61a02 -> 
  custom:container-demuxer-ogg: 62fdf1f143b41e24485cea50d1cbac27 -> 
  custom:video-encoder-webm-vp8: eb34c28f22e8b96e1ab97ce403110664 -> 
  custom:video-decoder-webm-vp8: 9c59270c3fd7afecdb556c50c9e8de78 -> 
  custom:audio-decoder-ogg-vorbis: bf7c407c2cedff20999df2af8eb42d56 -> 
  custom:audio-encoder-webm-vorbis: bf7c407c2cedff20999df2af8eb42d56 -> 
========================================================================
Received Import Request.
  Time since last request: 315.975188 seconds.
  path: Assets/Scenes/New Material.mat
  artifactKey: Guid(519a80735d00895419788db0bfa1cdb8) Importer(815301076,1909f56bfc062723c751e8b465ee728b)
Start importing Assets/Scenes/New Material.mat using Guid(519a80735d00895419788db0bfa1cdb8) Importer(815301076,1909f56bfc062723c751e8b465ee728b)  -> (artifact id: '5b24864c7da02022bed324c2f18020bb') in 0.262326 seconds 
========================================================================
Received Prepare
Registering precompiled user dll's ...
Registered in 0.012461 seconds.
Begin MonoManager ReloadAssembly
Native extension for WindowsStandalone target not found
Native extension for WebGL target not found
Refreshing native plugins compatible for Editor in 67.08 ms, found 5 plugins.
Preloading 1 native plugins for Editor in 0.08 ms.
System.Reflection.TargetInvocationException: Exception has been thrown by the target of an invocation. ---> System.NullReferenceException: Object reference not set to an instance of an object
  at Unity.XR.Oculus.OculusLoader.AssetPathToAbsolutePath (System.String assetPath) [0x0004c] in C:\Users\brian\OneDrive\Desktop\GitHub\BFiIE-Spring2022\Library\PackageCache\com.unity.xr.oculus@1.11.2\Runtime\OculusLoader.cs:250 
  at Unity.XR.Oculus.OculusLoader.EditorLoadOVRPlugin () [0x000b0] in C:\Users\brian\OneDrive\Desktop\GitHub\BFiIE-Spring2022\Library\PackageCache\com.unity.xr.oculus@1.11.2\Runtime\OculusLoader.cs:235 
  at (wrapper managed-to-native) System.Reflection.MonoMethod.InternalInvoke(System.Reflection.MonoMethod,object,object[],System.Exception&)
  at System.Reflection.MonoMethod.Invoke (System.Object obj, System.Reflection.BindingFlags invokeAttr, System.Reflection.Binder binder, System.Object[] parameters, System.Globalization.CultureInfo culture) [0x00032] in <695d1cc93cca45069c528c15c9fdd749>:0 
   --- End of inner exception stack trace ---
  at System.Reflection.MonoMethod.Invoke (System.Object obj, System.Reflection.BindingFlags invokeAttr, System.Reflection.Binder binder, System.Object[] parameters, System.Globalization.CultureInfo culture) [0x00048] in <695d1cc93cca45069c528c15c9fdd749>:0 
  at System.Reflection.MethodBase.Invoke (System.Object obj, System.Object[] parameters) [0x00000] in <695d1cc93cca45069c528c15c9fdd749>:0 
  at UnityEditor.EditorAssemblies.ProcessInitializeOnLoadMethodAttributes () [0x00047] in <68089899e4c84456bfc1de3436accf4a>:0 
UnityEngine.StackTraceUtility:ExtractStackTrace ()
UnityEngine.DebugLogHandler:LogFormat (UnityEngine.LogType,UnityEngine.Object,string,object[])
UnityEngine.Logger:Log (UnityEngine.LogType,object)
UnityEngine.Debug:LogError (object)
UnityEditor.EditorAssemblies:ProcessInitializeOnLoadMethodAttributes ()

Mono: successfully reloaded assembly
- Completed reload, in  1.752 seconds
Domain Reload Profiling:
	ReloadAssembly (1753ms)
		BeginReloadAssembly (130ms)
			ExecutionOrderSort (0ms)
			DisableScriptedObjects (7ms)
			BackupInstance (0ms)
			ReleaseScriptingObjects (0ms)
			CreateAndSetChildDomain (41ms)
		EndReloadAssembly (1560ms)
			LoadAssemblies (120ms)
			RebuildTransferFunctionScriptingTraits (0ms)
			SetupTypeCache (323ms)
			ReleaseScriptCaches (1ms)
			RebuildScriptCaches (53ms)
			SetupLoadedEditorAssemblies (891ms)
				LogAssemblyErrors (0ms)
				InitializePlatformSupportModulesInManaged (4ms)
				SetLoadedEditorAssemblies (0ms)
				RefreshPlugins (67ms)
				BeforeProcessingInitializeOnLoad (105ms)
				ProcessInitializeOnLoadAttributes (688ms)
				ProcessInitializeOnLoadMethodAttributes (19ms)
				AfterProcessingInitializeOnLoad (7ms)
				EditorAssembliesLoaded (0ms)
			ExecutionOrderSort2 (0ms)
			AwakeInstancesAfterBackupRestoration (17ms)
Platform modules already initialized, skipping
Refreshing native plugins compatible for Editor in 1.17 ms, found 5 plugins.
Preloading 1 native plugins for Editor in 0.11 ms.
Unloading 3751 Unused Serialized files (Serialized files now loaded: 0)
System memory in use before: 169.2 MB.
System memory in use after: 165.9 MB.

Unloading 55 unused Assets to reduce memory usage. Loaded Objects now: 4406.
Total: 5.300200 ms (FindLiveObjects: 0.271400 ms CreateObjectMapping: 0.173600 ms MarkObjects: 3.465100 ms  DeleteObjects: 1.389200 ms)

AssetImportParameters requested are different than current active one (requested -> active):
  custom:framework-win-MediaFoundation: 216162199b28c13a410421893ffa2e32 -> 
  custom:video-decoder-ogg-theora: a1e56fd34408186e4bbccfd4996cb3dc -> 
  custom:container-muxer-webm: aa71ff27fc2769a1b78a27578f13a17b -> 
  custom:container-demuxer-webm: 4f35f7cbe854078d1ac9338744f61a02 -> 
  custom:container-demuxer-ogg: 62fdf1f143b41e24485cea50d1cbac27 -> 
  custom:video-encoder-webm-vp8: eb34c28f22e8b96e1ab97ce403110664 -> 
  custom:video-decoder-webm-vp8: 9c59270c3fd7afecdb556c50c9e8de78 -> 
  custom:audio-decoder-ogg-vorbis: bf7c407c2cedff20999df2af8eb42d56 -> 
  custom:audio-encoder-webm-vorbis: bf7c407c2cedff20999df2af8eb42d56 -> 
========================================================================
Received Import Request.
  Time since last request: 461.464654 seconds.
  path: Assets/Samples/Terrain Tools
  artifactKey: Guid(15308fe808f02ad45be2316349529961) Importer(815301076,1909f56bfc062723c751e8b465ee728b)
Start importing Assets/Samples/Terrain Tools using Guid(15308fe808f02ad45be2316349529961) Importer(815301076,1909f56bfc062723c751e8b465ee728b)  -> (artifact id: '58454f33ab75194ee12c16f6218f5e40') in 0.013470 seconds 
========================================================================
Received Import Request.
  Time since last request: 0.625630 seconds.
  path: Assets/Samples/Terrain Tools/0.1.0-preview
  artifactKey: Guid(e733a224942cf36479f21fec0f866661) Importer(815301076,1909f56bfc062723c751e8b465ee728b)
Start importing Assets/Samples/Terrain Tools/0.1.0-preview using Guid(e733a224942cf36479f21fec0f866661) Importer(815301076,1909f56bfc062723c751e8b465ee728b)  -> (artifact id: 'f1def12f6848edf173f9e0e696c5dc79') in 0.006574 seconds 
========================================================================
Received Import Request.
  Time since last request: 0.563947 seconds.
  path: Assets/Samples/Terrain Tools/0.1.0-preview/Terrain Assets
  artifactKey: Guid(ca5ae863ab83bfd4a940d21280dc6339) Importer(815301076,1909f56bfc062723c751e8b465ee728b)
Start importing Assets/Samples/Terrain Tools/0.1.0-preview/Terrain Assets using Guid(ca5ae863ab83bfd4a940d21280dc6339) Importer(815301076,1909f56bfc062723c751e8b465ee728b)  -> (artifact id: '8429a5f18a2b2f5c138f76fe839b7f48') in 0.007305 seconds 
========================================================================
Received Import Request.
  Time since last request: 1.522248 seconds.
  path: Assets/Samples/Terrain Tools/0.1.0-preview/Terrain Assets/BrushTextures
  artifactKey: Guid(acfbac3344b07ed4f84ebf0c8828a729) Importer(815301076,1909f56bfc062723c751e8b465ee728b)
Start importing Assets/Samples/Terrain Tools/0.1.0-preview/Terrain Assets/BrushTextures using Guid(acfbac3344b07ed4f84ebf0c8828a729) Importer(815301076,1909f56bfc062723c751e8b465ee728b)  -> (artifact id: '32e6ed0ecd4b65882455e8d7e81510b9') in 0.007060 seconds 
========================================================================
Received Import Request.
  Time since last request: 0.543497 seconds.
  path: Assets/Samples/Terrain Tools/0.1.0-preview/Terrain Assets/TerrainBrushes
  artifactKey: Guid(06d093db78f37314382766fde05acf29) Importer(815301076,1909f56bfc062723c751e8b465ee728b)
Start importing Assets/Samples/Terrain Tools/0.1.0-preview/Terrain Assets/TerrainBrushes using Guid(06d093db78f37314382766fde05acf29) Importer(815301076,1909f56bfc062723c751e8b465ee728b)  -> (artifact id: '1bb7f568629ae9e0b00b6415f57e83eb') in 0.008453 seconds 
========================================================================
Received Import Request.
  Time since last request: 0.549072 seconds.
  path: Assets/Samples/Terrain Tools/0.1.0-preview/Terrain Assets/TerrainLayers
  artifactKey: Guid(8e20acebdea53ef48834fdda56653c96) Importer(815301076,1909f56bfc062723c751e8b465ee728b)
Start importing Assets/Samples/Terrain Tools/0.1.0-preview/Terrain Assets/TerrainLayers using Guid(8e20acebdea53ef48834fdda56653c96) Importer(815301076,1909f56bfc062723c751e8b465ee728b)  -> (artifact id: '0f5040c7f08ae02b605b843930805b24') in 0.010110 seconds 
========================================================================
Received Import Request.
  Time since last request: 0.577452 seconds.
  path: Assets/Samples/Terrain Tools/0.1.0-preview/Terrain Assets/TerrainTextures
  artifactKey: Guid(caa608aed10c4ac40ad6a566f8b777ae) Importer(815301076,1909f56bfc062723c751e8b465ee728b)
Start importing Assets/Samples/Terrain Tools/0.1.0-preview/Terrain Assets/TerrainTextures using Guid(caa608aed10c4ac40ad6a566f8b777ae) Importer(815301076,1909f56bfc062723c751e8b465ee728b)  -> (artifact id: 'e2aac122f32d46133dacda8676a7c5e3') in 0.008729 seconds 
========================================================================
Received Import Request.
  Time since last request: 0.800271 seconds.
  path: Assets/Samples/Terrain Tools/0.1.0-preview/Terrain Assets/TerrainTextures/dirt_albedo.tif
  artifactKey: Guid(7f3df385222f5b1428f6a156037deb5e) Importer(815301076,1909f56bfc062723c751e8b465ee728b)
Start importing Assets/Samples/Terrain Tools/0.1.0-preview/Terrain Assets/TerrainTextures/dirt_albedo.tif using Guid(7f3df385222f5b1428f6a156037deb5e) Importer(815301076,1909f56bfc062723c751e8b465ee728b)  -> (artifact id: '82563204de7af8a2c6f3815038e2548d') in 0.050551 seconds 
========================================================================
Received Import Request.
  Time since last request: 0.000247 seconds.
  path: Assets/Samples/Terrain Tools/0.1.0-preview/Terrain Assets/TerrainTextures/sand_albedo.tif
  artifactKey: Guid(6bcc65b7c6e3a0b448d7801bfc56842f) Importer(815301076,1909f56bfc062723c751e8b465ee728b)
Start importing Assets/Samples/Terrain Tools/0.1.0-preview/Terrain Assets/TerrainTextures/sand_albedo.tif using Guid(6bcc65b7c6e3a0b448d7801bfc56842f) Importer(815301076,1909f56bfc062723c751e8b465ee728b)  -> (artifact id: 'c377578b680645e0668cefe227ff2a8c') in 0.016699 seconds 
========================================================================
Received Import Request.
  Time since last request: 0.000251 seconds.
  path: Assets/Samples/Terrain Tools/0.1.0-preview/Terrain Assets/TerrainTextures/scree_albedo.tif
  artifactKey: Guid(fcd3993703e7d804bb735613d2a5189d) Importer(815301076,1909f56bfc062723c751e8b465ee728b)
Start importing Assets/Samples/Terrain Tools/0.1.0-preview/Terrain Assets/TerrainTextures/scree_albedo.tif using Guid(fcd3993703e7d804bb735613d2a5189d) Importer(815301076,1909f56bfc062723c751e8b465ee728b)  -> (artifact id: '4b98b1f7f81303592b65adb98225950c') in 0.018961 seconds 
========================================================================
Received Import Request.
  Time since last request: 0.000250 seconds.
  path: Assets/Samples/Terrain Tools/0.1.0-preview/Terrain Assets/TerrainTextures/scree_mask.tif
  artifactKey: Guid(e2a486d7d86a7e8469b15e7ae4d004f0) Importer(815301076,1909f56bfc062723c751e8b465ee728b)
Start importing Assets/Samples/Terrain Tools/0.1.0-preview/Terrain Assets/TerrainTextures/scree_mask.tif using Guid(e2a486d7d86a7e8469b15e7ae4d004f0) Importer(815301076,1909f56bfc062723c751e8b465ee728b)  -> (artifact id: 'b3d5d2ad722791490f6e997377e484e4') in 0.022726 seconds 
========================================================================
Received Import Request.
  Time since last request: 0.000188 seconds.
  path: Assets/Samples/Terrain Tools/0.1.0-preview/Terrain Assets/TerrainTextures/snow_mask.tif
  artifactKey: Guid(1a4d9960438e8f242a5155b27813efe9) Importer(815301076,1909f56bfc062723c751e8b465ee728b)
Start importing Assets/Samples/Terrain Tools/0.1.0-preview/Terrain Assets/TerrainTextures/snow_mask.tif using Guid(1a4d9960438e8f242a5155b27813efe9) Importer(815301076,1909f56bfc062723c751e8b465ee728b)  -> (artifact id: 'f242b706b10e747ce6a9148ce0c7e967') in 0.017699 seconds 
========================================================================
Received Import Request.
  Time since last request: 0.000294 seconds.
  path: Assets/Samples/Terrain Tools/0.1.0-preview/Terrain Assets/TerrainTextures/sand_mask.tif
  artifactKey: Guid(58a4a6310bd23844bae88d82f7916059) Importer(815301076,1909f56bfc062723c751e8b465ee728b)
Start importing Assets/Samples/Terrain Tools/0.1.0-preview/Terrain Assets/TerrainTextures/sand_mask.tif using Guid(58a4a6310bd23844bae88d82f7916059) Importer(815301076,1909f56bfc062723c751e8b465ee728b)  -> (artifact id: '507e21565f689e41adf04a665a8f9994') in 0.015692 seconds 
========================================================================
Received Import Request.
  Time since last request: 0.000261 seconds.
  path: Assets/Samples/Terrain Tools/0.1.0-preview/Terrain Assets/TerrainTextures/rock_mask.tif
  artifactKey: Guid(44f7e6aa71506b041ac0a60db8868a44) Importer(815301076,1909f56bfc062723c751e8b465ee728b)
Start importing Assets/Samples/Terrain Tools/0.1.0-preview/Terrain Assets/TerrainTextures/rock_mask.tif using Guid(44f7e6aa71506b041ac0a60db8868a44) Importer(815301076,1909f56bfc062723c751e8b465ee728b)  -> (artifact id: '27da64c826281b9f056e62299c77b222') in 0.020925 seconds 
========================================================================
Received Import Request.
  Time since last request: 0.000200 seconds.
  path: Assets/Samples/Terrain Tools/0.1.0-preview/Terrain Assets/TerrainTextures/snow_normal.tif
  artifactKey: Guid(52f2b70b42682a145b20ea5f04fd6af1) Importer(815301076,1909f56bfc062723c751e8b465ee728b)
Start importing Assets/Samples/Terrain Tools/0.1.0-preview/Terrain Assets/TerrainTextures/snow_normal.tif using Guid(52f2b70b42682a145b20ea5f04fd6af1) Importer(815301076,1909f56bfc062723c751e8b465ee728b)  -> (artifact id: '3878d19d14c8d2235b06c3341495d787') in 0.027513 seconds 
========================================================================
Received Import Request.
  Time since last request: 0.000158 seconds.
  path: Assets/Samples/Terrain Tools/0.1.0-preview/Terrain Assets/TerrainTextures/rock_albedo.tif
  artifactKey: Guid(f7dd726c93b8f17418ea3be3f6768909) Importer(815301076,1909f56bfc062723c751e8b465ee728b)
Start importing Assets/Samples/Terrain Tools/0.1.0-preview/Terrain Assets/TerrainTextures/rock_albedo.tif using Guid(f7dd726c93b8f17418ea3be3f6768909) Importer(815301076,1909f56bfc062723c751e8b465ee728b)  -> (artifact id: '2b2b51ffacbc30aa00e7baf6d0a7ddad') in 0.012844 seconds 
========================================================================
Received Import Request.
  Time since last request: 0.000215 seconds.
  path: Assets/Samples/Terrain Tools/0.1.0-preview/Terrain Assets/TerrainTextures/moss_mask.tif
  artifactKey: Guid(ff77b812a1621e74694371cb173618ef) Importer(815301076,1909f56bfc062723c751e8b465ee728b)
Start importing Assets/Samples/Terrain Tools/0.1.0-preview/Terrain Assets/TerrainTextures/moss_mask.tif using Guid(ff77b812a1621e74694371cb173618ef) Importer(815301076,1909f56bfc062723c751e8b465ee728b)  -> (artifact id: '3a3372287ac31be4e1bc3a78c7a8f3ac') in 0.014035 seconds 
========================================================================
Received Import Request.
  Time since last request: 0.000177 seconds.
  path: Assets/Samples/Terrain Tools/0.1.0-preview/Terrain Assets/TerrainTextures/screen_normal.tif
  artifactKey: Guid(703d1f74c69fc95498dcfd0afe8e1d61) Importer(815301076,1909f56bfc062723c751e8b465ee728b)
Start importing Assets/Samples/Terrain Tools/0.1.0-preview/Terrain Assets/TerrainTextures/screen_normal.tif using Guid(703d1f74c69fc95498dcfd0afe8e1d61) Importer(815301076,1909f56bfc062723c751e8b465ee728b)  -> (artifact id: '68de28636040709854e3198bfe626f1d') in 0.023127 seconds 
========================================================================
Received Import Request.
  Time since last request: 0.000190 seconds.
  path: Assets/Samples/Terrain Tools/0.1.0-preview/Terrain Assets/TerrainTextures/dirt_mask.tif
  artifactKey: Guid(3c6d7b80bcc59ae448166eacd4ad79b0) Importer(815301076,1909f56bfc062723c751e8b465ee728b)
Start importing Assets/Samples/Terrain Tools/0.1.0-preview/Terrain Assets/TerrainTextures/dirt_mask.tif using Guid(3c6d7b80bcc59ae448166eacd4ad79b0) Importer(815301076,1909f56bfc062723c751e8b465ee728b)  -> (artifact id: '9e99a933f890f38447b328d824801911') in 0.016044 seconds 
========================================================================
Received Import Request.
  Time since last request: 0.000179 seconds.
  path: Assets/Samples/Terrain Tools/0.1.0-preview/Terrain Assets/TerrainTextures/dirt_normal.tif
  artifactKey: Guid(1ff4687a05ada474ca7eaf3010a871f6) Importer(815301076,1909f56bfc062723c751e8b465ee728b)
Start importing Assets/Samples/Terrain Tools/0.1.0-preview/Terrain Assets/TerrainTextures/dirt_normal.tif using Guid(1ff4687a05ada474ca7eaf3010a871f6) Importer(815301076,1909f56bfc062723c751e8b465ee728b)  -> (artifact id: '77b9607c8a721b1169f69f025183df5c') in 0.014432 seconds 
========================================================================
Received Import Request.
  Time since last request: 0.000202 seconds.
  path: Assets/Samples/Terrain Tools/0.1.0-preview/Terrain Assets/TerrainTextures/moss_normal.tif
  artifactKey: Guid(67a70a78d678fb649b5c703cd7dc85c1) Importer(815301076,1909f56bfc062723c751e8b465ee728b)
Start importing Assets/Samples/Terrain Tools/0.1.0-preview/Terrain Assets/TerrainTextures/moss_normal.tif using Guid(67a70a78d678fb649b5c703cd7dc85c1) Importer(815301076,1909f56bfc062723c751e8b465ee728b)  -> (artifact id: '71e8e8a7dcc813edfa0bb5e62b4e41cf') in 0.015720 seconds 
========================================================================
Received Import Request.
  Time since last request: 0.000169 seconds.
  path: Assets/Samples/Terrain Tools/0.1.0-preview/Terrain Assets/TerrainTextures/moss_albedo.tif
  artifactKey: Guid(43b54d39e0a4c4d47bef645abec127f1) Importer(815301076,1909f56bfc062723c751e8b465ee728b)
Start importing Assets/Samples/Terrain Tools/0.1.0-preview/Terrain Assets/TerrainTextures/moss_albedo.tif using Guid(43b54d39e0a4c4d47bef645abec127f1) Importer(815301076,1909f56bfc062723c751e8b465ee728b)  -> (artifact id: '71e3fee90b823f7808196419b471b367') in 0.019425 seconds 
========================================================================
Received Import Request.
  Time since last request: 0.000187 seconds.
  path: Assets/Samples/Terrain Tools/0.1.0-preview/Terrain Assets/TerrainTextures/rock_normal.tif
  artifactKey: Guid(f45c3bd09301cc64783afc31dfca026b) Importer(815301076,1909f56bfc062723c751e8b465ee728b)
Start importing Assets/Samples/Terrain Tools/0.1.0-preview/Terrain Assets/TerrainTextures/rock_normal.tif using Guid(f45c3bd09301cc64783afc31dfca026b) Importer(815301076,1909f56bfc062723c751e8b465ee728b)  -> (artifact id: '24c8d5439c5ed36ff68ab57ec18db8c7') in 0.014848 seconds 
========================================================================
Received Import Request.
  Time since last request: 0.000334 seconds.
  path: Assets/Samples/Terrain Tools/0.1.0-preview/Terrain Assets/TerrainTextures/sand_normal.tif
  artifactKey: Guid(dd1ad706663683546b665fd5b0286bbd) Importer(815301076,1909f56bfc062723c751e8b465ee728b)
Start importing Assets/Samples/Terrain Tools/0.1.0-preview/Terrain Assets/TerrainTextures/sand_normal.tif using Guid(dd1ad706663683546b665fd5b0286bbd) Importer(815301076,1909f56bfc062723c751e8b465ee728b)  -> (artifact id: '253a80abe942090e0a8539b52d1ccd27') in 0.014400 seconds 
========================================================================
Received Import Request.
  Time since last request: 0.000175 seconds.
  path: Assets/Samples/Terrain Tools/0.1.0-preview/Terrain Assets/TerrainTextures/snow_albedo.tif
  artifactKey: Guid(0cc0777f7d4a3444380eb084d74396b5) Importer(815301076,1909f56bfc062723c751e8b465ee728b)
Start importing Assets/Samples/Terrain Tools/0.1.0-preview/Terrain Assets/TerrainTextures/snow_albedo.tif using Guid(0cc0777f7d4a3444380eb084d74396b5) Importer(815301076,1909f56bfc062723c751e8b465ee728b)  -> (artifact id: 'ca5c3830e0f2d817b6a606bd9eddfe62') in 0.013857 seconds 
========================================================================
Received Import Request.
  Time since last request: 292.314757 seconds.
  path: Assets/Samples/Terrain Tools/0.1.0-preview/Terrain Assets/TerrainTextures/rock_albedo.tif
  artifactKey: Guid(f7dd726c93b8f17418ea3be3f6768909) Importer(815301076,1909f56bfc062723c751e8b465ee728b)
Start importing Assets/Samples/Terrain Tools/0.1.0-preview/Terrain Assets/TerrainTextures/rock_albedo.tif using Guid(f7dd726c93b8f17418ea3be3f6768909) Importer(815301076,1909f56bfc062723c751e8b465ee728b)  -> (artifact id: '337bc4a232ed64f834f8a1445ea78ae4') in 0.089463 seconds 
========================================================================
Received Import Request.
  Time since last request: 15.148349 seconds.
  path: Assets/Samples/Terrain Tools/0.1.0-preview/Terrain Assets/TerrainTextures/rock_albedo.tif
  artifactKey: Guid(f7dd726c93b8f17418ea3be3f6768909) Importer(815301076,1909f56bfc062723c751e8b465ee728b)
Start importing Assets/Samples/Terrain Tools/0.1.0-preview/Terrain Assets/TerrainTextures/rock_albedo.tif using Guid(f7dd726c93b8f17418ea3be3f6768909) Importer(815301076,1909f56bfc062723c751e8b465ee728b)  -> (artifact id: 'f1a0c697630dd1e582429a86dc27627c') in 0.010199 seconds 
========================================================================
Received Import Request.
  Time since last request: 25.199558 seconds.
  path: Assets/New Terrain 1.asset
  artifactKey: Guid(7e9509d36a0dc4f4784b218dac888c91) Importer(815301076,1909f56bfc062723c751e8b465ee728b)
Start importing Assets/New Terrain 1.asset using Guid(7e9509d36a0dc4f4784b218dac888c91) Importer(815301076,1909f56bfc062723c751e8b465ee728b)  -> (artifact id: 'dbe9a019bfbe26f744268a07f3cbffdd') in 0.023835 seconds 
========================================================================
Received Import Request.
  Time since last request: 0.000269 seconds.
  path: Assets/New Terrain.asset
  artifactKey: Guid(ee368cae0279a1541a936237b13eaf2f) Importer(815301076,1909f56bfc062723c751e8b465ee728b)
Start importing Assets/New Terrain.asset using Guid(ee368cae0279a1541a936237b13eaf2f) Importer(815301076,1909f56bfc062723c751e8b465ee728b)  -> (artifact id: 'fcefc14d9cbe62fa6d791a422a68405b') in 0.012092 seconds 
========================================================================
Received Import Request.
  Time since last request: 156.024655 seconds.
  path: Assets/Samples/Terrain Tools/0.1.0-preview/Terrain Assets/TerrainTextures/New Terrain Material.mat
  artifactKey: Guid(06cc2b4270719574cb615609dd5121fb) Importer(815301076,1909f56bfc062723c751e8b465ee728b)
Start importing Assets/Samples/Terrain Tools/0.1.0-preview/Terrain Assets/TerrainTextures/New Terrain Material.mat using Guid(06cc2b4270719574cb615609dd5121fb) Importer(815301076,1909f56bfc062723c751e8b465ee728b)  -> (artifact id: '3bf8b404ed8eed722fe04843aa00c5c2') in 0.142149 seconds 
========================================================================
Received Import Request.
  Time since last request: 23.145850 seconds.
  path: Assets/Samples/Terrain Tools/0.1.0-preview/Terrain Assets/TerrainTextures/Materials/moss_mask.mat
  artifactKey: Guid(ce0ffac4ea644024d8e737a5ca0acbd7) Importer(815301076,1909f56bfc062723c751e8b465ee728b)
Start importing Assets/Samples/Terrain Tools/0.1.0-preview/Terrain Assets/TerrainTextures/Materials/moss_mask.mat using Guid(ce0ffac4ea644024d8e737a5ca0acbd7) Importer(815301076,1909f56bfc062723c751e8b465ee728b)  -> (artifact id: '2550e33a8765b15027012aa444c4aee1') in 0.018556 seconds 
========================================================================
Received Import Request.
  Time since last request: 1.965661 seconds.
  path: Assets/ExampleAssets/Textures/Wood/Materials/Plywood_Albedo.mat
  artifactKey: Guid(69cebcaf64cc6f04ab652f26a831a3e0) Importer(815301076,1909f56bfc062723c751e8b465ee728b)
Start importing Assets/ExampleAssets/Textures/Wood/Materials/Plywood_Albedo.mat using Guid(69cebcaf64cc6f04ab652f26a831a3e0) Importer(815301076,1909f56bfc062723c751e8b465ee728b)  -> (artifact id: '12ff435bc4e95f5c0e8b98aa57ac9fba') in 0.023421 seconds 
========================================================================
Received Import Request.
  Time since last request: 0.000260 seconds.
  path: Assets/Samples/Terrain Tools/0.1.0-preview/Terrain Assets/TerrainTextures/Materials/rock_albedo 2.mat
  artifactKey: Guid(2c954ea2a924cf043a06c8788e6df90c) Importer(815301076,1909f56bfc062723c751e8b465ee728b)
Start importing Assets/Samples/Terrain Tools/0.1.0-preview/Terrain Assets/TerrainTextures/Materials/rock_albedo 2.mat using Guid(2c954ea2a924cf043a06c8788e6df90c) Importer(815301076,1909f56bfc062723c751e8b465ee728b)  -> (artifact id: 'c7e8b3c3f5b2c3091645721969463551') in 0.018257 seconds 
========================================================================
Received Import Request.
  Time since last request: 0.000398 seconds.
  path: Assets/Samples/Terrain Tools/0.1.0-preview/Terrain Assets/TerrainTextures/Materials/rock_normal.mat
  artifactKey: Guid(581d85b91267cec47acb3ae0f0bef59e) Importer(815301076,1909f56bfc062723c751e8b465ee728b)
Start importing Assets/Samples/Terrain Tools/0.1.0-preview/Terrain Assets/TerrainTextures/Materials/rock_normal.mat using Guid(581d85b91267cec47acb3ae0f0bef59e) Importer(815301076,1909f56bfc062723c751e8b465ee728b)  -> (artifact id: '8c9de9b14457bab0e6aed39357c88bb7') in 0.015078 seconds 
========================================================================
Received Import Request.
  Time since last request: 0.000247 seconds.
  path: Assets/Samples/Terrain Tools/0.1.0-preview/Terrain Assets/TerrainTextures/Materials/rock_albedo 1.mat
  artifactKey: Guid(b99fbea7509466f4dba5c08fbcb52fdc) Importer(815301076,1909f56bfc062723c751e8b465ee728b)
Start importing Assets/Samples/Terrain Tools/0.1.0-preview/Terrain Assets/TerrainTextures/Materials/rock_albedo 1.mat using Guid(b99fbea7509466f4dba5c08fbcb52fdc) Importer(815301076,1909f56bfc062723c751e8b465ee728b)  -> (artifact id: 'c5cb7f736ab897ac0a972fb2507749b7') in 0.015377 seconds 
========================================================================
Received Import Request.
  Time since last request: 0.000225 seconds.
  path: Assets/Samples/Terrain Tools/0.1.0-preview/Terrain Assets/TerrainTextures/Materials/rock_albedo.mat
  artifactKey: Guid(3cf5bfa1e1da81542a519ceb355a5126) Importer(815301076,1909f56bfc062723c751e8b465ee728b)
Start importing Assets/Samples/Terrain Tools/0.1.0-preview/Terrain Assets/TerrainTextures/Materials/rock_albedo.mat using Guid(3cf5bfa1e1da81542a519ceb355a5126) Importer(815301076,1909f56bfc062723c751e8b465ee728b)  -> (artifact id: '7d4dd155ddd01c86b762808354eab456') in 0.009711 seconds 
========================================================================
Received Import Request.
  Time since last request: 16.550654 seconds.
  path: Assets/Samples/Terrain Tools/0.1.0-preview/Terrain Assets/TerrainTextures/Materials
  artifactKey: Guid(932c2a2abbc2d3e46aa67e40caffc4ef) Importer(815301076,1909f56bfc062723c751e8b465ee728b)
Start importing Assets/Samples/Terrain Tools/0.1.0-preview/Terrain Assets/TerrainTextures/Materials using Guid(932c2a2abbc2d3e46aa67e40caffc4ef) Importer(815301076,1909f56bfc062723c751e8b465ee728b)  -> (artifact id: '49b749581c65976042b207464e26f920') in 0.006646 seconds 
========================================================================
Received Import Request.
  Time since last request: 66.992633 seconds.
  path: Assets/Samples/Terrain Tools/0.1.0-preview/Terrain Assets/TerrainTextures/New Material.mat
  artifactKey: Guid(177e9592bf3271746ab737b431f11ad2) Importer(815301076,1909f56bfc062723c751e8b465ee728b)
Start importing Assets/Samples/Terrain Tools/0.1.0-preview/Terrain Assets/TerrainTextures/New Material.mat using Guid(177e9592bf3271746ab737b431f11ad2) Importer(815301076,1909f56bfc062723c751e8b465ee728b)  -> (artifact id: '50d925c722c3b7d77d5cd97e84bf39ee') in 0.017157 seconds 
========================================================================
Received Import Request.
  Time since last request: 0.076011 seconds.
  path: Assets/Samples/Terrain Tools/0.1.0-preview/Terrain Assets/TerrainTextures/New Material.mat
  artifactKey: Guid(177e9592bf3271746ab737b431f11ad2) Importer(815301076,1909f56bfc062723c751e8b465ee728b)
Start importing Assets/Samples/Terrain Tools/0.1.0-preview/Terrain Assets/TerrainTextures/New Material.mat using Guid(177e9592bf3271746ab737b431f11ad2) Importer(815301076,1909f56bfc062723c751e8b465ee728b)  -> (artifact id: '1d67f73afe23b6412fecc697300dfdec') in 0.010712 seconds 
========================================================================
Received Import Request.
  Time since last request: 131.972988 seconds.
  path: Assets/Samples/Terrain Tools/0.1.0-preview/Terrain Assets/TerrainBrushes/terrainstamp_erode02.brush
  artifactKey: Guid(b4f1a8962849d1e418cbb0637143dc00) Importer(815301076,1909f56bfc062723c751e8b465ee728b)
Start importing Assets/Samples/Terrain Tools/0.1.0-preview/Terrain Assets/TerrainBrushes/terrainstamp_erode02.brush using Guid(b4f1a8962849d1e418cbb0637143dc00) Importer(815301076,1909f56bfc062723c751e8b465ee728b)  -> (artifact id: 'c24b16525c44b8b0981acbeb99e601a2') in 0.025610 seconds 
========================================================================
Received Import Request.
  Time since last request: 1.124582 seconds.
  path: Assets/Samples/Terrain Tools/0.1.0-preview/Terrain Assets/TerrainBrushes/terrainstamp_plateau01.brush
  artifactKey: Guid(bb325d04c0ca0dd4a85a78892caa83fc) Importer(815301076,1909f56bfc062723c751e8b465ee728b)
Start importing Assets/Samples/Terrain Tools/0.1.0-preview/Terrain Assets/TerrainBrushes/terrainstamp_plateau01.brush using Guid(bb325d04c0ca0dd4a85a78892caa83fc) Importer(815301076,1909f56bfc062723c751e8b465ee728b)  -> (artifact id: '10bfb6dede5624747d3359602b18e15e') in 0.013372 seconds 
========================================================================
Received Import Request.
  Time since last request: 1.217261 seconds.
  path: Assets/Samples/Terrain Tools/0.1.0-preview/Terrain Assets/TerrainBrushes/terrainstamp_flatmountain01.brush
  artifactKey: Guid(5ca44fb774755d14f93870431e58a1e2) Importer(815301076,1909f56bfc062723c751e8b465ee728b)
Start importing Assets/Samples/Terrain Tools/0.1.0-preview/Terrain Assets/TerrainBrushes/terrainstamp_flatmountain01.brush using Guid(5ca44fb774755d14f93870431e58a1e2) Importer(815301076,1909f56bfc062723c751e8b465ee728b)  -> (artifact id: '6a776dbf1b3751f41ee6cc7c82ae68f9') in 0.017468 seconds 
========================================================================
Received Prepare
Registering precompiled user dll's ...
Registered in 0.005500 seconds.
Begin MonoManager ReloadAssembly
Native extension for WindowsStandalone target not found
Native extension for WebGL target not found
Refreshing native plugins compatible for Editor in 1.17 ms, found 5 plugins.
Preloading 1 native plugins for Editor in 0.15 ms.
System.Reflection.TargetInvocationException: Exception has been thrown by the target of an invocation. ---> System.NullReferenceException: Object reference not set to an instance of an object
  at Unity.XR.Oculus.OculusLoader.AssetPathToAbsolutePath (System.String assetPath) [0x0004c] in C:\Users\brian\OneDrive\Desktop\GitHub\BFiIE-Spring2022\Library\PackageCache\com.unity.xr.oculus@1.11.2\Runtime\OculusLoader.cs:250 
  at Unity.XR.Oculus.OculusLoader.EditorLoadOVRPlugin () [0x000b0] in C:\Users\brian\OneDrive\Desktop\GitHub\BFiIE-Spring2022\Library\PackageCache\com.unity.xr.oculus@1.11.2\Runtime\OculusLoader.cs:235 
  at (wrapper managed-to-native) System.Reflection.MonoMethod.InternalInvoke(System.Reflection.MonoMethod,object,object[],System.Exception&)
  at System.Reflection.MonoMethod.Invoke (System.Object obj, System.Reflection.BindingFlags invokeAttr, System.Reflection.Binder binder, System.Object[] parameters, System.Globalization.CultureInfo culture) [0x00032] in <695d1cc93cca45069c528c15c9fdd749>:0 
   --- End of inner exception stack trace ---
  at System.Reflection.MonoMethod.Invoke (System.Object obj, System.Reflection.BindingFlags invokeAttr, System.Reflection.Binder binder, System.Object[] parameters, System.Globalization.CultureInfo culture) [0x00048] in <695d1cc93cca45069c528c15c9fdd749>:0 
  at System.Reflection.MethodBase.Invoke (System.Object obj, System.Object[] parameters) [0x00000] in <695d1cc93cca45069c528c15c9fdd749>:0 
  at UnityEditor.EditorAssemblies.ProcessInitializeOnLoadMethodAttributes () [0x00047] in <68089899e4c84456bfc1de3436accf4a>:0 
UnityEngine.StackTraceUtility:ExtractStackTrace ()
UnityEngine.DebugLogHandler:LogFormat (UnityEngine.LogType,UnityEngine.Object,string,object[])
UnityEngine.Logger:Log (UnityEngine.LogType,object)
UnityEngine.Debug:LogError (object)
UnityEditor.EditorAssemblies:ProcessInitializeOnLoadMethodAttributes ()

Mono: successfully reloaded assembly
- Completed reload, in  2.065 seconds
Domain Reload Profiling:
	ReloadAssembly (2068ms)
		BeginReloadAssembly (160ms)
			ExecutionOrderSort (0ms)
			DisableScriptedObjects (9ms)
			BackupInstance (0ms)
			ReleaseScriptingObjects (0ms)
			CreateAndSetChildDomain (56ms)
		EndReloadAssembly (1836ms)
			LoadAssemblies (126ms)
			RebuildTransferFunctionScriptingTraits (0ms)
			SetupTypeCache (405ms)
			ReleaseScriptCaches (1ms)
			RebuildScriptCaches (62ms)
			SetupLoadedEditorAssemblies (1076ms)
				LogAssemblyErrors (0ms)
				InitializePlatformSupportModulesInManaged (6ms)
				SetLoadedEditorAssemblies (1ms)
				RefreshPlugins (1ms)
				BeforeProcessingInitializeOnLoad (140ms)
				ProcessInitializeOnLoadAttributes (897ms)
				ProcessInitializeOnLoadMethodAttributes (23ms)
				AfterProcessingInitializeOnLoad (8ms)
				EditorAssembliesLoaded (0ms)
			ExecutionOrderSort2 (0ms)
			AwakeInstancesAfterBackupRestoration (25ms)
Platform modules already initialized, skipping
Refreshing native plugins compatible for Editor in 0.75 ms, found 5 plugins.
Preloading 1 native plugins for Editor in 0.09 ms.
Unloading 3756 Unused Serialized files (Serialized files now loaded: 0)
System memory in use before: 171.3 MB.
System memory in use after: 167.9 MB.

Unloading 55 unused Assets to reduce memory usage. Loaded Objects now: 4460.
Total: 6.636700 ms (FindLiveObjects: 0.571200 ms CreateObjectMapping: 0.296800 ms MarkObjects: 4.250500 ms  DeleteObjects: 1.516400 ms)

AssetImportParameters requested are different than current active one (requested -> active):
  custom:framework-win-MediaFoundation: 216162199b28c13a410421893ffa2e32 -> 
  custom:video-decoder-ogg-theora: a1e56fd34408186e4bbccfd4996cb3dc -> 
  custom:container-muxer-webm: aa71ff27fc2769a1b78a27578f13a17b -> 
  custom:container-demuxer-webm: 4f35f7cbe854078d1ac9338744f61a02 -> 
  custom:container-demuxer-ogg: 62fdf1f143b41e24485cea50d1cbac27 -> 
  custom:video-encoder-webm-vp8: eb34c28f22e8b96e1ab97ce403110664 -> 
  custom:video-decoder-webm-vp8: 9c59270c3fd7afecdb556c50c9e8de78 -> 
  custom:audio-decoder-ogg-vorbis: bf7c407c2cedff20999df2af8eb42d56 -> 
  custom:audio-encoder-webm-vorbis: bf7c407c2cedff20999df2af8eb42d56 -> 
